#
# There is insufficient memory for the Java Runtime Environment to continue.
# Native memory allocation (malloc) failed to allocate 71824 bytes for Chunk::new
# Possible reasons:
#   The system is out of physical RAM or swap space
#   The process is running with CompressedOops enabled, and the Java Heap may be blocking the growth of the native heap
# Possible solutions:
#   Reduce memory load on the system
#   Increase physical memory or swap space
#   Check if swap backing store is full
#   Decrease Java heap size (-Xmx/-Xms)
#   Decrease number of Java threads
#   Decrease Java thread stack sizes (-Xss)
#   Set larger code cache with -XX:ReservedCodeCacheSize=
#   JVM is running with Unscaled Compressed Oops mode in which the Java heap is
#     placed in the first 4GB address space. The Java Heap base address is the
#     maximum limit for the native heap growth. Please use -XX:HeapBaseMinAddress
#     to set the Java Heap base and to place the Java Heap above 4GB virtual address.
# This output file may be truncated or incomplete.
#
#  Out of Memory Error (arena.cpp:189), pid=182596, tid=133944
#
# JRE version: OpenJDK Runtime Environment Temurin-17.0.7+7 (17.0.7+7) (build 17.0.7+7)
# Java VM: OpenJDK 64-Bit Server VM Temurin-17.0.7+7 (17.0.7+7, mixed mode, tiered, compressed oops, compressed class ptrs, g1 gc, windows-amd64)
# No core dump will be written. Minidumps are not enabled by default on client versions of Windows
#

---------------  S U M M A R Y ------------

Command Line: -ea -Dfile.encoding=UTF-8 -XX:+ShowCodeDetailsInExceptionMessages org.testng.remote.RemoteTestNG -serport 52267 -protocol json -d C:\eclipse workspace\WebDriver\test-output C:\Users\MROKES~1\AppData\Local\Temp\testng-eclipse--881991763\testng-customsuite.xml

Host: 11th Gen Intel(R) Core(TM) i3-1115G4 @ 3.00GHz, 4 cores, 7G,  Windows 11 , 64 bit Build 22000 (10.0.22000.1335)
Time: Thu Jul  6 16:11:51 2023 India Standard Time elapsed time: 21.025802 seconds (0d 0h 0m 21s)

---------------  T H R E A D  ---------------

Current thread (0x000001e6ad31c550):  JavaThread "C2 CompilerThread0" daemon [_thread_in_native, id=133944, stack(0x0000004fdd600000,0x0000004fdd700000)]


Current CompileTask:
C2:  21025 2692       4       java.util.HashMap::resize (356 bytes)

Stack: [0x0000004fdd600000,0x0000004fdd700000]
Native frames: (J=compiled Java code, j=interpreted, Vv=VM code, C=native code)
V  [jvm.dll+0x67754a]
V  [jvm.dll+0x834304]
V  [jvm.dll+0x835aae]
V  [jvm.dll+0x836113]
V  [jvm.dll+0x24696f]
V  [jvm.dll+0xac0ac]
V  [jvm.dll+0xac67c]
V  [jvm.dll+0x364e37]
V  [jvm.dll+0x1bc895]
V  [jvm.dll+0x219799]
V  [jvm.dll+0x218a61]
V  [jvm.dll+0x1a4d8d]
V  [jvm.dll+0x2284da]
V  [jvm.dll+0x226615]
V  [jvm.dll+0x7ea90b]
V  [jvm.dll+0x7e4e7a]
V  [jvm.dll+0x676395]
C  [ucrtbase.dll+0x26c0c]
C  [KERNEL32.DLL+0x155a0]
C  [ntdll.dll+0x485b]


---------------  P R O C E S S  ---------------

Threads class SMR info:
_java_thread_list=0x000001e6b2f13650, length=19, elements={
0x000001e693ce40e0, 0x000001e6ad2cc430, 0x000001e6ad2cd780, 0x000001e6ad318e00,
0x000001e6ad3196c0, 0x000001e6ad31a720, 0x000001e6ad31b0d0, 0x000001e6ad31c550,
0x000001e6ad48f610, 0x000001e6ad4b8b20, 0x000001e6ad5b07e0, 0x000001e6ad5cd250,
0x000001e6b28eb0d0, 0x000001e6b2d77740, 0x000001e6b2d19bf0, 0x000001e6b2d1a0c0,
0x000001e6b2fbb050, 0x000001e6b2e5a210, 0x000001e6b2e58ed0
}

Java Threads: ( => current thread )
  0x000001e693ce40e0 JavaThread "Forwarding findElement on session bc3b89f28d6a5a680d11b80b71c9c15d to remote" [_thread_in_native, id=179268, stack(0x0000004fdc900000,0x0000004fdca00000)]
  0x000001e6ad2cc430 JavaThread "Reference Handler" daemon [_thread_blocked, id=178852, stack(0x0000004fdd000000,0x0000004fdd100000)]
  0x000001e6ad2cd780 JavaThread "Finalizer" daemon [_thread_blocked, id=29904, stack(0x0000004fdd100000,0x0000004fdd200000)]
  0x000001e6ad318e00 JavaThread "Signal Dispatcher" daemon [_thread_blocked, id=20944, stack(0x0000004fdd200000,0x0000004fdd300000)]
  0x000001e6ad3196c0 JavaThread "Attach Listener" daemon [_thread_blocked, id=167876, stack(0x0000004fdd300000,0x0000004fdd400000)]
  0x000001e6ad31a720 JavaThread "Service Thread" daemon [_thread_blocked, id=189172, stack(0x0000004fdd400000,0x0000004fdd500000)]
  0x000001e6ad31b0d0 JavaThread "Monitor Deflation Thread" daemon [_thread_blocked, id=145244, stack(0x0000004fdd500000,0x0000004fdd600000)]
=>0x000001e6ad31c550 JavaThread "C2 CompilerThread0" daemon [_thread_in_native, id=133944, stack(0x0000004fdd600000,0x0000004fdd700000)]
  0x000001e6ad48f610 JavaThread "C1 CompilerThread0" daemon [_thread_blocked, id=186676, stack(0x0000004fdd700000,0x0000004fdd800000)]
  0x000001e6ad4b8b20 JavaThread "Sweeper thread" daemon [_thread_blocked, id=96892, stack(0x0000004fdd800000,0x0000004fdd900000)]
  0x000001e6ad5b07e0 JavaThread "Notification Thread" daemon [_thread_blocked, id=191688, stack(0x0000004fdd900000,0x0000004fdda00000)]
  0x000001e6ad5cd250 JavaThread "Common-Cleaner" daemon [_thread_blocked, id=194164, stack(0x0000004fddb00000,0x0000004fddc00000)]
  0x000001e6b28eb0d0 JavaThread "ReaderThread" [_thread_in_native, id=88128, stack(0x0000004fde000000,0x0000004fde100000)]
  0x000001e6b2d77740 JavaThread "Exec Default Executor" daemon [_thread_in_native, id=29180, stack(0x0000004fde100000,0x0000004fde200000)]
  0x000001e6b2d19bf0 JavaThread "UrlChecker-2" daemon [_thread_blocked, id=152640, stack(0x0000004fde200000,0x0000004fde300000)]
  0x000001e6b2d1a0c0 JavaThread "Exec Stream Pumper" daemon [_thread_in_native, id=91620, stack(0x0000004fde300000,0x0000004fde400000)]
  0x000001e6b2fbb050 JavaThread "Exec Stream Pumper" daemon [_thread_in_native, id=43948, stack(0x0000004fde400000,0x0000004fde500000)]
  0x000001e6b2e5a210 JavaThread "OkHttp ConnectionPool" daemon [_thread_blocked, id=180500, stack(0x0000004fde600000,0x0000004fde700000)]
  0x000001e6b2e58ed0 JavaThread "Okio Watchdog" daemon [_thread_blocked, id=163488, stack(0x0000004fde700000,0x0000004fde800000)]

Other Threads:
  0x000001e6ad2f52e0 VMThread "VM Thread" [stack: 0x0000004fdcf00000,0x0000004fdd000000] [id=185420]
  0x000001e693d5b360 WatcherThread [stack: 0x0000004fdda00000,0x0000004fddb00000] [id=98824]
  0x000001e693d40aa0 GCTaskThread "GC Thread#0" [stack: 0x0000004fdca00000,0x0000004fdcb00000] [id=151152]
  0x000001e6b22ab0a0 GCTaskThread "GC Thread#1" [stack: 0x0000004fddc00000,0x0000004fddd00000] [id=108804]
  0x000001e6b22ab350 GCTaskThread "GC Thread#2" [stack: 0x0000004fddd00000,0x0000004fdde00000] [id=104060]
  0x000001e6b2738ea0 GCTaskThread "GC Thread#3" [stack: 0x0000004fdde00000,0x0000004fddf00000] [id=169864]
  0x000001e693d51ca0 ConcurrentGCThread "G1 Main Marker" [stack: 0x0000004fdcb00000,0x0000004fdcc00000] [id=185392]
  0x000001e693d536c0 ConcurrentGCThread "G1 Conc#0" [stack: 0x0000004fdcc00000,0x0000004fdcd00000] [id=193172]
  0x000001e6ad1400a0 ConcurrentGCThread "G1 Refine#0" [stack: 0x0000004fdcd00000,0x0000004fdce00000] [id=185752]
  0x000001e6ad141970 ConcurrentGCThread "G1 Service" [stack: 0x0000004fdce00000,0x0000004fdcf00000] [id=187660]

Threads with active compile tasks:
C2 CompilerThread0    21055 2692       4       java.util.HashMap::resize (356 bytes)

VM state: not at safepoint (normal execution)

VM Mutex/Monitor currently owned by a thread: None

Heap address: 0x0000000083200000, size: 1998 MB, Compressed Oops mode: 32-bit

CDS archive(s) not mapped
Compressed class space mapped at: 0x0000000100000000-0x0000000140000000, reserved size: 1073741824
Narrow klass base: 0x0000000000000000, Narrow klass shift: 3, Narrow klass range: 0x140000000

GC Precious Log:
 CPUs: 4 total, 4 available
 Memory: 7991M
 Large Page Support: Disabled
 NUMA Support: Disabled
 Compressed Oops: Enabled (32-bit)
 Heap Region Size: 1M
 Heap Min Capacity: 8M
 Heap Initial Capacity: 126M
 Heap Max Capacity: 1998M
 Pre-touch: Disabled
 Parallel Workers: 4
 Concurrent Workers: 1
 Concurrent Refinement Workers: 4
 Periodic GC: Disabled

Heap:
 garbage-first heap   total 78848K, used 27898K [0x0000000083200000, 0x0000000100000000)
  region size 1024K, 18 young (18432K), 1 survivors (1024K)
 Metaspace       used 30747K, committed 31040K, reserved 1114112K
  class space    used 3463K, committed 3584K, reserved 1048576K

Heap Regions: E=young(eden), S=young(survivor), O=old, HS=humongous(starts), HC=humongous(continues), CS=collection set, F=free, OA=open archive, CA=closed archive, TAMS=top-at-mark-start (previous, next)
|   0|0x0000000083200000, 0x0000000083300000, 0x0000000083300000|100%| O|  |TAMS 0x0000000083300000, 0x0000000083200000| Untracked 
|   1|0x0000000083300000, 0x0000000083400000, 0x0000000083400000|100%| O|  |TAMS 0x0000000083400000, 0x0000000083300000| Untracked 
|   2|0x0000000083400000, 0x0000000083500000, 0x0000000083500000|100%| O|  |TAMS 0x0000000083500000, 0x0000000083400000| Untracked 
|   3|0x0000000083500000, 0x00000000835ce600, 0x0000000083600000| 80%| O|  |TAMS 0x0000000083500000, 0x0000000083500000| Untracked 
|   4|0x0000000083600000, 0x0000000083700000, 0x0000000083700000|100%| O|  |TAMS 0x0000000083600000, 0x0000000083600000| Untracked 
|   5|0x0000000083700000, 0x0000000083800000, 0x0000000083800000|100%| O|  |TAMS 0x0000000083700000, 0x0000000083700000| Untracked 
|   6|0x0000000083800000, 0x0000000083900000, 0x0000000083900000|100%| O|  |TAMS 0x0000000083800000, 0x0000000083800000| Untracked 
|   7|0x0000000083900000, 0x0000000083a00000, 0x0000000083a00000|100%| O|  |TAMS 0x0000000083900000, 0x0000000083900000| Untracked 
|   8|0x0000000083a00000, 0x0000000083b00000, 0x0000000083b00000|100%| O|  |TAMS 0x0000000083a00000, 0x0000000083a00000| Untracked 
|   9|0x0000000083b00000, 0x0000000083b00000, 0x0000000083c00000|  0%| F|  |TAMS 0x0000000083b00000, 0x0000000083b00000| Untracked 
|  10|0x0000000083c00000, 0x0000000083c00000, 0x0000000083d00000|  0%| F|  |TAMS 0x0000000083c00000, 0x0000000083c00000| Untracked 
|  11|0x0000000083d00000, 0x0000000083e00000, 0x0000000083e00000|100%| O|  |TAMS 0x0000000083d00000, 0x0000000083d00000| Untracked 
|  12|0x0000000083e00000, 0x0000000083f00000, 0x0000000083f00000|100%| O|  |TAMS 0x0000000083e00000, 0x0000000083e00000| Untracked 
|  13|0x0000000083f00000, 0x0000000083f00000, 0x0000000084000000|  0%| F|  |TAMS 0x0000000083f00000, 0x0000000083f00000| Untracked 
|  14|0x0000000084000000, 0x0000000084000000, 0x0000000084100000|  0%| F|  |TAMS 0x0000000084000000, 0x0000000084000000| Untracked 
|  15|0x0000000084100000, 0x0000000084100000, 0x0000000084200000|  0%| F|  |TAMS 0x0000000084100000, 0x0000000084100000| Untracked 
|  16|0x0000000084200000, 0x0000000084200000, 0x0000000084300000|  0%| F|  |TAMS 0x0000000084200000, 0x0000000084200000| Untracked 
|  17|0x0000000084300000, 0x0000000084300000, 0x0000000084400000|  0%| F|  |TAMS 0x0000000084300000, 0x0000000084300000| Untracked 
|  18|0x0000000084400000, 0x0000000084400000, 0x0000000084500000|  0%| F|  |TAMS 0x0000000084400000, 0x0000000084400000| Untracked 
|  19|0x0000000084500000, 0x0000000084570300, 0x0000000084600000| 43%| S|CS|TAMS 0x0000000084500000, 0x0000000084500000| Complete 
|  20|0x0000000084600000, 0x0000000084600000, 0x0000000084700000|  0%| F|  |TAMS 0x0000000084600000, 0x0000000084600000| Untracked 
|  21|0x0000000084700000, 0x0000000084700000, 0x0000000084800000|  0%| F|  |TAMS 0x0000000084700000, 0x0000000084700000| Untracked 
|  22|0x0000000084800000, 0x0000000084800000, 0x0000000084900000|  0%| F|  |TAMS 0x0000000084800000, 0x0000000084800000| Untracked 
|  23|0x0000000084900000, 0x0000000084900000, 0x0000000084a00000|  0%| F|  |TAMS 0x0000000084900000, 0x0000000084900000| Untracked 
|  24|0x0000000084a00000, 0x0000000084a00000, 0x0000000084b00000|  0%| F|  |TAMS 0x0000000084a00000, 0x0000000084a00000| Untracked 
|  25|0x0000000084b00000, 0x0000000084b00000, 0x0000000084c00000|  0%| F|  |TAMS 0x0000000084b00000, 0x0000000084b00000| Untracked 
|  26|0x0000000084c00000, 0x0000000084c00000, 0x0000000084d00000|  0%| F|  |TAMS 0x0000000084c00000, 0x0000000084c00000| Untracked 
|  27|0x0000000084d00000, 0x0000000084d00000, 0x0000000084e00000|  0%| F|  |TAMS 0x0000000084d00000, 0x0000000084d00000| Untracked 
|  28|0x0000000084e00000, 0x0000000084e00000, 0x0000000084f00000|  0%| F|  |TAMS 0x0000000084e00000, 0x0000000084e00000| Untracked 
|  29|0x0000000084f00000, 0x0000000084f00000, 0x0000000085000000|  0%| F|  |TAMS 0x0000000084f00000, 0x0000000084f00000| Untracked 
|  30|0x0000000085000000, 0x0000000085000000, 0x0000000085100000|  0%| F|  |TAMS 0x0000000085000000, 0x0000000085000000| Untracked 
|  31|0x0000000085100000, 0x0000000085100000, 0x0000000085200000|  0%| F|  |TAMS 0x0000000085100000, 0x0000000085100000| Untracked 
|  32|0x0000000085200000, 0x0000000085200000, 0x0000000085300000|  0%| F|  |TAMS 0x0000000085200000, 0x0000000085200000| Untracked 
|  33|0x0000000085300000, 0x0000000085300000, 0x0000000085400000|  0%| F|  |TAMS 0x0000000085300000, 0x0000000085300000| Untracked 
|  34|0x0000000085400000, 0x0000000085400000, 0x0000000085500000|  0%| F|  |TAMS 0x0000000085400000, 0x0000000085400000| Untracked 
|  35|0x0000000085500000, 0x0000000085500000, 0x0000000085600000|  0%| F|  |TAMS 0x0000000085500000, 0x0000000085500000| Untracked 
|  36|0x0000000085600000, 0x0000000085600000, 0x0000000085700000|  0%| F|  |TAMS 0x0000000085600000, 0x0000000085600000| Untracked 
|  37|0x0000000085700000, 0x0000000085700000, 0x0000000085800000|  0%| F|  |TAMS 0x0000000085700000, 0x0000000085700000| Untracked 
|  38|0x0000000085800000, 0x0000000085800000, 0x0000000085900000|  0%| F|  |TAMS 0x0000000085800000, 0x0000000085800000| Untracked 
|  39|0x0000000085900000, 0x0000000085900000, 0x0000000085a00000|  0%| F|  |TAMS 0x0000000085900000, 0x0000000085900000| Untracked 
|  40|0x0000000085a00000, 0x0000000085a00000, 0x0000000085b00000|  0%| F|  |TAMS 0x0000000085a00000, 0x0000000085a00000| Untracked 
|  41|0x0000000085b00000, 0x0000000085b00000, 0x0000000085c00000|  0%| F|  |TAMS 0x0000000085b00000, 0x0000000085b00000| Untracked 
|  42|0x0000000085c00000, 0x0000000085c00000, 0x0000000085d00000|  0%| F|  |TAMS 0x0000000085c00000, 0x0000000085c00000| Untracked 
|  43|0x0000000085d00000, 0x0000000085d00000, 0x0000000085e00000|  0%| F|  |TAMS 0x0000000085d00000, 0x0000000085d00000| Untracked 
|  44|0x0000000085e00000, 0x0000000085e00000, 0x0000000085f00000|  0%| F|  |TAMS 0x0000000085e00000, 0x0000000085e00000| Untracked 
|  45|0x0000000085f00000, 0x0000000085f00000, 0x0000000086000000|  0%| F|  |TAMS 0x0000000085f00000, 0x0000000085f00000| Untracked 
|  46|0x0000000086000000, 0x0000000086000000, 0x0000000086100000|  0%| F|  |TAMS 0x0000000086000000, 0x0000000086000000| Untracked 
|  47|0x0000000086100000, 0x0000000086100000, 0x0000000086200000|  0%| F|  |TAMS 0x0000000086100000, 0x0000000086100000| Untracked 
|  48|0x0000000086200000, 0x0000000086200000, 0x0000000086300000|  0%| F|  |TAMS 0x0000000086200000, 0x0000000086200000| Untracked 
|  49|0x0000000086300000, 0x0000000086300000, 0x0000000086400000|  0%| F|  |TAMS 0x0000000086300000, 0x0000000086300000| Untracked 
|  50|0x0000000086400000, 0x0000000086400000, 0x0000000086500000|  0%| F|  |TAMS 0x0000000086400000, 0x0000000086400000| Untracked 
|  51|0x0000000086500000, 0x0000000086500000, 0x0000000086600000|  0%| F|  |TAMS 0x0000000086500000, 0x0000000086500000| Untracked 
|  52|0x0000000086600000, 0x0000000086600000, 0x0000000086700000|  0%| F|  |TAMS 0x0000000086600000, 0x0000000086600000| Untracked 
|  53|0x0000000086700000, 0x0000000086700000, 0x0000000086800000|  0%| F|  |TAMS 0x0000000086700000, 0x0000000086700000| Untracked 
|  54|0x0000000086800000, 0x0000000086800000, 0x0000000086900000|  0%| F|  |TAMS 0x0000000086800000, 0x0000000086800000| Untracked 
|  55|0x0000000086900000, 0x0000000086900000, 0x0000000086a00000|  0%| F|  |TAMS 0x0000000086900000, 0x0000000086900000| Untracked 
|  56|0x0000000086a00000, 0x0000000086a00000, 0x0000000086b00000|  0%| F|  |TAMS 0x0000000086a00000, 0x0000000086a00000| Untracked 
|  57|0x0000000086b00000, 0x0000000086b00000, 0x0000000086c00000|  0%| F|  |TAMS 0x0000000086b00000, 0x0000000086b00000| Untracked 
|  58|0x0000000086c00000, 0x0000000086c00000, 0x0000000086d00000|  0%| F|  |TAMS 0x0000000086c00000, 0x0000000086c00000| Untracked 
|  59|0x0000000086d00000, 0x0000000086d00000, 0x0000000086e00000|  0%| F|  |TAMS 0x0000000086d00000, 0x0000000086d00000| Untracked 
|  60|0x0000000086e00000, 0x0000000086e80800, 0x0000000086f00000| 50%| E|  |TAMS 0x0000000086e00000, 0x0000000086e00000| Complete 
|  61|0x0000000086f00000, 0x0000000087000000, 0x0000000087000000|100%| E|CS|TAMS 0x0000000086f00000, 0x0000000086f00000| Complete 
|  62|0x0000000087000000, 0x0000000087100000, 0x0000000087100000|100%| E|CS|TAMS 0x0000000087000000, 0x0000000087000000| Complete 
|  63|0x0000000087100000, 0x0000000087200000, 0x0000000087200000|100%| E|CS|TAMS 0x0000000087100000, 0x0000000087100000| Complete 
|  64|0x0000000087200000, 0x0000000087300000, 0x0000000087300000|100%| E|CS|TAMS 0x0000000087200000, 0x0000000087200000| Complete 
|  65|0x0000000087300000, 0x0000000087400000, 0x0000000087400000|100%| E|CS|TAMS 0x0000000087300000, 0x0000000087300000| Complete 
|  66|0x0000000087400000, 0x0000000087500000, 0x0000000087500000|100%| E|CS|TAMS 0x0000000087400000, 0x0000000087400000| Complete 
|  67|0x0000000087500000, 0x0000000087600000, 0x0000000087600000|100%| E|CS|TAMS 0x0000000087500000, 0x0000000087500000| Complete 
|  68|0x0000000087600000, 0x0000000087700000, 0x0000000087700000|100%| E|CS|TAMS 0x0000000087600000, 0x0000000087600000| Complete 
|  69|0x0000000087700000, 0x0000000087800000, 0x0000000087800000|100%| E|CS|TAMS 0x0000000087700000, 0x0000000087700000| Complete 
|  70|0x0000000087800000, 0x0000000087900000, 0x0000000087900000|100%| E|CS|TAMS 0x0000000087800000, 0x0000000087800000| Complete 
|  71|0x0000000087900000, 0x0000000087a00000, 0x0000000087a00000|100%| E|CS|TAMS 0x0000000087900000, 0x0000000087900000| Complete 
|  72|0x0000000087a00000, 0x0000000087b00000, 0x0000000087b00000|100%| E|CS|TAMS 0x0000000087a00000, 0x0000000087a00000| Complete 
| 112|0x000000008a200000, 0x000000008a300000, 0x000000008a300000|100%| E|CS|TAMS 0x000000008a200000, 0x000000008a200000| Complete 
| 113|0x000000008a300000, 0x000000008a400000, 0x000000008a400000|100%| E|CS|TAMS 0x000000008a300000, 0x000000008a300000| Complete 
| 114|0x000000008a400000, 0x000000008a500000, 0x000000008a500000|100%| E|CS|TAMS 0x000000008a400000, 0x000000008a400000| Complete 
| 125|0x000000008af00000, 0x000000008b000000, 0x000000008b000000|100%| E|CS|TAMS 0x000000008af00000, 0x000000008af00000| Complete 

Card table byte_map: [0x000001e6a6790000,0x000001e6a6b80000] _byte_map_base: 0x000001e6a6377000

Marking Bits (Prev, Next): (CMBitMap*) 0x000001e693d410f0, (CMBitMap*) 0x000001e693d410b0
 Prev Bits: [0x000001e6a8eb0000, 0x000001e6aade8000)
 Next Bits: [0x000001e6a6f70000, 0x000001e6a8ea8000)

Polling page: 0x000001e6934b0000

Metaspace:

Usage:
  Non-class:     26.64 MB used.
      Class:      3.38 MB used.
       Both:     30.03 MB used.

Virtual space:
  Non-class space:       64.00 MB reserved,      26.81 MB ( 42%) committed,  1 nodes.
      Class space:        1.00 GB reserved,       3.50 MB ( <1%) committed,  1 nodes.
             Both:        1.06 GB reserved,      30.31 MB (  3%) committed. 

Chunk freelists:
   Non-Class:  4.64 MB
       Class:  12.44 MB
        Both:  17.08 MB

MaxMetaspaceSize: unlimited
CompressedClassSpaceSize: 1.00 GB
Initial GC threshold: 21.00 MB
Current GC threshold: 35.12 MB
CDS: off
MetaspaceReclaimPolicy: balanced
 - commit_granule_bytes: 65536.
 - commit_granule_words: 8192.
 - virtual_space_node_default_size: 8388608.
 - enlarge_chunks_in_place: 1.
 - new_chunks_are_fully_committed: 0.
 - uncommit_free_chunks: 1.
 - use_allocation_guard: 0.
 - handle_deallocations: 1.


Internal statistics:

num_allocs_failed_limit: 3.
num_arena_births: 348.
num_arena_deaths: 0.
num_vsnodes_births: 2.
num_vsnodes_deaths: 0.
num_space_committed: 485.
num_space_uncommitted: 0.
num_chunks_returned_to_freelist: 3.
num_chunks_taken_from_freelist: 952.
num_chunk_merges: 3.
num_chunk_splits: 611.
num_chunks_enlarged: 423.
num_inconsistent_stats: 0.

CodeHeap 'non-profiled nmethods': size=120000Kb used=1104Kb max_used=1104Kb free=118895Kb
 bounds [0x000001e69ee70000, 0x000001e69f0e0000, 0x000001e6a63a0000]
CodeHeap 'profiled nmethods': size=120000Kb used=5376Kb max_used=5376Kb free=114623Kb
 bounds [0x000001e6973a0000, 0x000001e6978f0000, 0x000001e69e8d0000]
CodeHeap 'non-nmethods': size=5760Kb used=1278Kb max_used=1319Kb free=4481Kb
 bounds [0x000001e69e8d0000, 0x000001e69eb40000, 0x000001e69ee70000]
 total_blobs=3272 nmethods=2692 adapters=492
 compilation: enabled
              stopped_count=0, restarted_count=0
 full_count=0

Compilation events (20 events):
Event: 4.341 Thread 0x000001e6ad48f610 2684       3       java.util.concurrent.TimeUnit::toMillis (69 bytes)
Event: 4.341 Thread 0x000001e6ad48f610 nmethod 2684 0x000001e6978dc210 code [0x000001e6978dc3c0, 0x000001e6978dc6d8]
Event: 4.341 Thread 0x000001e6ad48f610 2686       3       sun.nio.ch.Util::isBufferTooLarge (15 bytes)
Event: 4.341 Thread 0x000001e6ad48f610 nmethod 2686 0x000001e6978dc790 code [0x000001e6978dc920, 0x000001e6978dca78]
Event: 4.501 Thread 0x000001e6ad31c550 nmethod 2662 0x000001e69ef79c90 code [0x000001e69ef7a320, 0x000001e69ef81238]
Event: 4.502 Thread 0x000001e6ad31c550 2683       4       java.lang.String::checkIndex (48 bytes)
Event: 4.502 Thread 0x000001e6ad31c550 nmethod 2683 0x000001e69ef83e90 code [0x000001e69ef84000, 0x000001e69ef84098]
Event: 20.994 Thread 0x000001e6ad48f610 2689   !   3       java.util.Formatter::format (283 bytes)
Event: 20.996 Thread 0x000001e6ad48f610 nmethod 2689 0x000001e6978dcb10 code [0x000001e6978dce20, 0x000001e6978de208]
Event: 20.996 Thread 0x000001e6ad48f610 2687       3       java.util.Formatter::<init> (21 bytes)
Event: 20.996 Thread 0x000001e6ad48f610 nmethod 2687 0x000001e6978deb90 code [0x000001e6978ded40, 0x000001e6978def78]
Event: 20.996 Thread 0x000001e6ad48f610 2688       3       java.util.Formatter::format (11 bytes)
Event: 20.996 Thread 0x000001e6ad48f610 nmethod 2688 0x000001e6978df010 code [0x000001e6978df1a0, 0x000001e6978df2e8]
Event: 20.996 Thread 0x000001e6ad48f610 2690       3       java.util.Formatter::toString (12 bytes)
Event: 20.996 Thread 0x000001e6ad48f610 nmethod 2690 0x000001e6978df390 code [0x000001e6978df560, 0x000001e6978df838]
Event: 20.996 Thread 0x000001e6ad48f610 2691       3       java.lang.StringUTF16::charAt (11 bytes)
Event: 20.996 Thread 0x000001e6ad48f610 nmethod 2691 0x000001e6978df990 code [0x000001e6978dfb40, 0x000001e6978dfd48]
Event: 21.004 Thread 0x000001e6ad31c550 2692       4       java.util.HashMap::resize (356 bytes)
Event: 21.007 Thread 0x000001e6ad48f610 2694       3       java.nio.MappedByteBuffer::limit (8 bytes)
Event: 21.007 Thread 0x000001e6ad48f610 nmethod 2694 0x000001e6978dfe90 code [0x000001e6978e0040, 0x000001e6978e01e8]

GC Heap History (14 events):
Event: 0.455 GC heap before
{Heap before GC invocations=0 (full 0):
 garbage-first heap   total 129024K, used 13312K [0x0000000083200000, 0x0000000100000000)
  region size 1024K, 13 young (13312K), 0 survivors (0K)
 Metaspace       used 10087K, committed 10240K, reserved 1114112K
  class space    used 955K, committed 1024K, reserved 1048576K
}
Event: 0.464 GC heap after
{Heap after GC invocations=1 (full 0):
 garbage-first heap   total 129024K, used 3888K [0x0000000083200000, 0x0000000100000000)
  region size 1024K, 2 young (2048K), 2 survivors (2048K)
 Metaspace       used 10087K, committed 10240K, reserved 1114112K
  class space    used 955K, committed 1024K, reserved 1048576K
}
Event: 0.982 GC heap before
{Heap before GC invocations=1 (full 0):
 garbage-first heap   total 129024K, used 19248K [0x0000000083200000, 0x0000000100000000)
  region size 1024K, 17 young (17408K), 2 survivors (2048K)
 Metaspace       used 18298K, committed 18496K, reserved 1114112K
  class space    used 1929K, committed 2048K, reserved 1048576K
}
Event: 0.987 GC heap after
{Heap after GC invocations=2 (full 0):
 garbage-first heap   total 129024K, used 6008K [0x0000000083200000, 0x0000000100000000)
  region size 1024K, 3 young (3072K), 3 survivors (3072K)
 Metaspace       used 18298K, committed 18496K, reserved 1114112K
  class space    used 1929K, committed 2048K, reserved 1048576K
}
Event: 1.262 GC heap before
{Heap before GC invocations=2 (full 0):
 garbage-first heap   total 129024K, used 16248K [0x0000000083200000, 0x0000000100000000)
  region size 1024K, 14 young (14336K), 3 survivors (3072K)
 Metaspace       used 21237K, committed 21504K, reserved 1114112K
  class space    used 2295K, committed 2432K, reserved 1048576K
}
Event: 1.267 GC heap after
{Heap after GC invocations=3 (full 0):
 garbage-first heap   total 129024K, used 6638K [0x0000000083200000, 0x0000000100000000)
  region size 1024K, 3 young (3072K), 3 survivors (3072K)
 Metaspace       used 21237K, committed 21504K, reserved 1114112K
  class space    used 2295K, committed 2432K, reserved 1048576K
}
Event: 1.583 GC heap before
{Heap before GC invocations=4 (full 0):
 garbage-first heap   total 27648K, used 18926K [0x0000000083200000, 0x0000000100000000)
  region size 1024K, 16 young (16384K), 3 survivors (3072K)
 Metaspace       used 24696K, committed 25024K, reserved 1114112K
  class space    used 2687K, committed 2816K, reserved 1048576K
}
Event: 1.589 GC heap after
{Heap after GC invocations=5 (full 0):
 garbage-first heap   total 27648K, used 9292K [0x0000000083200000, 0x0000000100000000)
  region size 1024K, 2 young (2048K), 2 survivors (2048K)
 Metaspace       used 24696K, committed 25024K, reserved 1114112K
  class space    used 2687K, committed 2816K, reserved 1048576K
}
Event: 1.605 GC heap before
{Heap before GC invocations=5 (full 0):
 garbage-first heap   total 27648K, used 10316K [0x0000000083200000, 0x0000000100000000)
  region size 1024K, 3 young (3072K), 2 survivors (2048K)
 Metaspace       used 24796K, committed 25088K, reserved 1114112K
  class space    used 2692K, committed 2816K, reserved 1048576K
}
Event: 1.607 GC heap after
{Heap after GC invocations=6 (full 0):
 garbage-first heap   total 27648K, used 10009K [0x0000000083200000, 0x0000000100000000)
  region size 1024K, 1 young (1024K), 1 survivors (1024K)
 Metaspace       used 24796K, committed 25088K, reserved 1114112K
  class space    used 2692K, committed 2816K, reserved 1048576K
}
Event: 1.707 GC heap before
{Heap before GC invocations=6 (full 0):
 garbage-first heap   total 27648K, used 17177K [0x0000000083200000, 0x0000000100000000)
  region size 1024K, 8 young (8192K), 1 survivors (1024K)
 Metaspace       used 25736K, committed 25984K, reserved 1114112K
  class space    used 2744K, committed 2880K, reserved 1048576K
}
Event: 1.709 GC heap after
{Heap after GC invocations=7 (full 0):
 garbage-first heap   total 27648K, used 11034K [0x0000000083200000, 0x0000000100000000)
  region size 1024K, 1 young (1024K), 1 survivors (1024K)
 Metaspace       used 25736K, committed 25984K, reserved 1114112K
  class space    used 2744K, committed 2880K, reserved 1048576K
}
Event: 1.808 GC heap before
{Heap before GC invocations=7 (full 0):
 garbage-first heap   total 27648K, used 18202K [0x0000000083200000, 0x0000000100000000)
  region size 1024K, 8 young (8192K), 1 survivors (1024K)
 Metaspace       used 26848K, committed 27136K, reserved 1114112K
  class space    used 2897K, committed 3008K, reserved 1048576K
}
Event: 1.811 GC heap after
{Heap after GC invocations=8 (full 0):
 garbage-first heap   total 78848K, used 11514K [0x0000000083200000, 0x0000000100000000)
  region size 1024K, 1 young (1024K), 1 survivors (1024K)
 Metaspace       used 26848K, committed 27136K, reserved 1114112K
  class space    used 2897K, committed 3008K, reserved 1048576K
}

Dll operation events (9 events):
Event: 0.009 Loaded shared library C:\Users\M ROKESH KUMAR\.p2\pool\plugins\org.eclipse.justj.openjdk.hotspot.jre.full.win32.x86_64_17.0.7.v20230425-1502\jre\bin\java.dll
Event: 0.133 Loaded shared library C:\Users\M ROKESH KUMAR\.p2\pool\plugins\org.eclipse.justj.openjdk.hotspot.jre.full.win32.x86_64_17.0.7.v20230425-1502\jre\bin\net.dll
Event: 0.135 Loaded shared library C:\Users\M ROKESH KUMAR\.p2\pool\plugins\org.eclipse.justj.openjdk.hotspot.jre.full.win32.x86_64_17.0.7.v20230425-1502\jre\bin\nio.dll
Event: 0.145 Loaded shared library C:\Users\M ROKESH KUMAR\.p2\pool\plugins\org.eclipse.justj.openjdk.hotspot.jre.full.win32.x86_64_17.0.7.v20230425-1502\jre\bin\zip.dll
Event: 0.236 Loaded shared library C:\Users\M ROKESH KUMAR\.p2\pool\plugins\org.eclipse.justj.openjdk.hotspot.jre.full.win32.x86_64_17.0.7.v20230425-1502\jre\bin\jimage.dll
Event: 0.292 Loaded shared library C:\Users\M ROKESH KUMAR\.p2\pool\plugins\org.eclipse.justj.openjdk.hotspot.jre.full.win32.x86_64_17.0.7.v20230425-1502\jre\bin\verify.dll
Event: 0.553 Loaded shared library C:\Users\M ROKESH KUMAR\.p2\pool\plugins\org.eclipse.justj.openjdk.hotspot.jre.full.win32.x86_64_17.0.7.v20230425-1502\jre\bin\management.dll
Event: 0.557 Loaded shared library C:\Users\M ROKESH KUMAR\.p2\pool\plugins\org.eclipse.justj.openjdk.hotspot.jre.full.win32.x86_64_17.0.7.v20230425-1502\jre\bin\management_ext.dll
Event: 1.825 Loaded shared library C:\Users\M ROKESH KUMAR\.p2\pool\plugins\org.eclipse.justj.openjdk.hotspot.jre.full.win32.x86_64_17.0.7.v20230425-1502\jre\bin\sunmscapi.dll

Deoptimization events (20 events):
Event: 2.128 Thread 0x000001e693ce40e0 Uncommon trap: trap_request=0xffffffde fr.pc=0x000001e69ef6fa2c relative=0x000000000000010c
Event: 2.128 Thread 0x000001e693ce40e0 Uncommon trap: reason=class_check action=maybe_recompile pc=0x000001e69ef6fa2c method=jdk.internal.misc.Unsafe.allocateUninitializedArray(Ljava/lang/Class;I)Ljava/lang/Object; @ 51 c2
Event: 2.128 Thread 0x000001e693ce40e0 DEOPT PACKING pc=0x000001e69ef6fa2c sp=0x0000004fdc9fb8c0
Event: 2.128 Thread 0x000001e693ce40e0 DEOPT UNPACKING pc=0x000001e69e92a1a3 sp=0x0000004fdc9fb848 mode 2
Event: 2.134 Thread 0x000001e693ce40e0 Uncommon trap: trap_request=0xffffffde fr.pc=0x000001e69ef6fa2c relative=0x000000000000010c
Event: 2.134 Thread 0x000001e693ce40e0 Uncommon trap: reason=class_check action=maybe_recompile pc=0x000001e69ef6fa2c method=jdk.internal.misc.Unsafe.allocateUninitializedArray(Ljava/lang/Class;I)Ljava/lang/Object; @ 51 c2
Event: 2.134 Thread 0x000001e693ce40e0 DEOPT PACKING pc=0x000001e69ef6fa2c sp=0x0000004fdc9fc720
Event: 2.134 Thread 0x000001e693ce40e0 DEOPT UNPACKING pc=0x000001e69e92a1a3 sp=0x0000004fdc9fc6a8 mode 2
Event: 2.134 Thread 0x000001e693ce40e0 Uncommon trap: trap_request=0xffffffde fr.pc=0x000001e69ef6fa2c relative=0x000000000000010c
Event: 2.134 Thread 0x000001e693ce40e0 Uncommon trap: reason=class_check action=maybe_recompile pc=0x000001e69ef6fa2c method=jdk.internal.misc.Unsafe.allocateUninitializedArray(Ljava/lang/Class;I)Ljava/lang/Object; @ 51 c2
Event: 2.134 Thread 0x000001e693ce40e0 DEOPT PACKING pc=0x000001e69ef6fa2c sp=0x0000004fdc9fc7c0
Event: 2.134 Thread 0x000001e693ce40e0 DEOPT UNPACKING pc=0x000001e69e92a1a3 sp=0x0000004fdc9fc748 mode 2
Event: 4.314 Thread 0x000001e693ce40e0 Uncommon trap: trap_request=0xffffff45 fr.pc=0x000001e69ef4490c relative=0x000000000000008c
Event: 4.314 Thread 0x000001e693ce40e0 Uncommon trap: reason=unstable_if action=reinterpret pc=0x000001e69ef4490c method=java.lang.Math.floorMod(JJ)J @ 10 c2
Event: 4.314 Thread 0x000001e693ce40e0 DEOPT PACKING pc=0x000001e69ef4490c sp=0x0000004fdc9fcd50
Event: 4.314 Thread 0x000001e693ce40e0 DEOPT UNPACKING pc=0x000001e69e92a1a3 sp=0x0000004fdc9fcce0 mode 2
Event: 4.314 Thread 0x000001e693ce40e0 Uncommon trap: trap_request=0xffffff45 fr.pc=0x000001e69ef42f4c relative=0x00000000000011cc
Event: 4.314 Thread 0x000001e693ce40e0 Uncommon trap: reason=unstable_if action=reinterpret pc=0x000001e69ef42f4c method=java.util.concurrent.ConcurrentHashMap.putVal(Ljava/lang/Object;Ljava/lang/Object;Z)Ljava/lang/Object; @ 256 c2
Event: 4.314 Thread 0x000001e693ce40e0 DEOPT PACKING pc=0x000001e69ef42f4c sp=0x0000004fdc9fd080
Event: 4.314 Thread 0x000001e693ce40e0 DEOPT UNPACKING pc=0x000001e69e92a1a3 sp=0x0000004fdc9fd008 mode 2

Classes unloaded (0 events):
No events

Classes redefined (0 events):
No events

Internal exceptions (20 events):
Event: 1.876 Thread 0x000001e6b2d19bf0 Exception <a 'java/net/SocketException'{0x000000008a208158}: Socket is not connected: shutdown> (0x000000008a208158) 
thrown [s\src\hotspot\share\prims\jni.cpp, line 535]
Event: 1.878 Thread 0x000001e6b2d77740 Exception <a 'java/lang/NoSuchMethodError'{0x000000008a38ec30}: 'void java.lang.invoke.DirectMethodHandle$Holder.invokeStatic(java.lang.Object, long)'> (0x000000008a38ec30) 
thrown [s\src\hotspot\share\interpreter\linkResolver.cpp, line 759]
Event: 1.879 Thread 0x000001e6b2d77740 Exception <a 'java/lang/NoSuchMethodError'{0x000000008a393fd8}: 'java.lang.Object java.lang.invoke.DirectMethodHandle$Holder.newInvokeSpecial(java.lang.Object, long)'> (0x000000008a393fd8) 
thrown [s\src\hotspot\share\interpreter\linkResolver.cpp, line 759]
Event: 1.880 Thread 0x000001e6b2d77740 Exception <a 'java/lang/NoSuchMethodError'{0x000000008a39ab38}: 'java.lang.Object java.lang.invoke.DirectMethodHandle$Holder.invokeStatic(java.lang.Object, java.lang.Object, long, java.lang.Object)'> (0x000000008a39ab38) 
thrown [s\src\hotspot\share\interpreter\linkResolver.cpp, line 759]
Event: 1.881 Thread 0x000001e6b2d77740 Exception <a 'java/lang/NoSuchMethodError'{0x000000008a39e328}: 'java.lang.Object java.lang.invoke.DirectMethodHandle$Holder.invokeStaticInit(java.lang.Object, java.lang.Object, long, java.lang.Object)'> (0x000000008a39e328) 
thrown [s\src\hotspot\share\interpreter\linkResolver.cpp, line 759]
Event: 1.882 Thread 0x000001e6b2d77740 Exception <a 'java/lang/NoSuchMethodError'{0x000000008a3a43b0}: 'java.lang.Object java.lang.invoke.DirectMethodHandle$Holder.newInvokeSpecial(java.lang.Object, java.lang.Object, long)'> (0x000000008a3a43b0) 
thrown [s\src\hotspot\share\interpreter\linkResolver.cpp, line 759]
Event: 1.888 Thread 0x000001e6b2d19bf0 Exception <a 'java/net/ConnectException'{0x000000008a2091c0}: Connection refused: no further information> (0x000000008a2091c0) 
thrown [s\src\hotspot\share\prims\jni.cpp, line 535]
Event: 1.889 Thread 0x000001e6b2d19bf0 Exception <a 'java/net/SocketException'{0x000000008a2094f8}: Socket is not connected: shutdown> (0x000000008a2094f8) 
thrown [s\src\hotspot\share\prims\jni.cpp, line 535]
Event: 1.918 Thread 0x000001e6b2d19bf0 Exception <a 'java/net/ConnectException'{0x000000008a20a490}: Connection refused: no further information> (0x000000008a20a490) 
thrown [s\src\hotspot\share\prims\jni.cpp, line 535]
Event: 1.918 Thread 0x000001e6b2d19bf0 Exception <a 'java/net/SocketException'{0x000000008a20a7c8}: Socket is not connected: shutdown> (0x000000008a20a7c8) 
thrown [s\src\hotspot\share\prims\jni.cpp, line 535]
Event: 1.986 Thread 0x000001e693ce40e0 Exception <a 'java/lang/NoSuchMethodError'{0x0000000087a74940}: 'java.lang.Object java.lang.invoke.DirectMethodHandle$Holder.invokeInterface(java.lang.Object, java.lang.Object, java.lang.Object)'> (0x0000000087a74940) 
thrown [s\src\hotspot\share\interpreter\linkResolver.cpp, line 759]
Event: 1.986 Thread 0x000001e693ce40e0 Exception <a 'java/lang/IncompatibleClassChangeError'{0x0000000087a78008}: Found class java.lang.Object, but interface was expected> (0x0000000087a78008) 
thrown [s\src\hotspot\share\interpreter\linkResolver.cpp, line 826]
Event: 1.987 Thread 0x000001e693ce40e0 Exception <a 'java/lang/NoSuchMethodError'{0x0000000087a80770}: 'int java.lang.invoke.DirectMethodHandle$Holder.invokeSpecialIFC(java.lang.Object, java.lang.Object, java.lang.Object, java.lang.Object)'> (0x0000000087a80770) 
thrown [s\src\hotspot\share\interpreter\linkResolver.cpp, line 759]
Event: 1.987 Thread 0x000001e693ce40e0 Exception <a 'java/lang/NoSuchMethodError'{0x0000000087a88f48}: 'java.lang.Object java.lang.invoke.DirectMethodHandle$Holder.invokeInterface(java.lang.Object, java.lang.Object, java.lang.Object, java.lang.Object)'> (0x0000000087a88f48) 
thrown [s\src\hotspot\share\interpreter\linkResolver.cpp, line 759]
Event: 1.996 Thread 0x000001e693ce40e0 Exception <a 'java/lang/NoSuchMethodError'{0x0000000087920710}: 'void java.lang.invoke.DirectMethodHandle$Holder.invokeInterface(java.lang.Object, java.lang.Object, java.lang.Object)'> (0x0000000087920710) 
thrown [s\src\hotspot\share\interpreter\linkResolver.cpp, line 759]
Event: 2.003 Thread 0x000001e693ce40e0 Exception <a 'java/lang/NoSuchMethodError'{0x000000008797df40}: 'double java.lang.invoke.DirectMethodHandle$Holder.invokeVirtual(java.lang.Object, java.lang.Object)'> (0x000000008797df40) 
thrown [s\src\hotspot\share\interpreter\linkResolver.cpp, line 759]
Event: 2.003 Thread 0x000001e693ce40e0 Exception <a 'java/lang/NoSuchMethodError'{0x0000000087984960}: 'float java.lang.invoke.DirectMethodHandle$Holder.invokeVirtual(java.lang.Object, java.lang.Object)'> (0x0000000087984960) 
thrown [s\src\hotspot\share\interpreter\linkResolver.cpp, line 759]
Event: 2.004 Thread 0x000001e693ce40e0 Exception <a 'java/lang/NoSuchMethodError'{0x000000008798d920}: 'long java.lang.invoke.DirectMethodHandle$Holder.invokeVirtual(java.lang.Object, java.lang.Object)'> (0x000000008798d920) 
thrown [s\src\hotspot\share\interpreter\linkResolver.cpp, line 759]
Event: 2.022 Thread 0x000001e693ce40e0 Exception <a 'java/lang/NoSuchMethodError'{0x00000000878c02c8}: 'void java.lang.invoke.DirectMethodHandle$Holder.invokeSpecial(java.lang.Object, java.lang.Object, java.lang.Object, java.lang.Object, java.lang.Object)'> (0x00000000878c02c8) 
thrown [s\src\hotspot\share\interpreter\linkResolver.cpp, line 759]
Event: 4.316 Thread 0x000001e693ce40e0 Exception <a 'java/lang/ClassNotFoundException'{0x00000000870bec08}: sun/util/logging/resources/spi/loggingProvider> (0x00000000870bec08) 
thrown [s\src\hotspot\share\classfile\systemDictionary.cpp, line 256]

VM Operations (20 events):
Event: 1.630 Executing VM operation: HandshakeAllThreads
Event: 1.630 Executing VM operation: HandshakeAllThreads done
Event: 1.707 Executing VM operation: G1CollectForAllocation
Event: 1.709 Executing VM operation: G1CollectForAllocation done
Event: 1.808 Executing VM operation: G1CollectForAllocation
Event: 1.811 Executing VM operation: G1CollectForAllocation done
Event: 1.836 Executing VM operation: HandshakeAllThreads
Event: 1.836 Executing VM operation: HandshakeAllThreads done
Event: 1.837 Executing VM operation: HandshakeAllThreads
Event: 1.837 Executing VM operation: HandshakeAllThreads done
Event: 1.972 Executing VM operation: HandshakeAllThreads
Event: 1.973 Executing VM operation: HandshakeAllThreads done
Event: 1.974 Executing VM operation: HandshakeAllThreads
Event: 1.974 Executing VM operation: HandshakeAllThreads done
Event: 2.138 Executing VM operation: HandshakeAllThreads
Event: 2.138 Executing VM operation: HandshakeAllThreads done
Event: 3.144 Executing VM operation: Cleanup
Event: 3.144 Executing VM operation: Cleanup done
Event: 5.156 Executing VM operation: Cleanup
Event: 5.156 Executing VM operation: Cleanup done

Events (20 events):
Event: 4.315 loading class java/util/logging/Level$RbAccess done
Event: 4.316 loading class sun/util/logging/resources/logging
Event: 4.316 loading class sun/util/logging/resources/logging done
Event: 4.316 loading class sun/util/logging/resources/logging_en
Event: 4.316 loading class sun/util/logging/resources/logging_en done
Event: 4.316 loading class sun/util/logging/resources/logging_en
Event: 4.316 loading class sun/util/logging/resources/logging_en done
Event: 4.316 loading class sun/util/logging/resources/logging_en_IN
Event: 4.316 loading class sun/util/logging/resources/logging_en_IN done
Event: 4.316 loading class sun/util/logging/resources/logging_en_IN
Event: 4.316 loading class sun/util/logging/resources/logging_en_IN done
Event: 4.316 loading class java/util/Formatter$DateTime
Event: 4.316 loading class java/util/Formatter$DateTime done
Event: 4.316 loading class java/time/ZonedDateTime$1
Event: 4.316 loading class java/time/ZonedDateTime$1 done
Event: 4.316 loading class java/time/LocalDate$1
Event: 4.316 loading class java/time/LocalDate$1 done
Event: 4.317 loading class java/time/LocalTime$1
Event: 4.317 loading class java/time/LocalTime$1 done
Event: 6.989 Thread 0x000001e6b2d6e060 Thread exited: 0x000001e6b2d6e060


Dynamic libraries:
0x00007ff7809b0000 - 0x00007ff7809be000 	C:\Users\M ROKESH KUMAR\.p2\pool\plugins\org.eclipse.justj.openjdk.hotspot.jre.full.win32.x86_64_17.0.7.v20230425-1502\jre\bin\javaw.exe
0x00007fff86f00000 - 0x00007fff87109000 	C:\Windows\SYSTEM32\ntdll.dll
0x00007fff863a0000 - 0x00007fff8645e000 	C:\Windows\System32\KERNEL32.DLL
0x00007fff843d0000 - 0x00007fff8474b000 	C:\Windows\System32\KERNELBASE.dll
0x00007fff847f0000 - 0x00007fff84901000 	C:\Windows\System32\ucrtbase.dll
0x00007fff800e0000 - 0x00007fff800f9000 	C:\Users\M ROKESH KUMAR\.p2\pool\plugins\org.eclipse.justj.openjdk.hotspot.jre.full.win32.x86_64_17.0.7.v20230425-1502\jre\bin\VCRUNTIME140.dll
0x00007fff800c0000 - 0x00007fff800d7000 	C:\Users\M ROKESH KUMAR\.p2\pool\plugins\org.eclipse.justj.openjdk.hotspot.jre.full.win32.x86_64_17.0.7.v20230425-1502\jre\bin\jli.dll
0x00007fff86af0000 - 0x00007fff86c9d000 	C:\Windows\System32\USER32.dll
0x00007fff84d50000 - 0x00007fff84d76000 	C:\Windows\System32\win32u.dll
0x00007fff85b40000 - 0x00007fff85b69000 	C:\Windows\System32\GDI32.dll
0x00007fff84a50000 - 0x00007fff84b68000 	C:\Windows\System32\gdi32full.dll
0x00007fff84750000 - 0x00007fff847ed000 	C:\Windows\System32\msvcp_win.dll
0x00007fff69470000 - 0x00007fff69715000 	C:\Windows\WinSxS\amd64_microsoft.windows.common-controls_6595b64144ccf1df_6.0.22000.120_none_9d947278b86cc467\COMCTL32.dll
0x00007fff84fd0000 - 0x00007fff85073000 	C:\Windows\System32\msvcrt.dll
0x00007fff86140000 - 0x00007fff86172000 	C:\Windows\System32\IMM32.DLL
0x00007fff811a0000 - 0x00007fff811ac000 	C:\Users\M ROKESH KUMAR\.p2\pool\plugins\org.eclipse.justj.openjdk.hotspot.jre.full.win32.x86_64_17.0.7.v20230425-1502\jre\bin\vcruntime140_1.dll
0x00007fff64a20000 - 0x00007fff64ab1000 	C:\Users\M ROKESH KUMAR\.p2\pool\plugins\org.eclipse.justj.openjdk.hotspot.jre.full.win32.x86_64_17.0.7.v20230425-1502\jre\bin\msvcp140.dll
0x00007fff27a60000 - 0x00007fff286a8000 	C:\Users\M ROKESH KUMAR\.p2\pool\plugins\org.eclipse.justj.openjdk.hotspot.jre.full.win32.x86_64_17.0.7.v20230425-1502\jre\bin\server\jvm.dll
0x00007fff84d80000 - 0x00007fff84e2e000 	C:\Windows\System32\ADVAPI32.dll
0x00007fff85240000 - 0x00007fff852de000 	C:\Windows\System32\sechost.dll
0x00007fff85b70000 - 0x00007fff85c90000 	C:\Windows\System32\RPCRT4.dll
0x00007fff6cdb0000 - 0x00007fff6cdb9000 	C:\Windows\SYSTEM32\WSOCK32.dll
0x00007fff86270000 - 0x00007fff862df000 	C:\Windows\System32\WS2_32.dll
0x00007fff81e50000 - 0x00007fff81e83000 	C:\Windows\SYSTEM32\WINMM.dll
0x00007fff7ba60000 - 0x00007fff7ba6a000 	C:\Windows\SYSTEM32\VERSION.dll
0x00007fff83540000 - 0x00007fff83558000 	C:\Windows\SYSTEM32\kernel.appcore.dll
0x00007fff7ffb0000 - 0x00007fff7ffba000 	C:\Users\M ROKESH KUMAR\.p2\pool\plugins\org.eclipse.justj.openjdk.hotspot.jre.full.win32.x86_64_17.0.7.v20230425-1502\jre\bin\jimage.dll
0x00007fff81bb0000 - 0x00007fff81dd1000 	C:\Windows\SYSTEM32\DBGHELP.DLL
0x00007fff81e10000 - 0x00007fff81e41000 	C:\Windows\SYSTEM32\dbgcore.DLL
0x00007fff84910000 - 0x00007fff8498f000 	C:\Windows\System32\bcryptPrimitives.dll
0x00007fff7be40000 - 0x00007fff7be65000 	C:\Users\M ROKESH KUMAR\.p2\pool\plugins\org.eclipse.justj.openjdk.hotspot.jre.full.win32.x86_64_17.0.7.v20230425-1502\jre\bin\java.dll
0x00007fff7fde0000 - 0x00007fff7fdf8000 	C:\Users\M ROKESH KUMAR\.p2\pool\plugins\org.eclipse.justj.openjdk.hotspot.jre.full.win32.x86_64_17.0.7.v20230425-1502\jre\bin\zip.dll
0x00007fff85360000 - 0x00007fff85b17000 	C:\Windows\System32\SHELL32.dll
0x00007fff824c0000 - 0x00007fff82d25000 	C:\Windows\SYSTEM32\windows.storage.dll
0x00007fff85d20000 - 0x00007fff86098000 	C:\Windows\System32\combase.dll
0x00007fff82350000 - 0x00007fff824b6000 	C:\Windows\SYSTEM32\wintypes.dll
0x00007fff86d60000 - 0x00007fff86e4a000 	C:\Windows\System32\SHCORE.dll
0x00007fff85300000 - 0x00007fff8535d000 	C:\Windows\System32\shlwapi.dll
0x00007fff84300000 - 0x00007fff84321000 	C:\Windows\SYSTEM32\profapi.dll
0x00007fff7f5f0000 - 0x00007fff7f609000 	C:\Users\M ROKESH KUMAR\.p2\pool\plugins\org.eclipse.justj.openjdk.hotspot.jre.full.win32.x86_64_17.0.7.v20230425-1502\jre\bin\net.dll
0x00007fff7cb30000 - 0x00007fff7cc44000 	C:\Windows\SYSTEM32\WINHTTP.dll
0x00007fff839e0000 - 0x00007fff83a47000 	C:\Windows\system32\mswsock.dll
0x00007fff7bcd0000 - 0x00007fff7bce5000 	C:\Users\M ROKESH KUMAR\.p2\pool\plugins\org.eclipse.justj.openjdk.hotspot.jre.full.win32.x86_64_17.0.7.v20230425-1502\jre\bin\nio.dll
0x00007fff7ffd0000 - 0x00007fff7ffe0000 	C:\Users\M ROKESH KUMAR\.p2\pool\plugins\org.eclipse.justj.openjdk.hotspot.jre.full.win32.x86_64_17.0.7.v20230425-1502\jre\bin\verify.dll
0x00007fff80450000 - 0x00007fff80459000 	C:\Users\M ROKESH KUMAR\.p2\pool\plugins\org.eclipse.justj.openjdk.hotspot.jre.full.win32.x86_64_17.0.7.v20230425-1502\jre\bin\management.dll
0x00007fff80060000 - 0x00007fff8006b000 	C:\Users\M ROKESH KUMAR\.p2\pool\plugins\org.eclipse.justj.openjdk.hotspot.jre.full.win32.x86_64_17.0.7.v20230425-1502\jre\bin\management_ext.dll
0x00007fff86130000 - 0x00007fff86138000 	C:\Windows\System32\PSAPI.DLL
0x00007fff64320000 - 0x00007fff64337000 	C:\Windows\system32\napinsp.dll
0x00007fff641d0000 - 0x00007fff641eb000 	C:\Windows\system32\pnrpnsp.dll
0x00007fff830e0000 - 0x00007fff831c8000 	C:\Windows\SYSTEM32\DNSAPI.dll
0x00007fff830b0000 - 0x00007fff830dd000 	C:\Windows\SYSTEM32\IPHLPAPI.DLL
0x00007fff852f0000 - 0x00007fff852f9000 	C:\Windows\System32\NSI.dll
0x00007fff64100000 - 0x00007fff64112000 	C:\Windows\System32\winrnr.dll
0x00007fff640e0000 - 0x00007fff640f5000 	C:\Windows\system32\wshbth.dll
0x00007fff640c0000 - 0x00007fff640df000 	C:\Windows\system32\nlansp_c.dll
0x00007fff7ba30000 - 0x00007fff7ba3a000 	C:\Windows\System32\rasadhlp.dll
0x00007fff798c0000 - 0x00007fff79941000 	C:\Windows\System32\fwpuclnt.dll
0x00007fff83c20000 - 0x00007fff83c38000 	C:\Windows\SYSTEM32\CRYPTSP.dll
0x00007fff834a0000 - 0x00007fff834d5000 	C:\Windows\system32\rsaenh.dll
0x00007fff83ad0000 - 0x00007fff83af9000 	C:\Windows\SYSTEM32\USERENV.dll
0x00007fff83db0000 - 0x00007fff83dd7000 	C:\Windows\SYSTEM32\bcrypt.dll
0x00007fff83c40000 - 0x00007fff83c4c000 	C:\Windows\SYSTEM32\CRYPTBASE.dll
0x00007fff7c500000 - 0x00007fff7c519000 	C:\Windows\SYSTEM32\dhcpcsvc6.DLL
0x00007fff7c940000 - 0x00007fff7c95e000 	C:\Windows\SYSTEM32\dhcpcsvc.DLL
0x00007fff7ffc0000 - 0x00007fff7ffce000 	C:\Users\M ROKESH KUMAR\.p2\pool\plugins\org.eclipse.justj.openjdk.hotspot.jre.full.win32.x86_64_17.0.7.v20230425-1502\jre\bin\sunmscapi.dll
0x00007fff84be0000 - 0x00007fff84d42000 	C:\Windows\System32\CRYPT32.dll
0x00007fff83d80000 - 0x00007fff83da8000 	C:\Windows\SYSTEM32\ncrypt.dll
0x00007fff83d40000 - 0x00007fff83d77000 	C:\Windows\SYSTEM32\NTASN1.dll

dbghelp: loaded successfully - version: 4.0.5 - missing functions: none
symbol engine: initialized successfully - sym options: 0x614 - pdb path: .;C:\Users\M ROKESH KUMAR\.p2\pool\plugins\org.eclipse.justj.openjdk.hotspot.jre.full.win32.x86_64_17.0.7.v20230425-1502\jre\bin;C:\Windows\SYSTEM32;C:\Windows\WinSxS\amd64_microsoft.windows.common-controls_6595b64144ccf1df_6.0.22000.120_none_9d947278b86cc467;C:\Users\M ROKESH KUMAR\.p2\pool\plugins\org.eclipse.justj.openjdk.hotspot.jre.full.win32.x86_64_17.0.7.v20230425-1502\jre\bin\server

VM Arguments:
jvm_args: -ea -Dfile.encoding=UTF-8 -XX:+ShowCodeDetailsInExceptionMessages 
java_command: org.testng.remote.RemoteTestNG -serport 52267 -protocol json -d C:\eclipse workspace\WebDriver\test-output C:\Users\MROKES~1\AppData\Local\Temp\testng-eclipse--881991763\testng-customsuite.xml
java_class_path (initial): C:\Users\M ROKESH KUMAR\eclipse\java-2023-06\eclipse\configuration\org.eclipse.osgi\514\0\.cp\lib\testng-remote.jar;C:\eclipse workspace\WebDriver\target\test-classes;C:\eclipse workspace\WebDriver\target\classes;C:\Users\M ROKESH KUMAR\.p2\pool\plugins\org.testng_7.8.0.r202306071539.jar;C:\Users\M ROKESH KUMAR\.p2\pool\plugins\com.beust.jcommander_1.82.0.jar;C:\Users\M ROKESH KUMAR\.p2\pool\plugins\org.apache-extras.beanshell.bsh_2.0.0.b6.jar;C:\Users\M ROKESH KUMAR\.p2\pool\plugins\org.yaml.snakeyaml_1.27.0.v20221112-0806.jar;C:\Users\M ROKESH KUMAR\.p2\pool\plugins\org.webjars.jquery_3.6.1.jar;C:\Users\M ROKESH KUMAR\.m2\repository\junit\junit\4.5\junit-4.5.jar;C:\Users\M ROKESH KUMAR\.m2\repository\org\testng\testng\7.4.0\testng-7.4.0.jar;C:\Users\M ROKESH KUMAR\.m2\repository\com\beust\jcommander\1.78\jcommander-1.78.jar;C:\Users\M ROKESH KUMAR\.m2\repository\org\webjars\jquery\3.5.1\jquery-3.5.1.jar;C:\Users\M ROKESH KUMAR\.m2\repository\org\apache\logging\log4j\log4j-slf4j-impl\2.20.0\log4j-slf4j-impl-2.20.0.jar;C:\Users\M ROKESH KUMAR\.m2\repository\org\apache\logging\log4j\log4j-api\2.20.0\log4j-api-2.20.0.jar;C:\Users\M ROKESH KUMAR\.m2\repository\org\slf4j\slf4j-api\1.7.25\slf4j-api-1.7.25.jar;C:\Users\M ROKESH KUMAR\.m2\repository\org\apache\logging\log4j\log4j-core\2.20.0\log4j-core-2.20.0.jar;C:\Users\M ROKESH KUMAR\.m2\repository\io\github\bonigarcia\webdrivermanager\5.3.1\webdrivermanager-5.3.1.jar;C:\Users\M ROKESH KUMAR\.m2\repository\com\google\code\gson\gson\2.10\gson-2.10.jar;C:\Users\M ROKESH KUMAR\.m2\repository\com\github\docker-java\docker-java\3.2.13\docker-java-3.2.13.jar;C:\Users\M ROKESH KUMAR\.m2\repository\com\github\docker-java\docker-java-core\3.2.13\docker-java-core-3.2.13.jar;C:\Users\M ROKESH KUMAR\.m2\repository\com\github\docker-java\docker-java-api\3.2.13\docker-java-api-3.2.13.jar;C:\Users\M ROKESH KUMAR\.m2\repository\com\fasterxml\jackson\core\jackson-annotations\2.10.3\jackson-annotations-2.10.3
Launcher Type: SUN_STANDARD

[Global flags]
     intx CICompilerCount                          = 3                                         {product} {ergonomic}
     uint ConcGCThreads                            = 1                                         {product} {ergonomic}
     uint G1ConcRefinementThreads                  = 4                                         {product} {ergonomic}
   size_t G1HeapRegionSize                         = 1048576                                   {product} {ergonomic}
    uintx GCDrainStackTargetSize                   = 64                                        {product} {ergonomic}
   size_t InitialHeapSize                          = 132120576                                 {product} {ergonomic}
   size_t MarkStackSize                            = 4194304                                   {product} {ergonomic}
   size_t MaxHeapSize                              = 2095054848                                {product} {ergonomic}
   size_t MaxNewSize                               = 1256194048                                {product} {ergonomic}
   size_t MinHeapDeltaBytes                        = 1048576                                   {product} {ergonomic}
   size_t MinHeapSize                              = 8388608                                   {product} {ergonomic}
    uintx NonNMethodCodeHeapSize                   = 5832780                                {pd product} {ergonomic}
    uintx NonProfiledCodeHeapSize                  = 122912730                              {pd product} {ergonomic}
    uintx ProfiledCodeHeapSize                     = 122912730                              {pd product} {ergonomic}
    uintx ReservedCodeCacheSize                    = 251658240                              {pd product} {ergonomic}
     bool SegmentedCodeCache                       = true                                      {product} {ergonomic}
     bool ShowCodeDetailsInExceptionMessages       = true                                   {manageable} {command line}
   size_t SoftMaxHeapSize                          = 2095054848                             {manageable} {ergonomic}
     bool UseCompressedClassPointers               = true                           {product lp64_product} {ergonomic}
     bool UseCompressedOops                        = true                           {product lp64_product} {ergonomic}
     bool UseG1GC                                  = true                                      {product} {ergonomic}
     bool UseLargePagesIndividualAllocation        = false                                  {pd product} {ergonomic}

Logging:
Log output configuration:
 #0: stdout all=warning uptime,level,tags
 #1: stderr all=off uptime,level,tags

Environment Variables:
JAVA_HOME=C:\Users\HariHara\jdk
PATH=C:/Users/M ROKESH KUMAR/.p2/pool/plugins/org.eclipse.justj.openjdk.hotspot.jre.full.win32.x86_64_17.0.7.v20230425-1502/jre/bin/server;C:/Users/M ROKESH KUMAR/.p2/pool/plugins/org.eclipse.justj.openjdk.hotspot.jre.full.win32.x86_64_17.0.7.v20230425-1502/jre/bin;C:\Program Files\Common Files\Oracle\Java\javapath;C:\sql\Install\app\oracle\product\11.2.0\server\bin;C:\Program Files (x86)\Common Files\Oracle\Java\javapath;C:\Windows\system32;C:\Windows;C:\Windows\System32\Wbem;C:\Windows\System32\WindowsPowerShell\v1.0\;C:\Windows\System32\OpenSSH\;C:\Users\HariHara\jdk\bin;C:\Users\M ROKESH KUMAR\AppData\Local\Microsoft\WindowsApps;;C:\Users\M ROKESH KUMAR\Desktop;
USERNAME=M ROKESH KUMAR
OS=Windows_NT
PROCESSOR_IDENTIFIER=Intel64 Family 6 Model 140 Stepping 1, GenuineIntel
TMP=C:\Users\MROKES~1\AppData\Local\Temp
TEMP=C:\Users\MROKES~1\AppData\Local\Temp



---------------  S Y S T E M  ---------------

OS:
 Windows 11 , 64 bit Build 22000 (10.0.22000.1335)
OS uptime: 50 days 1:03 hours

CPU: total 4 (initial active 4) (2 cores per cpu, 2 threads per core) family 6 model 140 stepping 1 microcode 0x8a, cx8, cmov, fxsr, ht, mmx, 3dnowpref, sse, sse2, sse3, ssse3, sse4.1, sse4.2, popcnt, lzcnt, tsc, tscinvbit, avx, avx2, aes, erms, clmul, bmi1, bmi2, adx, avx512f, avx512dq, avx512cd, avx512bw, avx512vl, sha, fma, vzeroupper, avx512_vpopcntdq, avx512_vpclmulqdq, avx512_vaes, avx512_vnni, clflush, clflushopt, clwb, avx512_vbmi2, avx512_vbmi

Memory: 4k page, system-wide physical 7991M (191M free)
TotalPageFile size 32567M (AvailPageFile size 0M)
current process WorkingSet (physical memory assigned to process): 123M, peak: 141M
current process commit charge ("private bytes"): 186M, peak: 236M

vm_info: OpenJDK 64-Bit Server VM (17.0.7+7) for windows-amd64 JRE (17.0.7+7), built on Apr 18 2023 22:10:42 by "temurin" with MS VC++ 16.7 (VS2019)

END.
