#
# There is insufficient memory for the Java Runtime Environment to continue.
# Native memory allocation (malloc) failed to allocate 1869616 bytes for Chunk::new
# Possible reasons:
#   The system is out of physical RAM or swap space
#   The process is running with CompressedOops enabled, and the Java Heap may be blocking the growth of the native heap
# Possible solutions:
#   Reduce memory load on the system
#   Increase physical memory or swap space
#   Check if swap backing store is full
#   Decrease Java heap size (-Xmx/-Xms)
#   Decrease number of Java threads
#   Decrease Java thread stack sizes (-Xss)
#   Set larger code cache with -XX:ReservedCodeCacheSize=
#   JVM is running with Unscaled Compressed Oops mode in which the Java heap is
#     placed in the first 4GB address space. The Java Heap base address is the
#     maximum limit for the native heap growth. Please use -XX:HeapBaseMinAddress
#     to set the Java Heap base and to place the Java Heap above 4GB virtual address.
# This output file may be truncated or incomplete.
#
#  Out of Memory Error (arena.cpp:189), pid=179560, tid=192556
#
# JRE version: OpenJDK Runtime Environment Temurin-17.0.7+7 (17.0.7+7) (build 17.0.7+7)
# Java VM: OpenJDK 64-Bit Server VM Temurin-17.0.7+7 (17.0.7+7, mixed mode, tiered, compressed oops, compressed class ptrs, g1 gc, windows-amd64)
# No core dump will be written. Minidumps are not enabled by default on client versions of Windows
#

---------------  S U M M A R Y ------------

Command Line: -ea -Dfile.encoding=UTF-8 -XX:+ShowCodeDetailsInExceptionMessages org.testng.remote.RemoteTestNG -serport 63997 -protocol json -d C:\eclipse workspace\WebDriver\test-output C:\Users\MROKES~1\AppData\Local\Temp\testng-eclipse--1444597212\testng-customsuite.xml

Host: 11th Gen Intel(R) Core(TM) i3-1115G4 @ 3.00GHz, 4 cores, 7G,  Windows 11 , 64 bit Build 22000 (10.0.22000.1335)
Time: Thu Jul  6 22:24:17 2023 India Standard Time elapsed time: 3.658259 seconds (0d 0h 0m 3s)

---------------  T H R E A D  ---------------

Current thread (0x000002b3b056fc70):  JavaThread "C2 CompilerThread0" daemon [_thread_in_native, id=192556, stack(0x000000e229e00000,0x000000e229f00000)]


Current CompileTask:
C2:   3658 2611       4       java.lang.invoke.MethodType::makeImpl (109 bytes)

Stack: [0x000000e229e00000,0x000000e229f00000]
Native frames: (J=compiled Java code, j=interpreted, Vv=VM code, C=native code)
V  [jvm.dll+0x67754a]
V  [jvm.dll+0x834304]
V  [jvm.dll+0x835aae]
V  [jvm.dll+0x836113]
V  [jvm.dll+0x24696f]
V  [jvm.dll+0xac0ac]
V  [jvm.dll+0xac67c]
V  [jvm.dll+0x364de2]
V  [jvm.dll+0x32f6b1]
V  [jvm.dll+0x32eb5a]
V  [jvm.dll+0x219641]
V  [jvm.dll+0x218a61]
V  [jvm.dll+0x1a4d8d]
V  [jvm.dll+0x2284da]
V  [jvm.dll+0x226615]
V  [jvm.dll+0x7ea90b]
V  [jvm.dll+0x7e4e7a]
V  [jvm.dll+0x676395]
C  [ucrtbase.dll+0x26c0c]
C  [KERNEL32.DLL+0x155a0]
C  [ntdll.dll+0x485b]


---------------  P R O C E S S  ---------------

Threads class SMR info:
_java_thread_list=0x000002b3b601f7d0, length=20, elements={
0x000002b394ea4060, 0x000002b3b03faaf0, 0x000002b3b03fbe40, 0x000002b3b0407700,
0x000002b3b0407fc0, 0x000002b3b0409020, 0x000002b3b056ab90, 0x000002b3b056fc70,
0x000002b3b0572720, 0x000002b3b0574f70, 0x000002b3b06ed010, 0x000002b3b070d010,
0x000002b3b58a1620, 0x000002b3b5e87840, 0x000002b3b5e87d10, 0x000002b3b5fe0ee0,
0x000002b3b67d0890, 0x000002b3b5d53980, 0x000002b3b6025760, 0x000002b3b6023a80
}

Java Threads: ( => current thread )
  0x000002b394ea4060 JavaThread "main" [_thread_in_native, id=191632, stack(0x000000e229100000,0x000000e229200000)]
  0x000002b3b03faaf0 JavaThread "Reference Handler" daemon [_thread_blocked, id=187900, stack(0x000000e229800000,0x000000e229900000)]
  0x000002b3b03fbe40 JavaThread "Finalizer" daemon [_thread_blocked, id=172432, stack(0x000000e229900000,0x000000e229a00000)]
  0x000002b3b0407700 JavaThread "Signal Dispatcher" daemon [_thread_blocked, id=130880, stack(0x000000e229a00000,0x000000e229b00000)]
  0x000002b3b0407fc0 JavaThread "Attach Listener" daemon [_thread_blocked, id=187516, stack(0x000000e229b00000,0x000000e229c00000)]
  0x000002b3b0409020 JavaThread "Service Thread" daemon [_thread_blocked, id=195396, stack(0x000000e229c00000,0x000000e229d00000)]
  0x000002b3b056ab90 JavaThread "Monitor Deflation Thread" daemon [_thread_blocked, id=155724, stack(0x000000e229d00000,0x000000e229e00000)]
=>0x000002b3b056fc70 JavaThread "C2 CompilerThread0" daemon [_thread_in_native, id=192556, stack(0x000000e229e00000,0x000000e229f00000)]
  0x000002b3b0572720 JavaThread "C1 CompilerThread0" daemon [_thread_blocked, id=181292, stack(0x000000e229f00000,0x000000e22a000000)]
  0x000002b3b0574f70 JavaThread "Sweeper thread" daemon [_thread_blocked, id=171940, stack(0x000000e22a000000,0x000000e22a100000)]
  0x000002b3b06ed010 JavaThread "Notification Thread" daemon [_thread_blocked, id=147264, stack(0x000000e22a100000,0x000000e22a200000)]
  0x000002b3b070d010 JavaThread "Common-Cleaner" daemon [_thread_blocked, id=192176, stack(0x000000e22a300000,0x000000e22a400000)]
  0x000002b3b58a1620 JavaThread "ReaderThread" [_thread_in_native, id=194984, stack(0x000000e22a800000,0x000000e22a900000)]
  0x000002b3b5e87840 JavaThread "Exec Default Executor" daemon [_thread_in_native, id=19652, stack(0x000000e22a900000,0x000000e22aa00000)]
  0x000002b3b5e87d10 JavaThread "UrlChecker-2" daemon [_thread_blocked, id=194972, stack(0x000000e22aa00000,0x000000e22ab00000)]
  0x000002b3b5fe0ee0 JavaThread "Exec Stream Pumper" daemon [_thread_in_native, id=185420, stack(0x000000e22ab00000,0x000000e22ac00000)]
  0x000002b3b67d0890 JavaThread "Exec Stream Pumper" daemon [_thread_in_native, id=188324, stack(0x000000e22ac00000,0x000000e22ad00000)]
  0x000002b3b5d53980 JavaThread "Keep-Alive-Timer" daemon [_thread_blocked, id=183588, stack(0x000000e22ad00000,0x000000e22ae00000)]
  0x000002b3b6025760 JavaThread "OkHttp ConnectionPool" daemon [_thread_blocked, id=193900, stack(0x000000e22ae00000,0x000000e22af00000)]
  0x000002b3b6023a80 JavaThread "Okio Watchdog" daemon [_thread_blocked, id=17624, stack(0x000000e22af00000,0x000000e22b000000)]

Other Threads:
  0x000002b3b04244b0 VMThread "VM Thread" [stack: 0x000000e229700000,0x000000e229800000] [id=187124]
  0x000002b3b06f1d00 WatcherThread [stack: 0x000000e22a200000,0x000000e22a300000] [id=125972]
  0x000002b394f00a20 GCTaskThread "GC Thread#0" [stack: 0x000000e229200000,0x000000e229300000] [id=195544]
  0x000002b3b5304b90 GCTaskThread "GC Thread#1" [stack: 0x000000e22a400000,0x000000e22a500000] [id=178736]
  0x000002b3b5304e40 GCTaskThread "GC Thread#2" [stack: 0x000000e22a500000,0x000000e22a600000] [id=182832]
  0x000002b3b5642870 GCTaskThread "GC Thread#3" [stack: 0x000000e22a600000,0x000000e22a700000] [id=167248]
  0x000002b394f11320 ConcurrentGCThread "G1 Main Marker" [stack: 0x000000e229300000,0x000000e229400000] [id=193648]
  0x000002b394f12d40 ConcurrentGCThread "G1 Conc#0" [stack: 0x000000e229400000,0x000000e229500000] [id=186916]
  0x000002b394f676b0 ConcurrentGCThread "G1 Refine#0" [stack: 0x000000e229500000,0x000000e229600000] [id=192808]
  0x000002b394f689d0 ConcurrentGCThread "G1 Service" [stack: 0x000000e229600000,0x000000e229700000] [id=190784]

Threads with active compile tasks:
C2 CompilerThread0     3686 2611       4       java.lang.invoke.MethodType::makeImpl (109 bytes)

VM state: not at safepoint (normal execution)

VM Mutex/Monitor currently owned by a thread: None

Heap address: 0x0000000083200000, size: 1998 MB, Compressed Oops mode: 32-bit

CDS archive(s) not mapped
Compressed class space mapped at: 0x0000000100000000-0x0000000140000000, reserved size: 1073741824
Narrow klass base: 0x0000000000000000, Narrow klass shift: 3, Narrow klass range: 0x140000000

GC Precious Log:
 CPUs: 4 total, 4 available
 Memory: 7991M
 Large Page Support: Disabled
 NUMA Support: Disabled
 Compressed Oops: Enabled (32-bit)
 Heap Region Size: 1M
 Heap Min Capacity: 8M
 Heap Initial Capacity: 126M
 Heap Max Capacity: 1998M
 Pre-touch: Disabled
 Parallel Workers: 4
 Concurrent Workers: 1
 Concurrent Refinement Workers: 4
 Periodic GC: Disabled

Heap:
 garbage-first heap   total 78848K, used 31985K [0x0000000083200000, 0x0000000100000000)
  region size 1024K, 24 young (24576K), 2 survivors (2048K)
 Metaspace       used 30642K, committed 30912K, reserved 1114112K
  class space    used 3452K, committed 3584K, reserved 1048576K

Heap Regions: E=young(eden), S=young(survivor), O=old, HS=humongous(starts), HC=humongous(continues), CS=collection set, F=free, OA=open archive, CA=closed archive, TAMS=top-at-mark-start (previous, next)
|   0|0x0000000083200000, 0x0000000083300000, 0x0000000083300000|100%| O|  |TAMS 0x0000000083300000, 0x0000000083200000| Untracked 
|   1|0x0000000083300000, 0x0000000083400000, 0x0000000083400000|100%| O|  |TAMS 0x0000000083400000, 0x0000000083300000| Untracked 
|   2|0x0000000083400000, 0x0000000083500000, 0x0000000083500000|100%| O|  |TAMS 0x0000000083500000, 0x0000000083400000| Untracked 
|   3|0x0000000083500000, 0x0000000083500000, 0x0000000083600000|  0%| F|  |TAMS 0x0000000083500000, 0x0000000083500000| Untracked 
|   4|0x0000000083600000, 0x0000000083700000, 0x0000000083700000|100%| O|  |TAMS 0x0000000083600000, 0x0000000083600000| Untracked 
|   5|0x0000000083700000, 0x0000000083700000, 0x0000000083800000|  0%| F|  |TAMS 0x0000000083700000, 0x0000000083700000| Untracked 
|   6|0x0000000083800000, 0x0000000083800000, 0x0000000083900000|  0%| F|  |TAMS 0x0000000083800000, 0x0000000083800000| Untracked 
|   7|0x0000000083900000, 0x0000000083900000, 0x0000000083a00000|  0%| F|  |TAMS 0x0000000083900000, 0x0000000083900000| Untracked 
|   8|0x0000000083a00000, 0x0000000083a00000, 0x0000000083b00000|  0%| F|  |TAMS 0x0000000083a00000, 0x0000000083a00000| Untracked 
|   9|0x0000000083b00000, 0x0000000083b00000, 0x0000000083c00000|  0%| F|  |TAMS 0x0000000083b00000, 0x0000000083b00000| Untracked 
|  10|0x0000000083c00000, 0x0000000083c00000, 0x0000000083d00000|  0%| F|  |TAMS 0x0000000083c00000, 0x0000000083c00000| Untracked 
|  11|0x0000000083d00000, 0x0000000083e00000, 0x0000000083e00000|100%| O|  |TAMS 0x0000000083d00000, 0x0000000083d00000| Untracked 
|  12|0x0000000083e00000, 0x0000000083f00000, 0x0000000083f00000|100%| O|  |TAMS 0x0000000083e00000, 0x0000000083e00000| Untracked 
|  13|0x0000000083f00000, 0x0000000084000000, 0x0000000084000000|100%| O|  |TAMS 0x0000000083f00000, 0x0000000083f00000| Untracked 
|  14|0x0000000084000000, 0x0000000084100000, 0x0000000084100000|100%| O|  |TAMS 0x0000000084000000, 0x0000000084000000| Untracked 
|  15|0x0000000084100000, 0x00000000841f3c00, 0x0000000084200000| 95%| O|  |TAMS 0x0000000084100000, 0x0000000084100000| Untracked 
|  16|0x0000000084200000, 0x0000000084248bc0, 0x0000000084300000| 28%| S|CS|TAMS 0x0000000084200000, 0x0000000084200000| Complete 
|  17|0x0000000084300000, 0x0000000084400000, 0x0000000084400000|100%| S|CS|TAMS 0x0000000084300000, 0x0000000084300000| Complete 
|  18|0x0000000084400000, 0x0000000084400000, 0x0000000084500000|  0%| F|  |TAMS 0x0000000084400000, 0x0000000084400000| Untracked 
|  19|0x0000000084500000, 0x0000000084500000, 0x0000000084600000|  0%| F|  |TAMS 0x0000000084500000, 0x0000000084500000| Untracked 
|  20|0x0000000084600000, 0x0000000084600000, 0x0000000084700000|  0%| F|  |TAMS 0x0000000084600000, 0x0000000084600000| Untracked 
|  21|0x0000000084700000, 0x0000000084700000, 0x0000000084800000|  0%| F|  |TAMS 0x0000000084700000, 0x0000000084700000| Untracked 
|  22|0x0000000084800000, 0x0000000084800000, 0x0000000084900000|  0%| F|  |TAMS 0x0000000084800000, 0x0000000084800000| Untracked 
|  23|0x0000000084900000, 0x0000000084900000, 0x0000000084a00000|  0%| F|  |TAMS 0x0000000084900000, 0x0000000084900000| Untracked 
|  24|0x0000000084a00000, 0x0000000084a00000, 0x0000000084b00000|  0%| F|  |TAMS 0x0000000084a00000, 0x0000000084a00000| Untracked 
|  25|0x0000000084b00000, 0x0000000084b00000, 0x0000000084c00000|  0%| F|  |TAMS 0x0000000084b00000, 0x0000000084b00000| Untracked 
|  26|0x0000000084c00000, 0x0000000084c00000, 0x0000000084d00000|  0%| F|  |TAMS 0x0000000084c00000, 0x0000000084c00000| Untracked 
|  27|0x0000000084d00000, 0x0000000084d00000, 0x0000000084e00000|  0%| F|  |TAMS 0x0000000084d00000, 0x0000000084d00000| Untracked 
|  28|0x0000000084e00000, 0x0000000084e00000, 0x0000000084f00000|  0%| F|  |TAMS 0x0000000084e00000, 0x0000000084e00000| Untracked 
|  29|0x0000000084f00000, 0x0000000084f00000, 0x0000000085000000|  0%| F|  |TAMS 0x0000000084f00000, 0x0000000084f00000| Untracked 
|  30|0x0000000085000000, 0x0000000085000000, 0x0000000085100000|  0%| F|  |TAMS 0x0000000085000000, 0x0000000085000000| Untracked 
|  31|0x0000000085100000, 0x0000000085100000, 0x0000000085200000|  0%| F|  |TAMS 0x0000000085100000, 0x0000000085100000| Untracked 
|  32|0x0000000085200000, 0x0000000085200000, 0x0000000085300000|  0%| F|  |TAMS 0x0000000085200000, 0x0000000085200000| Untracked 
|  33|0x0000000085300000, 0x0000000085300000, 0x0000000085400000|  0%| F|  |TAMS 0x0000000085300000, 0x0000000085300000| Untracked 
|  34|0x0000000085400000, 0x0000000085400000, 0x0000000085500000|  0%| F|  |TAMS 0x0000000085400000, 0x0000000085400000| Untracked 
|  35|0x0000000085500000, 0x0000000085500000, 0x0000000085600000|  0%| F|  |TAMS 0x0000000085500000, 0x0000000085500000| Untracked 
|  36|0x0000000085600000, 0x0000000085600000, 0x0000000085700000|  0%| F|  |TAMS 0x0000000085600000, 0x0000000085600000| Untracked 
|  37|0x0000000085700000, 0x0000000085700000, 0x0000000085800000|  0%| F|  |TAMS 0x0000000085700000, 0x0000000085700000| Untracked 
|  38|0x0000000085800000, 0x0000000085800000, 0x0000000085900000|  0%| F|  |TAMS 0x0000000085800000, 0x0000000085800000| Untracked 
|  39|0x0000000085900000, 0x0000000085900000, 0x0000000085a00000|  0%| F|  |TAMS 0x0000000085900000, 0x0000000085900000| Untracked 
|  40|0x0000000085a00000, 0x0000000085a00000, 0x0000000085b00000|  0%| F|  |TAMS 0x0000000085a00000, 0x0000000085a00000| Untracked 
|  41|0x0000000085b00000, 0x0000000085b00000, 0x0000000085c00000|  0%| F|  |TAMS 0x0000000085b00000, 0x0000000085b00000| Untracked 
|  42|0x0000000085c00000, 0x0000000085c00000, 0x0000000085d00000|  0%| F|  |TAMS 0x0000000085c00000, 0x0000000085c00000| Untracked 
|  43|0x0000000085d00000, 0x0000000085d00000, 0x0000000085e00000|  0%| F|  |TAMS 0x0000000085d00000, 0x0000000085d00000| Untracked 
|  44|0x0000000085e00000, 0x0000000085e00000, 0x0000000085f00000|  0%| F|  |TAMS 0x0000000085e00000, 0x0000000085e00000| Untracked 
|  45|0x0000000085f00000, 0x0000000085f00000, 0x0000000086000000|  0%| F|  |TAMS 0x0000000085f00000, 0x0000000085f00000| Untracked 
|  46|0x0000000086000000, 0x0000000086000000, 0x0000000086100000|  0%| F|  |TAMS 0x0000000086000000, 0x0000000086000000| Untracked 
|  47|0x0000000086100000, 0x0000000086100000, 0x0000000086200000|  0%| F|  |TAMS 0x0000000086100000, 0x0000000086100000| Untracked 
|  48|0x0000000086200000, 0x0000000086200000, 0x0000000086300000|  0%| F|  |TAMS 0x0000000086200000, 0x0000000086200000| Untracked 
|  49|0x0000000086300000, 0x0000000086300000, 0x0000000086400000|  0%| F|  |TAMS 0x0000000086300000, 0x0000000086300000| Untracked 
|  50|0x0000000086400000, 0x0000000086400000, 0x0000000086500000|  0%| F|  |TAMS 0x0000000086400000, 0x0000000086400000| Untracked 
|  51|0x0000000086500000, 0x0000000086500000, 0x0000000086600000|  0%| F|  |TAMS 0x0000000086500000, 0x0000000086500000| Untracked 
|  52|0x0000000086600000, 0x0000000086600000, 0x0000000086700000|  0%| F|  |TAMS 0x0000000086600000, 0x0000000086600000| Untracked 
|  53|0x0000000086700000, 0x0000000086700000, 0x0000000086800000|  0%| F|  |TAMS 0x0000000086700000, 0x0000000086700000| Untracked 
|  54|0x0000000086800000, 0x0000000086800000, 0x0000000086900000|  0%| F|  |TAMS 0x0000000086800000, 0x0000000086800000| Untracked 
|  55|0x0000000086900000, 0x0000000086a00000, 0x0000000086a00000|100%| E|  |TAMS 0x0000000086900000, 0x0000000086900000| Complete 
|  56|0x0000000086a00000, 0x0000000086b00000, 0x0000000086b00000|100%| E|CS|TAMS 0x0000000086a00000, 0x0000000086a00000| Complete 
|  57|0x0000000086b00000, 0x0000000086c00000, 0x0000000086c00000|100%| E|CS|TAMS 0x0000000086b00000, 0x0000000086b00000| Complete 
|  58|0x0000000086c00000, 0x0000000086d00000, 0x0000000086d00000|100%| E|CS|TAMS 0x0000000086c00000, 0x0000000086c00000| Complete 
|  59|0x0000000086d00000, 0x0000000086e00000, 0x0000000086e00000|100%| E|CS|TAMS 0x0000000086d00000, 0x0000000086d00000| Complete 
|  60|0x0000000086e00000, 0x0000000086f00000, 0x0000000086f00000|100%| E|CS|TAMS 0x0000000086e00000, 0x0000000086e00000| Complete 
|  61|0x0000000086f00000, 0x0000000087000000, 0x0000000087000000|100%| E|CS|TAMS 0x0000000086f00000, 0x0000000086f00000| Complete 
|  62|0x0000000087000000, 0x0000000087100000, 0x0000000087100000|100%| E|CS|TAMS 0x0000000087000000, 0x0000000087000000| Complete 
|  63|0x0000000087100000, 0x0000000087200000, 0x0000000087200000|100%| E|CS|TAMS 0x0000000087100000, 0x0000000087100000| Complete 
|  64|0x0000000087200000, 0x0000000087300000, 0x0000000087300000|100%| E|CS|TAMS 0x0000000087200000, 0x0000000087200000| Complete 
|  65|0x0000000087300000, 0x0000000087400000, 0x0000000087400000|100%| E|CS|TAMS 0x0000000087300000, 0x0000000087300000| Complete 
|  66|0x0000000087400000, 0x0000000087500000, 0x0000000087500000|100%| E|CS|TAMS 0x0000000087400000, 0x0000000087400000| Complete 
|  67|0x0000000087500000, 0x0000000087600000, 0x0000000087600000|100%| E|CS|TAMS 0x0000000087500000, 0x0000000087500000| Complete 
|  68|0x0000000087600000, 0x0000000087700000, 0x0000000087700000|100%| E|CS|TAMS 0x0000000087600000, 0x0000000087600000| Complete 
|  69|0x0000000087700000, 0x0000000087800000, 0x0000000087800000|100%| E|CS|TAMS 0x0000000087700000, 0x0000000087700000| Complete 
|  70|0x0000000087800000, 0x0000000087900000, 0x0000000087900000|100%| E|CS|TAMS 0x0000000087800000, 0x0000000087800000| Complete 
|  71|0x0000000087900000, 0x0000000087a00000, 0x0000000087a00000|100%| E|CS|TAMS 0x0000000087900000, 0x0000000087900000| Complete 
|  72|0x0000000087a00000, 0x0000000087b00000, 0x0000000087b00000|100%| E|CS|TAMS 0x0000000087a00000, 0x0000000087a00000| Complete 
| 112|0x000000008a200000, 0x000000008a300000, 0x000000008a300000|100%| E|CS|TAMS 0x000000008a200000, 0x000000008a200000| Complete 
| 113|0x000000008a300000, 0x000000008a400000, 0x000000008a400000|100%| E|CS|TAMS 0x000000008a300000, 0x000000008a300000| Complete 
| 114|0x000000008a400000, 0x000000008a500000, 0x000000008a500000|100%| E|CS|TAMS 0x000000008a400000, 0x000000008a400000| Complete 
| 125|0x000000008af00000, 0x000000008b000000, 0x000000008b000000|100%| E|CS|TAMS 0x000000008af00000, 0x000000008af00000| Complete 

Card table byte_map: [0x000002b3a9760000,0x000002b3a9b50000] _byte_map_base: 0x000002b3a9347000

Marking Bits (Prev, Next): (CMBitMap*) 0x000002b394f01070, (CMBitMap*) 0x000002b394f01030
 Prev Bits: [0x000002b3abe80000, 0x000002b3addb8000)
 Next Bits: [0x000002b3a9f40000, 0x000002b3abe78000)

Polling page: 0x000002b394f70000

Metaspace:

Usage:
  Non-class:     26.55 MB used.
      Class:      3.37 MB used.
       Both:     29.92 MB used.

Virtual space:
  Non-class space:       64.00 MB reserved,      26.69 MB ( 42%) committed,  1 nodes.
      Class space:        1.00 GB reserved,       3.50 MB ( <1%) committed,  1 nodes.
             Both:        1.06 GB reserved,      30.19 MB (  3%) committed. 

Chunk freelists:
   Non-Class:  4.69 MB
       Class:  12.44 MB
        Both:  17.12 MB

MaxMetaspaceSize: unlimited
CompressedClassSpaceSize: 1.00 GB
Initial GC threshold: 21.00 MB
Current GC threshold: 35.25 MB
CDS: off
MetaspaceReclaimPolicy: balanced
 - commit_granule_bytes: 65536.
 - commit_granule_words: 8192.
 - virtual_space_node_default_size: 8388608.
 - enlarge_chunks_in_place: 1.
 - new_chunks_are_fully_committed: 0.
 - uncommit_free_chunks: 1.
 - use_allocation_guard: 0.
 - handle_deallocations: 1.


Internal statistics:

num_allocs_failed_limit: 3.
num_arena_births: 348.
num_arena_deaths: 0.
num_vsnodes_births: 2.
num_vsnodes_deaths: 0.
num_space_committed: 483.
num_space_uncommitted: 0.
num_chunks_returned_to_freelist: 3.
num_chunks_taken_from_freelist: 950.
num_chunk_merges: 3.
num_chunk_splits: 605.
num_chunks_enlarged: 423.
num_inconsistent_stats: 0.

CodeHeap 'non-profiled nmethods': size=120000Kb used=1030Kb max_used=1030Kb free=118970Kb
 bounds [0x000002b3a1820000, 0x000002b3a1a90000, 0x000002b3a8d50000]
CodeHeap 'profiled nmethods': size=120000Kb used=5170Kb max_used=5170Kb free=114829Kb
 bounds [0x000002b399d50000, 0x000002b39a260000, 0x000002b3a1280000]
CodeHeap 'non-nmethods': size=5760Kb used=1276Kb max_used=1293Kb free=4484Kb
 bounds [0x000002b3a1280000, 0x000002b3a14f0000, 0x000002b3a1820000]
 total_blobs=3206 nmethods=2626 adapters=492
 compilation: enabled
              stopped_count=0, restarted_count=0
 full_count=0

Compilation events (20 events):
Event: 3.578 Thread 0x000002b3b0572720 2621       3       com.google.common.base.AbstractIterator::hasNext (65 bytes)
Event: 3.578 Thread 0x000002b3b0572720 nmethod 2621 0x000002b39a258510 code [0x000002b39a258700, 0x000002b39a258b18]
Event: 3.578 Thread 0x000002b3b0572720 2619       1       com.google.common.base.CharMatcher$None::matches (2 bytes)
Event: 3.578 Thread 0x000002b3b0572720 nmethod 2619 0x000002b3a1921510 code [0x000002b3a19216a0, 0x000002b3a1921778]
Event: 3.578 Thread 0x000002b3b0572720 2622       3       com.google.common.base.Preconditions::checkPositionIndex (8 bytes)
Event: 3.578 Thread 0x000002b3b0572720 nmethod 2622 0x000002b39a258c90 code [0x000002b39a258e20, 0x000002b39a258f48]
Event: 3.589 Thread 0x000002b3b0572720 2623       3       java.util.Arrays::fill (21 bytes)
Event: 3.589 Thread 0x000002b3b0572720 nmethod 2623 0x000002b39a259010 code [0x000002b39a2591a0, 0x000002b39a259358]
Event: 3.589 Thread 0x000002b3b0572720 2624       3       com.google.common.base.Splitter$1$1::separatorEnd (4 bytes)
Event: 3.589 Thread 0x000002b3b0572720 nmethod 2624 0x000002b39a259490 code [0x000002b39a259620, 0x000002b39a259738]
Event: 3.589 Thread 0x000002b3b0572720 2626       3       com.google.common.base.CharMatcher::indexIn (48 bytes)
Event: 3.589 Thread 0x000002b3b0572720 nmethod 2626 0x000002b39a259810 code [0x000002b39a259a00, 0x000002b39a259f38]
Event: 3.589 Thread 0x000002b3b0572720 2629       3       com.google.common.base.Splitter$SplittingIterator::computeNext (279 bytes)
Event: 3.590 Thread 0x000002b3b0572720 nmethod 2629 0x000002b39a25a110 code [0x000002b39a25a400, 0x000002b39a25b6a8]
Event: 3.590 Thread 0x000002b3b0572720 2625       3       com.google.common.base.AbstractIterator::next (34 bytes)
Event: 3.590 Thread 0x000002b3b0572720 nmethod 2625 0x000002b39a25bb90 code [0x000002b39a25bd60, 0x000002b39a25c058]
Event: 3.590 Thread 0x000002b3b0572720 2627       3       com.google.common.base.Splitter$1$1::separatorStart (16 bytes)
Event: 3.590 Thread 0x000002b3b0572720 nmethod 2627 0x000002b39a25c190 code [0x000002b39a25c340, 0x000002b39a25c528]
Event: 3.590 Thread 0x000002b3b0572720 2628       3       com.google.common.base.Splitter$SplittingIterator::computeNext (5 bytes)
Event: 3.590 Thread 0x000002b3b0572720 nmethod 2628 0x000002b39a25c610 code [0x000002b39a25c7a0, 0x000002b39a25c948]

GC Heap History (12 events):
Event: 0.398 GC heap before
{Heap before GC invocations=0 (full 0):
 garbage-first heap   total 129024K, used 13312K [0x0000000083200000, 0x0000000100000000)
  region size 1024K, 13 young (13312K), 0 survivors (0K)
 Metaspace       used 10081K, committed 10240K, reserved 1114112K
  class space    used 955K, committed 1024K, reserved 1048576K
}
Event: 0.400 GC heap after
{Heap after GC invocations=1 (full 0):
 garbage-first heap   total 129024K, used 3944K [0x0000000083200000, 0x0000000100000000)
  region size 1024K, 2 young (2048K), 2 survivors (2048K)
 Metaspace       used 10081K, committed 10240K, reserved 1114112K
  class space    used 955K, committed 1024K, reserved 1048576K
}
Event: 0.790 GC heap before
{Heap before GC invocations=1 (full 0):
 garbage-first heap   total 129024K, used 19304K [0x0000000083200000, 0x0000000100000000)
  region size 1024K, 17 young (17408K), 2 survivors (2048K)
 Metaspace       used 18290K, committed 18496K, reserved 1114112K
  class space    used 1929K, committed 2048K, reserved 1048576K
}
Event: 0.795 GC heap after
{Heap after GC invocations=2 (full 0):
 garbage-first heap   total 129024K, used 6012K [0x0000000083200000, 0x0000000100000000)
  region size 1024K, 3 young (3072K), 3 survivors (3072K)
 Metaspace       used 18290K, committed 18496K, reserved 1114112K
  class space    used 1929K, committed 2048K, reserved 1048576K
}
Event: 1.031 GC heap before
{Heap before GC invocations=2 (full 0):
 garbage-first heap   total 129024K, used 16252K [0x0000000083200000, 0x0000000100000000)
  region size 1024K, 14 young (14336K), 3 survivors (3072K)
 Metaspace       used 21243K, committed 21504K, reserved 1114112K
  class space    used 2294K, committed 2432K, reserved 1048576K
}
Event: 1.037 GC heap after
{Heap after GC invocations=3 (full 0):
 garbage-first heap   total 129024K, used 6647K [0x0000000083200000, 0x0000000100000000)
  region size 1024K, 3 young (3072K), 3 survivors (3072K)
 Metaspace       used 21243K, committed 21504K, reserved 1114112K
  class space    used 2294K, committed 2432K, reserved 1048576K
}
Event: 1.265 GC heap before
{Heap before GC invocations=4 (full 0):
 garbage-first heap   total 27648K, used 18935K [0x0000000083200000, 0x0000000100000000)
  region size 1024K, 16 young (16384K), 3 survivors (3072K)
 Metaspace       used 24687K, committed 24960K, reserved 1114112K
  class space    used 2687K, committed 2816K, reserved 1048576K
}
Event: 1.271 GC heap after
{Heap after GC invocations=5 (full 0):
 garbage-first heap   total 27648K, used 9335K [0x0000000083200000, 0x0000000100000000)
  region size 1024K, 6 young (6144K), 6 survivors (6144K)
 Metaspace       used 24687K, committed 24960K, reserved 1114112K
  class space    used 2687K, committed 2816K, reserved 1048576K
}
Event: 1.289 GC heap before
{Heap before GC invocations=5 (full 0):
 garbage-first heap   total 27648K, used 9335K [0x0000000083200000, 0x0000000100000000)
  region size 1024K, 7 young (7168K), 6 survivors (6144K)
 Metaspace       used 24790K, committed 25088K, reserved 1114112K
  class space    used 2695K, committed 2816K, reserved 1048576K
}
Event: 1.296 GC heap after
{Heap after GC invocations=6 (full 0):
 garbage-first heap   total 27648K, used 9856K [0x0000000083200000, 0x0000000100000000)
  region size 1024K, 1 young (1024K), 1 survivors (1024K)
 Metaspace       used 24790K, committed 25088K, reserved 1114112K
  class space    used 2695K, committed 2816K, reserved 1048576K
}
Event: 1.401 GC heap before
{Heap before GC invocations=6 (full 0):
 garbage-first heap   total 27648K, used 18048K [0x0000000083200000, 0x0000000100000000)
  region size 1024K, 9 young (9216K), 1 survivors (1024K)
 Metaspace       used 25729K, committed 26048K, reserved 1114112K
  class space    used 2747K, committed 2880K, reserved 1048576K
}
Event: 1.403 GC heap after
{Heap after GC invocations=7 (full 0):
 garbage-first heap   total 78848K, used 10481K [0x0000000083200000, 0x0000000100000000)
  region size 1024K, 2 young (2048K), 2 survivors (2048K)
 Metaspace       used 25729K, committed 26048K, reserved 1114112K
  class space    used 2747K, committed 2880K, reserved 1048576K
}

Dll operation events (9 events):
Event: 0.019 Loaded shared library C:\Users\M ROKESH KUMAR\.p2\pool\plugins\org.eclipse.justj.openjdk.hotspot.jre.full.win32.x86_64_17.0.7.v20230425-1502\jre\bin\java.dll
Event: 0.121 Loaded shared library C:\Users\M ROKESH KUMAR\.p2\pool\plugins\org.eclipse.justj.openjdk.hotspot.jre.full.win32.x86_64_17.0.7.v20230425-1502\jre\bin\net.dll
Event: 0.122 Loaded shared library C:\Users\M ROKESH KUMAR\.p2\pool\plugins\org.eclipse.justj.openjdk.hotspot.jre.full.win32.x86_64_17.0.7.v20230425-1502\jre\bin\nio.dll
Event: 0.130 Loaded shared library C:\Users\M ROKESH KUMAR\.p2\pool\plugins\org.eclipse.justj.openjdk.hotspot.jre.full.win32.x86_64_17.0.7.v20230425-1502\jre\bin\zip.dll
Event: 0.228 Loaded shared library C:\Users\M ROKESH KUMAR\.p2\pool\plugins\org.eclipse.justj.openjdk.hotspot.jre.full.win32.x86_64_17.0.7.v20230425-1502\jre\bin\jimage.dll
Event: 0.289 Loaded shared library C:\Users\M ROKESH KUMAR\.p2\pool\plugins\org.eclipse.justj.openjdk.hotspot.jre.full.win32.x86_64_17.0.7.v20230425-1502\jre\bin\verify.dll
Event: 0.464 Loaded shared library C:\Users\M ROKESH KUMAR\.p2\pool\plugins\org.eclipse.justj.openjdk.hotspot.jre.full.win32.x86_64_17.0.7.v20230425-1502\jre\bin\management.dll
Event: 0.468 Loaded shared library C:\Users\M ROKESH KUMAR\.p2\pool\plugins\org.eclipse.justj.openjdk.hotspot.jre.full.win32.x86_64_17.0.7.v20230425-1502\jre\bin\management_ext.dll
Event: 1.074 Loaded shared library C:\Users\M ROKESH KUMAR\.p2\pool\plugins\org.eclipse.justj.openjdk.hotspot.jre.full.win32.x86_64_17.0.7.v20230425-1502\jre\bin\sunmscapi.dll

Deoptimization events (20 events):
Event: 3.552 Thread 0x000002b394ea4060 Uncommon trap: trap_request=0xffffffde fr.pc=0x000002b3a1915c08 relative=0x00000000000005a8
Event: 3.552 Thread 0x000002b394ea4060 Uncommon trap: reason=class_check action=maybe_recompile pc=0x000002b3a1915c08 method=org.openqa.selenium.json.Input.init()V @ 18 c2
Event: 3.552 Thread 0x000002b394ea4060 DEOPT PACKING pc=0x000002b3a1915c08 sp=0x000000e2291fcbf0
Event: 3.552 Thread 0x000002b394ea4060 DEOPT UNPACKING pc=0x000002b3a12da1a3 sp=0x000000e2291fcbd8 mode 2
Event: 3.552 Thread 0x000002b394ea4060 Uncommon trap: trap_request=0xffffffde fr.pc=0x000002b3a1915c08 relative=0x00000000000005a8
Event: 3.552 Thread 0x000002b394ea4060 Uncommon trap: reason=class_check action=maybe_recompile pc=0x000002b3a1915c08 method=org.openqa.selenium.json.Input.init()V @ 18 c2
Event: 3.552 Thread 0x000002b394ea4060 DEOPT PACKING pc=0x000002b3a1915c08 sp=0x000000e2291fc620
Event: 3.552 Thread 0x000002b394ea4060 DEOPT UNPACKING pc=0x000002b3a12da1a3 sp=0x000000e2291fc608 mode 2
Event: 3.552 Thread 0x000002b394ea4060 Uncommon trap: trap_request=0xffffffde fr.pc=0x000002b3a1915c08 relative=0x00000000000005a8
Event: 3.552 Thread 0x000002b394ea4060 Uncommon trap: reason=class_check action=maybe_recompile pc=0x000002b3a1915c08 method=org.openqa.selenium.json.Input.init()V @ 18 c2
Event: 3.552 Thread 0x000002b394ea4060 DEOPT PACKING pc=0x000002b3a1915c08 sp=0x000000e2291fc620
Event: 3.552 Thread 0x000002b394ea4060 DEOPT UNPACKING pc=0x000002b3a12da1a3 sp=0x000000e2291fc608 mode 2
Event: 3.567 Thread 0x000002b394ea4060 Uncommon trap: trap_request=0xffffff45 fr.pc=0x000002b3a18f248c relative=0x000000000000008c
Event: 3.567 Thread 0x000002b394ea4060 Uncommon trap: reason=unstable_if action=reinterpret pc=0x000002b3a18f248c method=java.lang.Math.floorMod(JJ)J @ 10 c2
Event: 3.567 Thread 0x000002b394ea4060 DEOPT PACKING pc=0x000002b3a18f248c sp=0x000000e2291fc910
Event: 3.567 Thread 0x000002b394ea4060 DEOPT UNPACKING pc=0x000002b3a12da1a3 sp=0x000000e2291fc8a0 mode 2
Event: 3.567 Thread 0x000002b394ea4060 Uncommon trap: trap_request=0xffffff45 fr.pc=0x000002b3a18e3240 relative=0x00000000000011a0
Event: 3.567 Thread 0x000002b394ea4060 Uncommon trap: reason=unstable_if action=reinterpret pc=0x000002b3a18e3240 method=java.util.concurrent.ConcurrentHashMap.putVal(Ljava/lang/Object;Ljava/lang/Object;Z)Ljava/lang/Object; @ 256 c2
Event: 3.567 Thread 0x000002b394ea4060 DEOPT PACKING pc=0x000002b3a18e3240 sp=0x000000e2291fcc40
Event: 3.567 Thread 0x000002b394ea4060 DEOPT UNPACKING pc=0x000002b3a12da1a3 sp=0x000000e2291fcbc8 mode 2

Classes unloaded (0 events):
No events

Classes redefined (0 events):
No events

Internal exceptions (20 events):
Event: 1.556 Thread 0x000002b3b5e87d10 Exception <a 'java/net/SocketException'{0x0000000087508158}: Socket is not connected: shutdown> (0x0000000087508158) 
thrown [s\src\hotspot\share\prims\jni.cpp, line 535]
Event: 1.560 Thread 0x000002b3b5e87840 Exception <a 'java/lang/NoSuchMethodError'{0x000000008768f040}: 'void java.lang.invoke.DirectMethodHandle$Holder.invokeStatic(java.lang.Object, long)'> (0x000000008768f040) 
thrown [s\src\hotspot\share\interpreter\linkResolver.cpp, line 759]
Event: 1.560 Thread 0x000002b3b5e87840 Exception <a 'java/lang/NoSuchMethodError'{0x00000000876943e8}: 'java.lang.Object java.lang.invoke.DirectMethodHandle$Holder.newInvokeSpecial(java.lang.Object, long)'> (0x00000000876943e8) 
thrown [s\src\hotspot\share\interpreter\linkResolver.cpp, line 759]
Event: 1.561 Thread 0x000002b3b5e87840 Exception <a 'java/lang/NoSuchMethodError'{0x000000008769af48}: 'java.lang.Object java.lang.invoke.DirectMethodHandle$Holder.invokeStatic(java.lang.Object, java.lang.Object, long, java.lang.Object)'> (0x000000008769af48) 
thrown [s\src\hotspot\share\interpreter\linkResolver.cpp, line 759]
Event: 1.561 Thread 0x000002b3b5e87840 Exception <a 'java/lang/NoSuchMethodError'{0x000000008769e738}: 'java.lang.Object java.lang.invoke.DirectMethodHandle$Holder.invokeStaticInit(java.lang.Object, java.lang.Object, long, java.lang.Object)'> (0x000000008769e738) 
thrown [s\src\hotspot\share\interpreter\linkResolver.cpp, line 759]
Event: 1.562 Thread 0x000002b3b5e87840 Exception <a 'java/lang/NoSuchMethodError'{0x00000000876a47c0}: 'java.lang.Object java.lang.invoke.DirectMethodHandle$Holder.newInvokeSpecial(java.lang.Object, java.lang.Object, long)'> (0x00000000876a47c0) 
thrown [s\src\hotspot\share\interpreter\linkResolver.cpp, line 759]
Event: 1.579 Thread 0x000002b3b5e87d10 Exception <a 'java/net/ConnectException'{0x00000000875091c0}: Connection refused: no further information> (0x00000000875091c0) 
thrown [s\src\hotspot\share\prims\jni.cpp, line 535]
Event: 1.579 Thread 0x000002b3b5e87d10 Exception <a 'java/net/SocketException'{0x00000000875094f8}: Socket is not connected: shutdown> (0x00000000875094f8) 
thrown [s\src\hotspot\share\prims\jni.cpp, line 535]
Event: 1.612 Thread 0x000002b3b5e87d10 Exception <a 'java/net/ConnectException'{0x000000008750a490}: Connection refused: no further information> (0x000000008750a490) 
thrown [s\src\hotspot\share\prims\jni.cpp, line 535]
Event: 1.612 Thread 0x000002b3b5e87d10 Exception <a 'java/net/SocketException'{0x000000008750a7c8}: Socket is not connected: shutdown> (0x000000008750a7c8) 
thrown [s\src\hotspot\share\prims\jni.cpp, line 535]
Event: 1.684 Thread 0x000002b394ea4060 Exception <a 'java/lang/NoSuchMethodError'{0x000000008746f530}: 'java.lang.Object java.lang.invoke.DirectMethodHandle$Holder.invokeInterface(java.lang.Object, java.lang.Object, java.lang.Object)'> (0x000000008746f530) 
thrown [s\src\hotspot\share\interpreter\linkResolver.cpp, line 759]
Event: 1.684 Thread 0x000002b394ea4060 Exception <a 'java/lang/IncompatibleClassChangeError'{0x0000000087472bf8}: Found class java.lang.Object, but interface was expected> (0x0000000087472bf8) 
thrown [s\src\hotspot\share\interpreter\linkResolver.cpp, line 826]
Event: 1.687 Thread 0x000002b394ea4060 Exception <a 'java/lang/NoSuchMethodError'{0x000000008747b360}: 'int java.lang.invoke.DirectMethodHandle$Holder.invokeSpecialIFC(java.lang.Object, java.lang.Object, java.lang.Object, java.lang.Object)'> (0x000000008747b360) 
thrown [s\src\hotspot\share\interpreter\linkResolver.cpp, line 759]
Event: 1.688 Thread 0x000002b394ea4060 Exception <a 'java/lang/NoSuchMethodError'{0x0000000087483b38}: 'java.lang.Object java.lang.invoke.DirectMethodHandle$Holder.invokeInterface(java.lang.Object, java.lang.Object, java.lang.Object, java.lang.Object)'> (0x0000000087483b38) 
thrown [s\src\hotspot\share\interpreter\linkResolver.cpp, line 759]
Event: 1.703 Thread 0x000002b394ea4060 Exception <a 'java/lang/NoSuchMethodError'{0x000000008731b438}: 'void java.lang.invoke.DirectMethodHandle$Holder.invokeInterface(java.lang.Object, java.lang.Object, java.lang.Object)'> (0x000000008731b438) 
thrown [s\src\hotspot\share\interpreter\linkResolver.cpp, line 759]
Event: 1.710 Thread 0x000002b394ea4060 Exception <a 'java/lang/NoSuchMethodError'{0x0000000087378c68}: 'double java.lang.invoke.DirectMethodHandle$Holder.invokeVirtual(java.lang.Object, java.lang.Object)'> (0x0000000087378c68) 
thrown [s\src\hotspot\share\interpreter\linkResolver.cpp, line 759]
Event: 1.711 Thread 0x000002b394ea4060 Exception <a 'java/lang/NoSuchMethodError'{0x000000008737f3e8}: 'float java.lang.invoke.DirectMethodHandle$Holder.invokeVirtual(java.lang.Object, java.lang.Object)'> (0x000000008737f3e8) 
thrown [s\src\hotspot\share\interpreter\linkResolver.cpp, line 759]
Event: 1.711 Thread 0x000002b394ea4060 Exception <a 'java/lang/NoSuchMethodError'{0x0000000087388680}: 'long java.lang.invoke.DirectMethodHandle$Holder.invokeVirtual(java.lang.Object, java.lang.Object)'> (0x0000000087388680) 
thrown [s\src\hotspot\share\interpreter\linkResolver.cpp, line 759]
Event: 1.731 Thread 0x000002b394ea4060 Exception <a 'java/lang/NoSuchMethodError'{0x00000000872bae30}: 'void java.lang.invoke.DirectMethodHandle$Holder.invokeSpecial(java.lang.Object, java.lang.Object, java.lang.Object, java.lang.Object, java.lang.Object)'> (0x00000000872bae30) 
thrown [s\src\hotspot\share\interpreter\linkResolver.cpp, line 759]
Event: 3.569 Thread 0x000002b394ea4060 Exception <a 'java/lang/ClassNotFoundException'{0x0000000086ad5d20}: sun/util/logging/resources/spi/loggingProvider> (0x0000000086ad5d20) 
thrown [s\src\hotspot\share\classfile\systemDictionary.cpp, line 256]

VM Operations (20 events):
Event: 1.265 Executing VM operation: G1CollectForAllocation
Event: 1.271 Executing VM operation: G1CollectForAllocation done
Event: 1.289 Executing VM operation: G1CollectForAllocation
Event: 1.296 Executing VM operation: G1CollectForAllocation done
Event: 1.315 Executing VM operation: HandshakeAllThreads
Event: 1.315 Executing VM operation: HandshakeAllThreads done
Event: 1.401 Executing VM operation: G1CollectForAllocation
Event: 1.403 Executing VM operation: G1CollectForAllocation done
Event: 1.515 Executing VM operation: HandshakeAllThreads
Event: 1.515 Executing VM operation: HandshakeAllThreads done
Event: 1.515 Executing VM operation: HandshakeAllThreads
Event: 1.515 Executing VM operation: HandshakeAllThreads done
Event: 1.661 Executing VM operation: HandshakeAllThreads
Event: 1.662 Executing VM operation: HandshakeAllThreads done
Event: 1.663 Executing VM operation: HandshakeAllThreads
Event: 1.664 Executing VM operation: HandshakeAllThreads done
Event: 1.836 Executing VM operation: HandshakeAllThreads
Event: 1.836 Executing VM operation: HandshakeAllThreads done
Event: 2.846 Executing VM operation: Cleanup
Event: 2.846 Executing VM operation: Cleanup done

Events (20 events):
Event: 3.568 loading class java/util/logging/Level$RbAccess
Event: 3.569 loading class java/util/logging/Level$RbAccess done
Event: 3.569 loading class sun/util/logging/resources/logging
Event: 3.569 loading class sun/util/logging/resources/logging done
Event: 3.569 loading class sun/util/logging/resources/logging_en
Event: 3.569 loading class sun/util/logging/resources/logging_en done
Event: 3.569 loading class sun/util/logging/resources/logging_en
Event: 3.569 loading class sun/util/logging/resources/logging_en done
Event: 3.569 loading class sun/util/logging/resources/logging_en_IN
Event: 3.569 loading class sun/util/logging/resources/logging_en_IN done
Event: 3.569 loading class sun/util/logging/resources/logging_en_IN
Event: 3.569 loading class sun/util/logging/resources/logging_en_IN done
Event: 3.569 loading class java/util/Formatter$DateTime
Event: 3.569 loading class java/util/Formatter$DateTime done
Event: 3.569 loading class java/time/ZonedDateTime$1
Event: 3.569 loading class java/time/ZonedDateTime$1 done
Event: 3.569 loading class java/time/LocalDate$1
Event: 3.569 loading class java/time/LocalDate$1 done
Event: 3.570 loading class java/time/LocalTime$1
Event: 3.570 loading class java/time/LocalTime$1 done


Dynamic libraries:
0x00007ff6042c0000 - 0x00007ff6042ce000 	C:\Users\M ROKESH KUMAR\.p2\pool\plugins\org.eclipse.justj.openjdk.hotspot.jre.full.win32.x86_64_17.0.7.v20230425-1502\jre\bin\javaw.exe
0x00007fff86f00000 - 0x00007fff87109000 	C:\Windows\SYSTEM32\ntdll.dll
0x00007fff863a0000 - 0x00007fff8645e000 	C:\Windows\System32\KERNEL32.DLL
0x00007fff843d0000 - 0x00007fff8474b000 	C:\Windows\System32\KERNELBASE.dll
0x00007fff847f0000 - 0x00007fff84901000 	C:\Windows\System32\ucrtbase.dll
0x00007fff800e0000 - 0x00007fff800f7000 	C:\Users\M ROKESH KUMAR\.p2\pool\plugins\org.eclipse.justj.openjdk.hotspot.jre.full.win32.x86_64_17.0.7.v20230425-1502\jre\bin\jli.dll
0x00007fff86af0000 - 0x00007fff86c9d000 	C:\Windows\System32\USER32.dll
0x00007fff84d50000 - 0x00007fff84d76000 	C:\Windows\System32\win32u.dll
0x00007fff85b40000 - 0x00007fff85b69000 	C:\Windows\System32\GDI32.dll
0x00007fff84a50000 - 0x00007fff84b68000 	C:\Windows\System32\gdi32full.dll
0x00007fff84750000 - 0x00007fff847ed000 	C:\Windows\System32\msvcp_win.dll
0x00007fff69470000 - 0x00007fff69715000 	C:\Windows\WinSxS\amd64_microsoft.windows.common-controls_6595b64144ccf1df_6.0.22000.120_none_9d947278b86cc467\COMCTL32.dll
0x00007fff84fd0000 - 0x00007fff85073000 	C:\Windows\System32\msvcrt.dll
0x00007fff800c0000 - 0x00007fff800d9000 	C:\Users\M ROKESH KUMAR\.p2\pool\plugins\org.eclipse.justj.openjdk.hotspot.jre.full.win32.x86_64_17.0.7.v20230425-1502\jre\bin\VCRUNTIME140.dll
0x00007fff86140000 - 0x00007fff86172000 	C:\Windows\System32\IMM32.DLL
0x00007fff811e0000 - 0x00007fff811ec000 	C:\Users\M ROKESH KUMAR\.p2\pool\plugins\org.eclipse.justj.openjdk.hotspot.jre.full.win32.x86_64_17.0.7.v20230425-1502\jre\bin\vcruntime140_1.dll
0x00007fff64b40000 - 0x00007fff64bd1000 	C:\Users\M ROKESH KUMAR\.p2\pool\plugins\org.eclipse.justj.openjdk.hotspot.jre.full.win32.x86_64_17.0.7.v20230425-1502\jre\bin\msvcp140.dll
0x00007fff2b120000 - 0x00007fff2bd68000 	C:\Users\M ROKESH KUMAR\.p2\pool\plugins\org.eclipse.justj.openjdk.hotspot.jre.full.win32.x86_64_17.0.7.v20230425-1502\jre\bin\server\jvm.dll
0x00007fff84d80000 - 0x00007fff84e2e000 	C:\Windows\System32\ADVAPI32.dll
0x00007fff85240000 - 0x00007fff852de000 	C:\Windows\System32\sechost.dll
0x00007fff85b70000 - 0x00007fff85c90000 	C:\Windows\System32\RPCRT4.dll
0x00007fff81e50000 - 0x00007fff81e83000 	C:\Windows\SYSTEM32\WINMM.dll
0x00007fff6cdb0000 - 0x00007fff6cdb9000 	C:\Windows\SYSTEM32\WSOCK32.dll
0x00007fff86270000 - 0x00007fff862df000 	C:\Windows\System32\WS2_32.dll
0x00007fff7ba60000 - 0x00007fff7ba6a000 	C:\Windows\SYSTEM32\VERSION.dll
0x00007fff83540000 - 0x00007fff83558000 	C:\Windows\SYSTEM32\kernel.appcore.dll
0x00007fff811a0000 - 0x00007fff811aa000 	C:\Users\M ROKESH KUMAR\.p2\pool\plugins\org.eclipse.justj.openjdk.hotspot.jre.full.win32.x86_64_17.0.7.v20230425-1502\jre\bin\jimage.dll
0x00007fff81bb0000 - 0x00007fff81dd1000 	C:\Windows\SYSTEM32\DBGHELP.DLL
0x00007fff81e10000 - 0x00007fff81e41000 	C:\Windows\SYSTEM32\dbgcore.DLL
0x00007fff84910000 - 0x00007fff8498f000 	C:\Windows\System32\bcryptPrimitives.dll
0x00007fff7be40000 - 0x00007fff7be65000 	C:\Users\M ROKESH KUMAR\.p2\pool\plugins\org.eclipse.justj.openjdk.hotspot.jre.full.win32.x86_64_17.0.7.v20230425-1502\jre\bin\java.dll
0x00007fff7f5f0000 - 0x00007fff7f608000 	C:\Users\M ROKESH KUMAR\.p2\pool\plugins\org.eclipse.justj.openjdk.hotspot.jre.full.win32.x86_64_17.0.7.v20230425-1502\jre\bin\zip.dll
0x00007fff85360000 - 0x00007fff85b17000 	C:\Windows\System32\SHELL32.dll
0x00007fff824c0000 - 0x00007fff82d25000 	C:\Windows\SYSTEM32\windows.storage.dll
0x00007fff85d20000 - 0x00007fff86098000 	C:\Windows\System32\combase.dll
0x00007fff82350000 - 0x00007fff824b6000 	C:\Windows\SYSTEM32\wintypes.dll
0x00007fff86d60000 - 0x00007fff86e4a000 	C:\Windows\System32\SHCORE.dll
0x00007fff85300000 - 0x00007fff8535d000 	C:\Windows\System32\shlwapi.dll
0x00007fff84300000 - 0x00007fff84321000 	C:\Windows\SYSTEM32\profapi.dll
0x00007fff7a410000 - 0x00007fff7a429000 	C:\Users\M ROKESH KUMAR\.p2\pool\plugins\org.eclipse.justj.openjdk.hotspot.jre.full.win32.x86_64_17.0.7.v20230425-1502\jre\bin\net.dll
0x00007fff7cb30000 - 0x00007fff7cc44000 	C:\Windows\SYSTEM32\WINHTTP.dll
0x00007fff839e0000 - 0x00007fff83a47000 	C:\Windows\system32\mswsock.dll
0x00007fff79780000 - 0x00007fff79795000 	C:\Users\M ROKESH KUMAR\.p2\pool\plugins\org.eclipse.justj.openjdk.hotspot.jre.full.win32.x86_64_17.0.7.v20230425-1502\jre\bin\nio.dll
0x00007fff80450000 - 0x00007fff80460000 	C:\Users\M ROKESH KUMAR\.p2\pool\plugins\org.eclipse.justj.openjdk.hotspot.jre.full.win32.x86_64_17.0.7.v20230425-1502\jre\bin\verify.dll
0x00007fff80000000 - 0x00007fff80009000 	C:\Users\M ROKESH KUMAR\.p2\pool\plugins\org.eclipse.justj.openjdk.hotspot.jre.full.win32.x86_64_17.0.7.v20230425-1502\jre\bin\management.dll
0x00007fff7ff50000 - 0x00007fff7ff5b000 	C:\Users\M ROKESH KUMAR\.p2\pool\plugins\org.eclipse.justj.openjdk.hotspot.jre.full.win32.x86_64_17.0.7.v20230425-1502\jre\bin\management_ext.dll
0x00007fff86130000 - 0x00007fff86138000 	C:\Windows\System32\PSAPI.DLL
0x00007fff64320000 - 0x00007fff64337000 	C:\Windows\system32\napinsp.dll
0x00007fff641d0000 - 0x00007fff641eb000 	C:\Windows\system32\pnrpnsp.dll
0x00007fff830e0000 - 0x00007fff831c8000 	C:\Windows\SYSTEM32\DNSAPI.dll
0x00007fff830b0000 - 0x00007fff830dd000 	C:\Windows\SYSTEM32\IPHLPAPI.DLL
0x00007fff852f0000 - 0x00007fff852f9000 	C:\Windows\System32\NSI.dll
0x00007fff64100000 - 0x00007fff64112000 	C:\Windows\System32\winrnr.dll
0x00007fff640e0000 - 0x00007fff640f5000 	C:\Windows\system32\wshbth.dll
0x00007fff640c0000 - 0x00007fff640df000 	C:\Windows\system32\nlansp_c.dll
0x00007fff7ba30000 - 0x00007fff7ba3a000 	C:\Windows\System32\rasadhlp.dll
0x00007fff798c0000 - 0x00007fff79941000 	C:\Windows\System32\fwpuclnt.dll
0x00007fff83c20000 - 0x00007fff83c38000 	C:\Windows\SYSTEM32\CRYPTSP.dll
0x00007fff834a0000 - 0x00007fff834d5000 	C:\Windows\system32\rsaenh.dll
0x00007fff83ad0000 - 0x00007fff83af9000 	C:\Windows\SYSTEM32\USERENV.dll
0x00007fff83db0000 - 0x00007fff83dd7000 	C:\Windows\SYSTEM32\bcrypt.dll
0x00007fff83c40000 - 0x00007fff83c4c000 	C:\Windows\SYSTEM32\CRYPTBASE.dll
0x00007fff7c500000 - 0x00007fff7c519000 	C:\Windows\SYSTEM32\dhcpcsvc6.DLL
0x00007fff7c940000 - 0x00007fff7c95e000 	C:\Windows\SYSTEM32\dhcpcsvc.DLL
0x00007fff80060000 - 0x00007fff8006e000 	C:\Users\M ROKESH KUMAR\.p2\pool\plugins\org.eclipse.justj.openjdk.hotspot.jre.full.win32.x86_64_17.0.7.v20230425-1502\jre\bin\sunmscapi.dll
0x00007fff84be0000 - 0x00007fff84d42000 	C:\Windows\System32\CRYPT32.dll
0x00007fff83d80000 - 0x00007fff83da8000 	C:\Windows\SYSTEM32\ncrypt.dll
0x00007fff83d40000 - 0x00007fff83d77000 	C:\Windows\SYSTEM32\NTASN1.dll

dbghelp: loaded successfully - version: 4.0.5 - missing functions: none
symbol engine: initialized successfully - sym options: 0x614 - pdb path: .;C:\Users\M ROKESH KUMAR\.p2\pool\plugins\org.eclipse.justj.openjdk.hotspot.jre.full.win32.x86_64_17.0.7.v20230425-1502\jre\bin;C:\Windows\SYSTEM32;C:\Windows\WinSxS\amd64_microsoft.windows.common-controls_6595b64144ccf1df_6.0.22000.120_none_9d947278b86cc467;C:\Users\M ROKESH KUMAR\.p2\pool\plugins\org.eclipse.justj.openjdk.hotspot.jre.full.win32.x86_64_17.0.7.v20230425-1502\jre\bin\server

VM Arguments:
jvm_args: -ea -Dfile.encoding=UTF-8 -XX:+ShowCodeDetailsInExceptionMessages 
java_command: org.testng.remote.RemoteTestNG -serport 63997 -protocol json -d C:\eclipse workspace\WebDriver\test-output C:\Users\MROKES~1\AppData\Local\Temp\testng-eclipse--1444597212\testng-customsuite.xml
java_class_path (initial): C:\Users\M ROKESH KUMAR\eclipse\java-2023-06\eclipse\configuration\org.eclipse.osgi\514\0\.cp\lib\testng-remote.jar;C:\eclipse workspace\WebDriver\target\test-classes;C:\eclipse workspace\WebDriver\target\classes;C:\Users\M ROKESH KUMAR\.p2\pool\plugins\org.testng_7.8.0.r202306071539.jar;C:\Users\M ROKESH KUMAR\.p2\pool\plugins\com.beust.jcommander_1.82.0.jar;C:\Users\M ROKESH KUMAR\.p2\pool\plugins\org.apache-extras.beanshell.bsh_2.0.0.b6.jar;C:\Users\M ROKESH KUMAR\.p2\pool\plugins\org.yaml.snakeyaml_1.27.0.v20221112-0806.jar;C:\Users\M ROKESH KUMAR\.p2\pool\plugins\org.webjars.jquery_3.6.1.jar;C:\Users\M ROKESH KUMAR\.m2\repository\junit\junit\4.5\junit-4.5.jar;C:\Users\M ROKESH KUMAR\.m2\repository\org\testng\testng\7.4.0\testng-7.4.0.jar;C:\Users\M ROKESH KUMAR\.m2\repository\com\beust\jcommander\1.78\jcommander-1.78.jar;C:\Users\M ROKESH KUMAR\.m2\repository\org\webjars\jquery\3.5.1\jquery-3.5.1.jar;C:\Users\M ROKESH KUMAR\.m2\repository\org\apache\logging\log4j\log4j-slf4j-impl\2.20.0\log4j-slf4j-impl-2.20.0.jar;C:\Users\M ROKESH KUMAR\.m2\repository\org\apache\logging\log4j\log4j-api\2.20.0\log4j-api-2.20.0.jar;C:\Users\M ROKESH KUMAR\.m2\repository\org\slf4j\slf4j-api\1.7.25\slf4j-api-1.7.25.jar;C:\Users\M ROKESH KUMAR\.m2\repository\org\apache\logging\log4j\log4j-core\2.20.0\log4j-core-2.20.0.jar;C:\Users\M ROKESH KUMAR\.m2\repository\io\github\bonigarcia\webdrivermanager\5.3.1\webdrivermanager-5.3.1.jar;C:\Users\M ROKESH KUMAR\.m2\repository\com\google\code\gson\gson\2.10\gson-2.10.jar;C:\Users\M ROKESH KUMAR\.m2\repository\com\github\docker-java\docker-java\3.2.13\docker-java-3.2.13.jar;C:\Users\M ROKESH KUMAR\.m2\repository\com\github\docker-java\docker-java-core\3.2.13\docker-java-core-3.2.13.jar;C:\Users\M ROKESH KUMAR\.m2\repository\com\github\docker-java\docker-java-api\3.2.13\docker-java-api-3.2.13.jar;C:\Users\M ROKESH KUMAR\.m2\repository\com\fasterxml\jackson\core\jackson-annotations\2.10.3\jackson-annotations-2.10.3
Launcher Type: SUN_STANDARD

[Global flags]
     intx CICompilerCount                          = 3                                         {product} {ergonomic}
     uint ConcGCThreads                            = 1                                         {product} {ergonomic}
     uint G1ConcRefinementThreads                  = 4                                         {product} {ergonomic}
   size_t G1HeapRegionSize                         = 1048576                                   {product} {ergonomic}
    uintx GCDrainStackTargetSize                   = 64                                        {product} {ergonomic}
   size_t InitialHeapSize                          = 132120576                                 {product} {ergonomic}
   size_t MarkStackSize                            = 4194304                                   {product} {ergonomic}
   size_t MaxHeapSize                              = 2095054848                                {product} {ergonomic}
   size_t MaxNewSize                               = 1256194048                                {product} {ergonomic}
   size_t MinHeapDeltaBytes                        = 1048576                                   {product} {ergonomic}
   size_t MinHeapSize                              = 8388608                                   {product} {ergonomic}
    uintx NonNMethodCodeHeapSize                   = 5832780                                {pd product} {ergonomic}
    uintx NonProfiledCodeHeapSize                  = 122912730                              {pd product} {ergonomic}
    uintx ProfiledCodeHeapSize                     = 122912730                              {pd product} {ergonomic}
    uintx ReservedCodeCacheSize                    = 251658240                              {pd product} {ergonomic}
     bool SegmentedCodeCache                       = true                                      {product} {ergonomic}
     bool ShowCodeDetailsInExceptionMessages       = true                                   {manageable} {command line}
   size_t SoftMaxHeapSize                          = 2095054848                             {manageable} {ergonomic}
     bool UseCompressedClassPointers               = true                           {product lp64_product} {ergonomic}
     bool UseCompressedOops                        = true                           {product lp64_product} {ergonomic}
     bool UseG1GC                                  = true                                      {product} {ergonomic}
     bool UseLargePagesIndividualAllocation        = false                                  {pd product} {ergonomic}

Logging:
Log output configuration:
 #0: stdout all=warning uptime,level,tags
 #1: stderr all=off uptime,level,tags

Environment Variables:
JAVA_HOME=C:\Users\HariHara\jdk
PATH=C:/Users/M ROKESH KUMAR/.p2/pool/plugins/org.eclipse.justj.openjdk.hotspot.jre.full.win32.x86_64_17.0.7.v20230425-1502/jre/bin/server;C:/Users/M ROKESH KUMAR/.p2/pool/plugins/org.eclipse.justj.openjdk.hotspot.jre.full.win32.x86_64_17.0.7.v20230425-1502/jre/bin;C:\Program Files\Common Files\Oracle\Java\javapath;C:\sql\Install\app\oracle\product\11.2.0\server\bin;C:\Program Files (x86)\Common Files\Oracle\Java\javapath;C:\Windows\system32;C:\Windows;C:\Windows\System32\Wbem;C:\Windows\System32\WindowsPowerShell\v1.0\;C:\Windows\System32\OpenSSH\;C:\Users\HariHara\jdk\bin;C:\Users\M ROKESH KUMAR\AppData\Local\Microsoft\WindowsApps;;C:\Users\M ROKESH KUMAR\Desktop;
USERNAME=M ROKESH KUMAR
OS=Windows_NT
PROCESSOR_IDENTIFIER=Intel64 Family 6 Model 140 Stepping 1, GenuineIntel
TMP=C:\Users\MROKES~1\AppData\Local\Temp
TEMP=C:\Users\MROKES~1\AppData\Local\Temp



---------------  S Y S T E M  ---------------

OS:
 Windows 11 , 64 bit Build 22000 (10.0.22000.1335)
OS uptime: 50 days 7:16 hours

CPU: total 4 (initial active 4) (2 cores per cpu, 2 threads per core) family 6 model 140 stepping 1 microcode 0x8a, cx8, cmov, fxsr, ht, mmx, 3dnowpref, sse, sse2, sse3, ssse3, sse4.1, sse4.2, popcnt, lzcnt, tsc, tscinvbit, avx, avx2, aes, erms, clmul, bmi1, bmi2, adx, avx512f, avx512dq, avx512cd, avx512bw, avx512vl, sha, fma, vzeroupper, avx512_vpopcntdq, avx512_vpclmulqdq, avx512_vaes, avx512_vnni, clflush, clflushopt, clwb, avx512_vbmi2, avx512_vbmi

Memory: 4k page, system-wide physical 7991M (180M free)
TotalPageFile size 32567M (AvailPageFile size 4M)
current process WorkingSet (physical memory assigned to process): 141M, peak: 141M
current process commit charge ("private bytes"): 199M, peak: 236M

vm_info: OpenJDK 64-Bit Server VM (17.0.7+7) for windows-amd64 JRE (17.0.7+7), built on Apr 18 2023 22:10:42 by "temurin" with MS VC++ 16.7 (VS2019)

END.
