#
# There is insufficient memory for the Java Runtime Environment to continue.
# Native memory allocation (malloc) failed to allocate 32744 bytes for ChunkPool::allocate
# Possible reasons:
#   The system is out of physical RAM or swap space
#   The process is running with CompressedOops enabled, and the Java Heap may be blocking the growth of the native heap
# Possible solutions:
#   Reduce memory load on the system
#   Increase physical memory or swap space
#   Check if swap backing store is full
#   Decrease Java heap size (-Xmx/-Xms)
#   Decrease number of Java threads
#   Decrease Java thread stack sizes (-Xss)
#   Set larger code cache with -XX:ReservedCodeCacheSize=
#   JVM is running with Unscaled Compressed Oops mode in which the Java heap is
#     placed in the first 4GB address space. The Java Heap base address is the
#     maximum limit for the native heap growth. Please use -XX:HeapBaseMinAddress
#     to set the Java Heap base and to place the Java Heap above 4GB virtual address.
# This output file may be truncated or incomplete.
#
#  Out of Memory Error (arena.cpp:78), pid=170648, tid=191632
#
# JRE version: OpenJDK Runtime Environment Temurin-17.0.7+7 (17.0.7+7) (build 17.0.7+7)
# Java VM: OpenJDK 64-Bit Server VM Temurin-17.0.7+7 (17.0.7+7, mixed mode, tiered, compressed oops, compressed class ptrs, g1 gc, windows-amd64)
# No core dump will be written. Minidumps are not enabled by default on client versions of Windows
#

---------------  S U M M A R Y ------------

Command Line: -ea -Dfile.encoding=UTF-8 -XX:+ShowCodeDetailsInExceptionMessages org.testng.remote.RemoteTestNG -serport 59163 -protocol json -d C:\eclipse workspace\WebDriver\test-output C:\Users\MROKES~1\AppData\Local\Temp\testng-eclipse--1694063707\testng-customsuite.xml

Host: 11th Gen Intel(R) Core(TM) i3-1115G4 @ 3.00GHz, 4 cores, 7G,  Windows 11 , 64 bit Build 22000 (10.0.22000.1335)
Time: Thu Jul  6 17:04:25 2023 India Standard Time elapsed time: 1.065052 seconds (0d 0h 0m 1s)

---------------  T H R E A D  ---------------

Current thread (0x000001f883c04be0):  JavaThread "main" [_thread_in_vm, id=191632, stack(0x000000197c700000,0x000000197c800000)]

Stack: [0x000000197c700000,0x000000197c800000]
Native frames: (J=compiled Java code, j=interpreted, Vv=VM code, C=native code)
V  [jvm.dll+0x67754a]
V  [jvm.dll+0x834304]
V  [jvm.dll+0x835aae]
V  [jvm.dll+0x836113]
V  [jvm.dll+0x24696f]
V  [jvm.dll+0xac2cc]
V  [jvm.dll+0xac67c]
V  [jvm.dll+0x40ddbe]
V  [jvm.dll+0x413f58]
C  [java.dll+0x17ec]

Java frames: (J=compiled Java code, j=interpreted, Vv=VM code)
j  java.lang.ClassLoader.defineClass1(Ljava/lang/ClassLoader;Ljava/lang/String;[BIILjava/security/ProtectionDomain;Ljava/lang/String;)Ljava/lang/Class;+0 java.base@17.0.7
j  java.lang.ClassLoader.defineClass(Ljava/lang/String;[BIILjava/security/ProtectionDomain;)Ljava/lang/Class;+27 java.base@17.0.7
j  java.security.SecureClassLoader.defineClass(Ljava/lang/String;[BIILjava/security/CodeSource;)Ljava/lang/Class;+12 java.base@17.0.7
j  jdk.internal.loader.BuiltinClassLoader.defineClass(Ljava/lang/String;Ljdk/internal/loader/Resource;)Ljava/lang/Class;+117 java.base@17.0.7
j  jdk.internal.loader.BuiltinClassLoader.findClassOnClassPathOrNull(Ljava/lang/String;)Ljava/lang/Class;+37 java.base@17.0.7
J 479 c1 jdk.internal.loader.BuiltinClassLoader.loadClassOrNull(Ljava/lang/String;Z)Ljava/lang/Class; java.base@17.0.7 (143 bytes) @ 0x000001f88737a684 [0x000001f8873797c0+0x0000000000000ec4]
j  jdk.internal.loader.BuiltinClassLoader.loadClass(Ljava/lang/String;Z)Ljava/lang/Class;+3 java.base@17.0.7
j  jdk.internal.loader.ClassLoaders$AppClassLoader.loadClass(Ljava/lang/String;Z)Ljava/lang/Class;+36 java.base@17.0.7
j  java.lang.ClassLoader.loadClass(Ljava/lang/String;)Ljava/lang/Class;+3 java.base@17.0.7
v  ~StubRoutines::call_stub
j  org.apache.logging.log4j.MarkerManager.getMarker(Ljava/lang/String;)Lorg/apache/logging/log4j/Marker;+21
j  org.apache.logging.log4j.spi.AbstractLogger.<clinit>()V+2
v  ~StubRoutines::call_stub
j  org.apache.logging.slf4j.Log4jLoggerFactory.<clinit>()V+0
v  ~StubRoutines::call_stub
j  org.slf4j.impl.StaticLoggerBinder.<init>()V+5
j  org.slf4j.impl.StaticLoggerBinder.<clinit>()V+17
v  ~StubRoutines::call_stub
j  org.slf4j.LoggerFactory.bind()V+16
j  org.slf4j.LoggerFactory.performInitialization()V+0
j  org.slf4j.LoggerFactory.getILoggerFactory()Lorg/slf4j/ILoggerFactory;+22
j  org.slf4j.LoggerFactory.getLogger(Ljava/lang/String;)Lorg/slf4j/Logger;+0
j  org.slf4j.LoggerFactory.getLogger(Ljava/lang/Class;)Lorg/slf4j/Logger;+4
j  org.testng.log4testng.Logger.lambda$getLogger$0(Ljava/lang/Class;)Lorg/testng/log4testng/Logger;+5
j  org.testng.log4testng.Logger$$Lambda$10+0x00000001000c1480.apply(Ljava/lang/Object;)Ljava/lang/Object;+4
j  java.util.concurrent.ConcurrentHashMap.computeIfAbsent(Ljava/lang/Object;Ljava/util/function/Function;)Ljava/lang/Object;+115 java.base@17.0.7
j  org.testng.log4testng.Logger.getLogger(Ljava/lang/Class;)Lorg/testng/log4testng/Logger;+9
j  org.testng.TestNG.<clinit>()V+2
v  ~StubRoutines::call_stub
j  org.testng.remote.support.RemoteTestNGFactory7_8.createRemoteTestNG()Lorg/testng/remote/IRemoteTestNG;+0
j  org.testng.remote.RemoteTestNG.main([Ljava/lang/String;)V+106
v  ~StubRoutines::call_stub

---------------  P R O C E S S  ---------------

Threads class SMR info:
_java_thread_list=0x000001f89d4b3be0, length=12, elements={
0x000001f883c04be0, 0x000001f89d207680, 0x000001f89d208c50, 0x000001f89d237f50,
0x000001f89d238810, 0x000001f89d2390d0, 0x000001f89d239990, 0x000001f89d23a580,
0x000001f89d3c1b80, 0x000001f89d3c4930, 0x000001f89d4ce6c0, 0x000001f89d4ec9f0
}

Java Threads: ( => current thread )
=>0x000001f883c04be0 JavaThread "main" [_thread_in_vm, id=191632, stack(0x000000197c700000,0x000000197c800000)]
  0x000001f89d207680 JavaThread "Reference Handler" daemon [_thread_blocked, id=84732, stack(0x000000197ce00000,0x000000197cf00000)]
  0x000001f89d208c50 JavaThread "Finalizer" daemon [_thread_blocked, id=31956, stack(0x000000197cf00000,0x000000197d000000)]
  0x000001f89d237f50 JavaThread "Signal Dispatcher" daemon [_thread_blocked, id=192668, stack(0x000000197d000000,0x000000197d100000)]
  0x000001f89d238810 JavaThread "Attach Listener" daemon [_thread_blocked, id=129116, stack(0x000000197d100000,0x000000197d200000)]
  0x000001f89d2390d0 JavaThread "Service Thread" daemon [_thread_blocked, id=124472, stack(0x000000197d200000,0x000000197d300000)]
  0x000001f89d239990 JavaThread "Monitor Deflation Thread" daemon [_thread_blocked, id=182288, stack(0x000000197d300000,0x000000197d400000)]
  0x000001f89d23a580 JavaThread "C2 CompilerThread0" daemon [_thread_blocked, id=145552, stack(0x000000197d400000,0x000000197d500000)]
  0x000001f89d3c1b80 JavaThread "C1 CompilerThread0" daemon [_thread_in_native, id=193724, stack(0x000000197d500000,0x000000197d600000)]
  0x000001f89d3c4930 JavaThread "Sweeper thread" daemon [_thread_blocked, id=185420, stack(0x000000197d600000,0x000000197d700000)]
  0x000001f89d4ce6c0 JavaThread "Notification Thread" daemon [_thread_blocked, id=95764, stack(0x000000197d700000,0x000000197d800000)]
  0x000001f89d4ec9f0 JavaThread "Common-Cleaner" daemon [_thread_blocked, id=192852, stack(0x000000197d900000,0x000000197da00000)]

Other Threads:
  0x000001f89d1e0a10 VMThread "VM Thread" [stack: 0x000000197cd00000,0x000000197ce00000] [id=156400]
  0x000001f89d4cefa0 WatcherThread [stack: 0x000000197d800000,0x000000197d900000] [id=168164]
  0x000001f883c60590 GCTaskThread "GC Thread#0" [stack: 0x000000197c800000,0x000000197c900000] [id=142740]
  0x000001f883c70e90 ConcurrentGCThread "G1 Main Marker" [stack: 0x000000197c900000,0x000000197ca00000] [id=193272]
  0x000001f883c718a0 ConcurrentGCThread "G1 Conc#0" [stack: 0x000000197ca00000,0x000000197cb00000] [id=93108]
  0x000001f883cc7220 ConcurrentGCThread "G1 Refine#0" [stack: 0x000000197cb00000,0x000000197cc00000] [id=138996]
  0x000001f883cc8540 ConcurrentGCThread "G1 Service" [stack: 0x000000197cc00000,0x000000197cd00000] [id=189008]

Threads with active compile tasks:
C1 CompilerThread0     1080  502       3       java.net.URLStreamHandler::parseURL (1201 bytes)

VM state: not at safepoint (normal execution)

VM Mutex/Monitor currently owned by a thread: None

Heap address: 0x0000000083200000, size: 1998 MB, Compressed Oops mode: 32-bit

CDS archive(s) not mapped
Compressed class space mapped at: 0x0000000100000000-0x0000000140000000, reserved size: 1073741824
Narrow klass base: 0x0000000000000000, Narrow klass shift: 3, Narrow klass range: 0x140000000

GC Precious Log:
 CPUs: 4 total, 4 available
 Memory: 7991M
 Large Page Support: Disabled
 NUMA Support: Disabled
 Compressed Oops: Enabled (32-bit)
 Heap Region Size: 1M
 Heap Min Capacity: 8M
 Heap Initial Capacity: 126M
 Heap Max Capacity: 1998M
 Pre-touch: Disabled
 Parallel Workers: 4
 Concurrent Workers: 1
 Concurrent Refinement Workers: 4
 Periodic GC: Disabled

Heap:
 garbage-first heap   total 129024K, used 8192K [0x0000000083200000, 0x0000000100000000)
  region size 1024K, 9 young (9216K), 0 survivors (0K)
 Metaspace       used 8129K, committed 8192K, reserved 1114112K
  class space    used 697K, committed 704K, reserved 1048576K

Heap Regions: E=young(eden), S=young(survivor), O=old, HS=humongous(starts), HC=humongous(continues), CS=collection set, F=free, OA=open archive, CA=closed archive, TAMS=top-at-mark-start (previous, next)
|   0|0x0000000083200000, 0x0000000083200000, 0x0000000083300000|  0%| F|  |TAMS 0x0000000083200000, 0x0000000083200000| Untracked 
|   1|0x0000000083300000, 0x0000000083300000, 0x0000000083400000|  0%| F|  |TAMS 0x0000000083300000, 0x0000000083300000| Untracked 
|   2|0x0000000083400000, 0x0000000083400000, 0x0000000083500000|  0%| F|  |TAMS 0x0000000083400000, 0x0000000083400000| Untracked 
|   3|0x0000000083500000, 0x0000000083500000, 0x0000000083600000|  0%| F|  |TAMS 0x0000000083500000, 0x0000000083500000| Untracked 
|   4|0x0000000083600000, 0x0000000083600000, 0x0000000083700000|  0%| F|  |TAMS 0x0000000083600000, 0x0000000083600000| Untracked 
|   5|0x0000000083700000, 0x0000000083700000, 0x0000000083800000|  0%| F|  |TAMS 0x0000000083700000, 0x0000000083700000| Untracked 
|   6|0x0000000083800000, 0x0000000083800000, 0x0000000083900000|  0%| F|  |TAMS 0x0000000083800000, 0x0000000083800000| Untracked 
|   7|0x0000000083900000, 0x0000000083900000, 0x0000000083a00000|  0%| F|  |TAMS 0x0000000083900000, 0x0000000083900000| Untracked 
|   8|0x0000000083a00000, 0x0000000083a00000, 0x0000000083b00000|  0%| F|  |TAMS 0x0000000083a00000, 0x0000000083a00000| Untracked 
|   9|0x0000000083b00000, 0x0000000083b00000, 0x0000000083c00000|  0%| F|  |TAMS 0x0000000083b00000, 0x0000000083b00000| Untracked 
|  10|0x0000000083c00000, 0x0000000083c00000, 0x0000000083d00000|  0%| F|  |TAMS 0x0000000083c00000, 0x0000000083c00000| Untracked 
|  11|0x0000000083d00000, 0x0000000083d00000, 0x0000000083e00000|  0%| F|  |TAMS 0x0000000083d00000, 0x0000000083d00000| Untracked 
|  12|0x0000000083e00000, 0x0000000083e00000, 0x0000000083f00000|  0%| F|  |TAMS 0x0000000083e00000, 0x0000000083e00000| Untracked 
|  13|0x0000000083f00000, 0x0000000083f00000, 0x0000000084000000|  0%| F|  |TAMS 0x0000000083f00000, 0x0000000083f00000| Untracked 
|  14|0x0000000084000000, 0x0000000084000000, 0x0000000084100000|  0%| F|  |TAMS 0x0000000084000000, 0x0000000084000000| Untracked 
|  15|0x0000000084100000, 0x0000000084100000, 0x0000000084200000|  0%| F|  |TAMS 0x0000000084100000, 0x0000000084100000| Untracked 
|  16|0x0000000084200000, 0x0000000084200000, 0x0000000084300000|  0%| F|  |TAMS 0x0000000084200000, 0x0000000084200000| Untracked 
|  17|0x0000000084300000, 0x0000000084300000, 0x0000000084400000|  0%| F|  |TAMS 0x0000000084300000, 0x0000000084300000| Untracked 
|  18|0x0000000084400000, 0x0000000084400000, 0x0000000084500000|  0%| F|  |TAMS 0x0000000084400000, 0x0000000084400000| Untracked 
|  19|0x0000000084500000, 0x0000000084500000, 0x0000000084600000|  0%| F|  |TAMS 0x0000000084500000, 0x0000000084500000| Untracked 
|  20|0x0000000084600000, 0x0000000084600000, 0x0000000084700000|  0%| F|  |TAMS 0x0000000084600000, 0x0000000084600000| Untracked 
|  21|0x0000000084700000, 0x0000000084700000, 0x0000000084800000|  0%| F|  |TAMS 0x0000000084700000, 0x0000000084700000| Untracked 
|  22|0x0000000084800000, 0x0000000084800000, 0x0000000084900000|  0%| F|  |TAMS 0x0000000084800000, 0x0000000084800000| Untracked 
|  23|0x0000000084900000, 0x0000000084900000, 0x0000000084a00000|  0%| F|  |TAMS 0x0000000084900000, 0x0000000084900000| Untracked 
|  24|0x0000000084a00000, 0x0000000084a00000, 0x0000000084b00000|  0%| F|  |TAMS 0x0000000084a00000, 0x0000000084a00000| Untracked 
|  25|0x0000000084b00000, 0x0000000084b00000, 0x0000000084c00000|  0%| F|  |TAMS 0x0000000084b00000, 0x0000000084b00000| Untracked 
|  26|0x0000000084c00000, 0x0000000084c00000, 0x0000000084d00000|  0%| F|  |TAMS 0x0000000084c00000, 0x0000000084c00000| Untracked 
|  27|0x0000000084d00000, 0x0000000084d00000, 0x0000000084e00000|  0%| F|  |TAMS 0x0000000084d00000, 0x0000000084d00000| Untracked 
|  28|0x0000000084e00000, 0x0000000084e00000, 0x0000000084f00000|  0%| F|  |TAMS 0x0000000084e00000, 0x0000000084e00000| Untracked 
|  29|0x0000000084f00000, 0x0000000084f00000, 0x0000000085000000|  0%| F|  |TAMS 0x0000000084f00000, 0x0000000084f00000| Untracked 
|  30|0x0000000085000000, 0x0000000085000000, 0x0000000085100000|  0%| F|  |TAMS 0x0000000085000000, 0x0000000085000000| Untracked 
|  31|0x0000000085100000, 0x0000000085100000, 0x0000000085200000|  0%| F|  |TAMS 0x0000000085100000, 0x0000000085100000| Untracked 
|  32|0x0000000085200000, 0x0000000085200000, 0x0000000085300000|  0%| F|  |TAMS 0x0000000085200000, 0x0000000085200000| Untracked 
|  33|0x0000000085300000, 0x0000000085300000, 0x0000000085400000|  0%| F|  |TAMS 0x0000000085300000, 0x0000000085300000| Untracked 
|  34|0x0000000085400000, 0x0000000085400000, 0x0000000085500000|  0%| F|  |TAMS 0x0000000085400000, 0x0000000085400000| Untracked 
|  35|0x0000000085500000, 0x0000000085500000, 0x0000000085600000|  0%| F|  |TAMS 0x0000000085500000, 0x0000000085500000| Untracked 
|  36|0x0000000085600000, 0x0000000085600000, 0x0000000085700000|  0%| F|  |TAMS 0x0000000085600000, 0x0000000085600000| Untracked 
|  37|0x0000000085700000, 0x0000000085700000, 0x0000000085800000|  0%| F|  |TAMS 0x0000000085700000, 0x0000000085700000| Untracked 
|  38|0x0000000085800000, 0x0000000085800000, 0x0000000085900000|  0%| F|  |TAMS 0x0000000085800000, 0x0000000085800000| Untracked 
|  39|0x0000000085900000, 0x0000000085900000, 0x0000000085a00000|  0%| F|  |TAMS 0x0000000085900000, 0x0000000085900000| Untracked 
|  40|0x0000000085a00000, 0x0000000085a00000, 0x0000000085b00000|  0%| F|  |TAMS 0x0000000085a00000, 0x0000000085a00000| Untracked 
|  41|0x0000000085b00000, 0x0000000085b00000, 0x0000000085c00000|  0%| F|  |TAMS 0x0000000085b00000, 0x0000000085b00000| Untracked 
|  42|0x0000000085c00000, 0x0000000085c00000, 0x0000000085d00000|  0%| F|  |TAMS 0x0000000085c00000, 0x0000000085c00000| Untracked 
|  43|0x0000000085d00000, 0x0000000085d00000, 0x0000000085e00000|  0%| F|  |TAMS 0x0000000085d00000, 0x0000000085d00000| Untracked 
|  44|0x0000000085e00000, 0x0000000085e00000, 0x0000000085f00000|  0%| F|  |TAMS 0x0000000085e00000, 0x0000000085e00000| Untracked 
|  45|0x0000000085f00000, 0x0000000085f00000, 0x0000000086000000|  0%| F|  |TAMS 0x0000000085f00000, 0x0000000085f00000| Untracked 
|  46|0x0000000086000000, 0x0000000086000000, 0x0000000086100000|  0%| F|  |TAMS 0x0000000086000000, 0x0000000086000000| Untracked 
|  47|0x0000000086100000, 0x0000000086100000, 0x0000000086200000|  0%| F|  |TAMS 0x0000000086100000, 0x0000000086100000| Untracked 
|  48|0x0000000086200000, 0x0000000086200000, 0x0000000086300000|  0%| F|  |TAMS 0x0000000086200000, 0x0000000086200000| Untracked 
|  49|0x0000000086300000, 0x0000000086300000, 0x0000000086400000|  0%| F|  |TAMS 0x0000000086300000, 0x0000000086300000| Untracked 
|  50|0x0000000086400000, 0x0000000086400000, 0x0000000086500000|  0%| F|  |TAMS 0x0000000086400000, 0x0000000086400000| Untracked 
|  51|0x0000000086500000, 0x0000000086500000, 0x0000000086600000|  0%| F|  |TAMS 0x0000000086500000, 0x0000000086500000| Untracked 
|  52|0x0000000086600000, 0x0000000086600000, 0x0000000086700000|  0%| F|  |TAMS 0x0000000086600000, 0x0000000086600000| Untracked 
|  53|0x0000000086700000, 0x0000000086700000, 0x0000000086800000|  0%| F|  |TAMS 0x0000000086700000, 0x0000000086700000| Untracked 
|  54|0x0000000086800000, 0x0000000086800000, 0x0000000086900000|  0%| F|  |TAMS 0x0000000086800000, 0x0000000086800000| Untracked 
|  55|0x0000000086900000, 0x0000000086900000, 0x0000000086a00000|  0%| F|  |TAMS 0x0000000086900000, 0x0000000086900000| Untracked 
|  56|0x0000000086a00000, 0x0000000086a00000, 0x0000000086b00000|  0%| F|  |TAMS 0x0000000086a00000, 0x0000000086a00000| Untracked 
|  57|0x0000000086b00000, 0x0000000086b00000, 0x0000000086c00000|  0%| F|  |TAMS 0x0000000086b00000, 0x0000000086b00000| Untracked 
|  58|0x0000000086c00000, 0x0000000086c00000, 0x0000000086d00000|  0%| F|  |TAMS 0x0000000086c00000, 0x0000000086c00000| Untracked 
|  59|0x0000000086d00000, 0x0000000086d00000, 0x0000000086e00000|  0%| F|  |TAMS 0x0000000086d00000, 0x0000000086d00000| Untracked 
|  60|0x0000000086e00000, 0x0000000086e00000, 0x0000000086f00000|  0%| F|  |TAMS 0x0000000086e00000, 0x0000000086e00000| Untracked 
|  61|0x0000000086f00000, 0x0000000086f00000, 0x0000000087000000|  0%| F|  |TAMS 0x0000000086f00000, 0x0000000086f00000| Untracked 
|  62|0x0000000087000000, 0x0000000087000000, 0x0000000087100000|  0%| F|  |TAMS 0x0000000087000000, 0x0000000087000000| Untracked 
|  63|0x0000000087100000, 0x0000000087100000, 0x0000000087200000|  0%| F|  |TAMS 0x0000000087100000, 0x0000000087100000| Untracked 
|  64|0x0000000087200000, 0x0000000087200000, 0x0000000087300000|  0%| F|  |TAMS 0x0000000087200000, 0x0000000087200000| Untracked 
|  65|0x0000000087300000, 0x0000000087300000, 0x0000000087400000|  0%| F|  |TAMS 0x0000000087300000, 0x0000000087300000| Untracked 
|  66|0x0000000087400000, 0x0000000087400000, 0x0000000087500000|  0%| F|  |TAMS 0x0000000087400000, 0x0000000087400000| Untracked 
|  67|0x0000000087500000, 0x0000000087500000, 0x0000000087600000|  0%| F|  |TAMS 0x0000000087500000, 0x0000000087500000| Untracked 
|  68|0x0000000087600000, 0x0000000087600000, 0x0000000087700000|  0%| F|  |TAMS 0x0000000087600000, 0x0000000087600000| Untracked 
|  69|0x0000000087700000, 0x0000000087700000, 0x0000000087800000|  0%| F|  |TAMS 0x0000000087700000, 0x0000000087700000| Untracked 
|  70|0x0000000087800000, 0x0000000087800000, 0x0000000087900000|  0%| F|  |TAMS 0x0000000087800000, 0x0000000087800000| Untracked 
|  71|0x0000000087900000, 0x0000000087900000, 0x0000000087a00000|  0%| F|  |TAMS 0x0000000087900000, 0x0000000087900000| Untracked 
|  72|0x0000000087a00000, 0x0000000087a00000, 0x0000000087b00000|  0%| F|  |TAMS 0x0000000087a00000, 0x0000000087a00000| Untracked 
|  73|0x0000000087b00000, 0x0000000087b00000, 0x0000000087c00000|  0%| F|  |TAMS 0x0000000087b00000, 0x0000000087b00000| Untracked 
|  74|0x0000000087c00000, 0x0000000087c00000, 0x0000000087d00000|  0%| F|  |TAMS 0x0000000087c00000, 0x0000000087c00000| Untracked 
|  75|0x0000000087d00000, 0x0000000087d00000, 0x0000000087e00000|  0%| F|  |TAMS 0x0000000087d00000, 0x0000000087d00000| Untracked 
|  76|0x0000000087e00000, 0x0000000087e00000, 0x0000000087f00000|  0%| F|  |TAMS 0x0000000087e00000, 0x0000000087e00000| Untracked 
|  77|0x0000000087f00000, 0x0000000087f00000, 0x0000000088000000|  0%| F|  |TAMS 0x0000000087f00000, 0x0000000087f00000| Untracked 
|  78|0x0000000088000000, 0x0000000088000000, 0x0000000088100000|  0%| F|  |TAMS 0x0000000088000000, 0x0000000088000000| Untracked 
|  79|0x0000000088100000, 0x0000000088100000, 0x0000000088200000|  0%| F|  |TAMS 0x0000000088100000, 0x0000000088100000| Untracked 
|  80|0x0000000088200000, 0x0000000088200000, 0x0000000088300000|  0%| F|  |TAMS 0x0000000088200000, 0x0000000088200000| Untracked 
|  81|0x0000000088300000, 0x0000000088300000, 0x0000000088400000|  0%| F|  |TAMS 0x0000000088300000, 0x0000000088300000| Untracked 
|  82|0x0000000088400000, 0x0000000088400000, 0x0000000088500000|  0%| F|  |TAMS 0x0000000088400000, 0x0000000088400000| Untracked 
|  83|0x0000000088500000, 0x0000000088500000, 0x0000000088600000|  0%| F|  |TAMS 0x0000000088500000, 0x0000000088500000| Untracked 
|  84|0x0000000088600000, 0x0000000088600000, 0x0000000088700000|  0%| F|  |TAMS 0x0000000088600000, 0x0000000088600000| Untracked 
|  85|0x0000000088700000, 0x0000000088700000, 0x0000000088800000|  0%| F|  |TAMS 0x0000000088700000, 0x0000000088700000| Untracked 
|  86|0x0000000088800000, 0x0000000088800000, 0x0000000088900000|  0%| F|  |TAMS 0x0000000088800000, 0x0000000088800000| Untracked 
|  87|0x0000000088900000, 0x0000000088900000, 0x0000000088a00000|  0%| F|  |TAMS 0x0000000088900000, 0x0000000088900000| Untracked 
|  88|0x0000000088a00000, 0x0000000088a00000, 0x0000000088b00000|  0%| F|  |TAMS 0x0000000088a00000, 0x0000000088a00000| Untracked 
|  89|0x0000000088b00000, 0x0000000088b00000, 0x0000000088c00000|  0%| F|  |TAMS 0x0000000088b00000, 0x0000000088b00000| Untracked 
|  90|0x0000000088c00000, 0x0000000088c00000, 0x0000000088d00000|  0%| F|  |TAMS 0x0000000088c00000, 0x0000000088c00000| Untracked 
|  91|0x0000000088d00000, 0x0000000088d00000, 0x0000000088e00000|  0%| F|  |TAMS 0x0000000088d00000, 0x0000000088d00000| Untracked 
|  92|0x0000000088e00000, 0x0000000088e00000, 0x0000000088f00000|  0%| F|  |TAMS 0x0000000088e00000, 0x0000000088e00000| Untracked 
|  93|0x0000000088f00000, 0x0000000088f00000, 0x0000000089000000|  0%| F|  |TAMS 0x0000000088f00000, 0x0000000088f00000| Untracked 
|  94|0x0000000089000000, 0x0000000089000000, 0x0000000089100000|  0%| F|  |TAMS 0x0000000089000000, 0x0000000089000000| Untracked 
|  95|0x0000000089100000, 0x0000000089100000, 0x0000000089200000|  0%| F|  |TAMS 0x0000000089100000, 0x0000000089100000| Untracked 
|  96|0x0000000089200000, 0x0000000089200000, 0x0000000089300000|  0%| F|  |TAMS 0x0000000089200000, 0x0000000089200000| Untracked 
|  97|0x0000000089300000, 0x0000000089300000, 0x0000000089400000|  0%| F|  |TAMS 0x0000000089300000, 0x0000000089300000| Untracked 
|  98|0x0000000089400000, 0x0000000089400000, 0x0000000089500000|  0%| F|  |TAMS 0x0000000089400000, 0x0000000089400000| Untracked 
|  99|0x0000000089500000, 0x0000000089500000, 0x0000000089600000|  0%| F|  |TAMS 0x0000000089500000, 0x0000000089500000| Untracked 
| 100|0x0000000089600000, 0x0000000089600000, 0x0000000089700000|  0%| F|  |TAMS 0x0000000089600000, 0x0000000089600000| Untracked 
| 101|0x0000000089700000, 0x0000000089700000, 0x0000000089800000|  0%| F|  |TAMS 0x0000000089700000, 0x0000000089700000| Untracked 
| 102|0x0000000089800000, 0x0000000089800000, 0x0000000089900000|  0%| F|  |TAMS 0x0000000089800000, 0x0000000089800000| Untracked 
| 103|0x0000000089900000, 0x0000000089900000, 0x0000000089a00000|  0%| F|  |TAMS 0x0000000089900000, 0x0000000089900000| Untracked 
| 104|0x0000000089a00000, 0x0000000089a00000, 0x0000000089b00000|  0%| F|  |TAMS 0x0000000089a00000, 0x0000000089a00000| Untracked 
| 105|0x0000000089b00000, 0x0000000089b00000, 0x0000000089c00000|  0%| F|  |TAMS 0x0000000089b00000, 0x0000000089b00000| Untracked 
| 106|0x0000000089c00000, 0x0000000089c00000, 0x0000000089d00000|  0%| F|  |TAMS 0x0000000089c00000, 0x0000000089c00000| Untracked 
| 107|0x0000000089d00000, 0x0000000089d00000, 0x0000000089e00000|  0%| F|  |TAMS 0x0000000089d00000, 0x0000000089d00000| Untracked 
| 108|0x0000000089e00000, 0x0000000089e00000, 0x0000000089f00000|  0%| F|  |TAMS 0x0000000089e00000, 0x0000000089e00000| Untracked 
| 109|0x0000000089f00000, 0x0000000089f00000, 0x000000008a000000|  0%| F|  |TAMS 0x0000000089f00000, 0x0000000089f00000| Untracked 
| 110|0x000000008a000000, 0x000000008a000000, 0x000000008a100000|  0%| F|  |TAMS 0x000000008a000000, 0x000000008a000000| Untracked 
| 111|0x000000008a100000, 0x000000008a100000, 0x000000008a200000|  0%| F|  |TAMS 0x000000008a100000, 0x000000008a100000| Untracked 
| 112|0x000000008a200000, 0x000000008a200000, 0x000000008a300000|  0%| F|  |TAMS 0x000000008a200000, 0x000000008a200000| Untracked 
| 113|0x000000008a300000, 0x000000008a300000, 0x000000008a400000|  0%| F|  |TAMS 0x000000008a300000, 0x000000008a300000| Untracked 
| 114|0x000000008a400000, 0x000000008a400000, 0x000000008a500000|  0%| F|  |TAMS 0x000000008a400000, 0x000000008a400000| Untracked 
| 115|0x000000008a500000, 0x000000008a500000, 0x000000008a600000|  0%| F|  |TAMS 0x000000008a500000, 0x000000008a500000| Untracked 
| 116|0x000000008a600000, 0x000000008a600000, 0x000000008a700000|  0%| F|  |TAMS 0x000000008a600000, 0x000000008a600000| Untracked 
| 117|0x000000008a700000, 0x000000008a797118, 0x000000008a800000| 59%| E|  |TAMS 0x000000008a700000, 0x000000008a700000| Complete 
| 118|0x000000008a800000, 0x000000008a900000, 0x000000008a900000|100%| E|CS|TAMS 0x000000008a800000, 0x000000008a800000| Complete 
| 119|0x000000008a900000, 0x000000008aa00000, 0x000000008aa00000|100%| E|CS|TAMS 0x000000008a900000, 0x000000008a900000| Complete 
| 120|0x000000008aa00000, 0x000000008ab00000, 0x000000008ab00000|100%| E|CS|TAMS 0x000000008aa00000, 0x000000008aa00000| Complete 
| 121|0x000000008ab00000, 0x000000008ac00000, 0x000000008ac00000|100%| E|CS|TAMS 0x000000008ab00000, 0x000000008ab00000| Complete 
| 122|0x000000008ac00000, 0x000000008ad00000, 0x000000008ad00000|100%| E|CS|TAMS 0x000000008ac00000, 0x000000008ac00000| Complete 
| 123|0x000000008ad00000, 0x000000008ae00000, 0x000000008ae00000|100%| E|CS|TAMS 0x000000008ad00000, 0x000000008ad00000| Complete 
| 124|0x000000008ae00000, 0x000000008af00000, 0x000000008af00000|100%| E|CS|TAMS 0x000000008ae00000, 0x000000008ae00000| Complete 
| 125|0x000000008af00000, 0x000000008b000000, 0x000000008b000000|100%| E|CS|TAMS 0x000000008af00000, 0x000000008af00000| Complete 

Card table byte_map: [0x000001f8966b0000,0x000001f896aa0000] _byte_map_base: 0x000001f896297000

Marking Bits (Prev, Next): (CMBitMap*) 0x000001f883c60ba0, (CMBitMap*) 0x000001f883c60be0
 Prev Bits: [0x000001f896e90000, 0x000001f898dc8000)
 Next Bits: [0x000001f898dd0000, 0x000001f89ad08000)

Polling page: 0x000001f881b70000

Metaspace:

Usage:
  Non-class:      7.26 MB used.
      Class:    697.36 KB used.
       Both:      7.94 MB used.

Virtual space:
  Non-class space:       64.00 MB reserved,       7.31 MB ( 11%) committed,  1 nodes.
      Class space:        1.00 GB reserved,     704.00 KB ( <1%) committed,  1 nodes.
             Both:        1.06 GB reserved,       8.00 MB ( <1%) committed. 

Chunk freelists:
   Non-Class:  8.48 MB
       Class:  15.19 MB
        Both:  23.67 MB

MaxMetaspaceSize: unlimited
CompressedClassSpaceSize: 1.00 GB
Initial GC threshold: 21.00 MB
Current GC threshold: 21.00 MB
CDS: off
MetaspaceReclaimPolicy: balanced
 - commit_granule_bytes: 65536.
 - commit_granule_words: 8192.
 - virtual_space_node_default_size: 8388608.
 - enlarge_chunks_in_place: 1.
 - new_chunks_are_fully_committed: 0.
 - uncommit_free_chunks: 1.
 - use_allocation_guard: 0.
 - handle_deallocations: 1.


Internal statistics:

num_allocs_failed_limit: 0.
num_arena_births: 12.
num_arena_deaths: 0.
num_vsnodes_births: 2.
num_vsnodes_deaths: 0.
num_space_committed: 128.
num_space_uncommitted: 0.
num_chunks_returned_to_freelist: 0.
num_chunks_taken_from_freelist: 61.
num_chunk_merges: 0.
num_chunk_splits: 35.
num_chunks_enlarged: 27.
num_inconsistent_stats: 0.

CodeHeap 'non-profiled nmethods': size=120000Kb used=150Kb max_used=150Kb free=119849Kb
 bounds [0x000001f88ed90000, 0x000001f88f000000, 0x000001f8962c0000]
CodeHeap 'profiled nmethods': size=120000Kb used=807Kb max_used=807Kb free=119192Kb
 bounds [0x000001f8872c0000, 0x000001f887530000, 0x000001f88e7f0000]
CodeHeap 'non-nmethods': size=5760Kb used=1114Kb max_used=1128Kb free=4645Kb
 bounds [0x000001f88e7f0000, 0x000001f88ea60000, 0x000001f88ed90000]
 total_blobs=880 nmethods=501 adapters=292
 compilation: enabled
              stopped_count=0, restarted_count=0
 full_count=0

Compilation events (20 events):
Event: 0.997 Thread 0x000001f89d3c1b80  496       3       jdk.internal.jimage.ImageLocation::readValue (61 bytes)
Event: 0.998 Thread 0x000001f89d3c1b80 nmethod 496 0x000001f887384a10 code [0x000001f887384be0, 0x000001f887384f98]
Event: 0.998 Thread 0x000001f89d3c1b80  497       3       java.lang.StringUTF16::compress (20 bytes)
Event: 0.998 Thread 0x000001f89d3c1b80 nmethod 497 0x000001f887385110 code [0x000001f8873852c0, 0x000001f887385508]
Event: 1.000 Thread 0x000001f89d23a580 nmethod 491 0x000001f88edb3f90 code [0x000001f88edb4120, 0x000001f88edb45f8]
Event: 1.000 Thread 0x000001f89d23a580  495       4       java.nio.DirectByteBuffer::ix (10 bytes)
Event: 1.000 Thread 0x000001f89d23a580 nmethod 495 0x000001f88edb4890 code [0x000001f88edb4a00, 0x000001f88edb4a78]
Event: 1.000 Thread 0x000001f89d23a580  493       4       java.lang.String::indexOf (29 bytes)
Event: 1.001 Thread 0x000001f89d23a580 nmethod 493 0x000001f88edb4b90 code [0x000001f88edb4d20, 0x000001f88edb4f38]
Event: 1.001 Thread 0x000001f89d23a580  494       4       jdk.internal.misc.Unsafe::putReferenceRelease (9 bytes)
Event: 1.001 Thread 0x000001f89d3c1b80  498       3       java.lang.String::<init> (828 bytes)
Event: 1.002 Thread 0x000001f89d23a580 nmethod 494 0x000001f88edb5090 code [0x000001f88edb5200, 0x000001f88edb5338]
Event: 1.003 Thread 0x000001f89d3c1b80 nmethod 498 0x000001f887385610 code [0x000001f887385b00, 0x000001f8873886d8]
Event: 1.004 Thread 0x000001f89d3c1b80  499       3       java.util.jar.Attributes::getValue (9 bytes)
Event: 1.004 Thread 0x000001f89d3c1b80 nmethod 499 0x000001f887389290 code [0x000001f887389440, 0x000001f887389748]
Event: 1.004 Thread 0x000001f89d3c1b80  500       3       java.util.jar.Attributes::get (11 bytes)
Event: 1.004 Thread 0x000001f89d3c1b80 nmethod 500 0x000001f887389890 code [0x000001f887389a40, 0x000001f887389c08]
Event: 1.006 Thread 0x000001f89d23a580  501       4       java.lang.String::startsWith (7 bytes)
Event: 1.009 Thread 0x000001f89d3c1b80  502       3       java.net.URLStreamHandler::parseURL (1201 bytes)
Event: 1.009 Thread 0x000001f89d23a580 nmethod 501 0x000001f88edb5390 code [0x000001f88edb5520, 0x000001f88edb5758]

GC Heap History (0 events):
No events

Dll operation events (6 events):
Event: 0.017 Loaded shared library C:\Users\M ROKESH KUMAR\.p2\pool\plugins\org.eclipse.justj.openjdk.hotspot.jre.full.win32.x86_64_17.0.7.v20230425-1502\jre\bin\java.dll
Event: 0.666 Loaded shared library C:\Users\M ROKESH KUMAR\.p2\pool\plugins\org.eclipse.justj.openjdk.hotspot.jre.full.win32.x86_64_17.0.7.v20230425-1502\jre\bin\net.dll
Event: 0.672 Loaded shared library C:\Users\M ROKESH KUMAR\.p2\pool\plugins\org.eclipse.justj.openjdk.hotspot.jre.full.win32.x86_64_17.0.7.v20230425-1502\jre\bin\nio.dll
Event: 0.684 Loaded shared library C:\Users\M ROKESH KUMAR\.p2\pool\plugins\org.eclipse.justj.openjdk.hotspot.jre.full.win32.x86_64_17.0.7.v20230425-1502\jre\bin\zip.dll
Event: 0.887 Loaded shared library C:\Users\M ROKESH KUMAR\.p2\pool\plugins\org.eclipse.justj.openjdk.hotspot.jre.full.win32.x86_64_17.0.7.v20230425-1502\jre\bin\jimage.dll
Event: 0.989 Loaded shared library C:\Users\M ROKESH KUMAR\.p2\pool\plugins\org.eclipse.justj.openjdk.hotspot.jre.full.win32.x86_64_17.0.7.v20230425-1502\jre\bin\verify.dll

Deoptimization events (18 events):
Event: 0.598 Thread 0x000001f883c04be0 Uncommon trap: trap_request=0xffffff45 fr.pc=0x000001f88ed915f4 relative=0x0000000000000074
Event: 0.598 Thread 0x000001f883c04be0 Uncommon trap: reason=unstable_if action=reinterpret pc=0x000001f88ed915f4 method=java.lang.String.isLatin1()Z @ 10 c2
Event: 0.598 Thread 0x000001f883c04be0 DEOPT PACKING pc=0x000001f88ed915f4 sp=0x000000197c7fed10
Event: 0.598 Thread 0x000001f883c04be0 DEOPT UNPACKING pc=0x000001f88e84a1a3 sp=0x000000197c7fec50 mode 2
Event: 0.788 Thread 0x000001f883c04be0 DEOPT PACKING pc=0x000001f8872ded67 sp=0x000000197c7fba80
Event: 0.788 Thread 0x000001f883c04be0 DEOPT UNPACKING pc=0x000001f88e84ace3 sp=0x000000197c7faea0 mode 0
Event: 0.832 Thread 0x000001f883c04be0 DEOPT PACKING pc=0x000001f8872c74d1 sp=0x000000197c7fdf00
Event: 0.832 Thread 0x000001f883c04be0 DEOPT UNPACKING pc=0x000001f88e84ace3 sp=0x000000197c7fd378 mode 0
Event: 0.963 Thread 0x000001f883c04be0 Uncommon trap: trap_request=0xffffff45 fr.pc=0x000001f88edac564 relative=0x0000000000000064
Event: 0.963 Thread 0x000001f883c04be0 Uncommon trap: reason=unstable_if action=reinterpret pc=0x000001f88edac564 method=java.io.WinNTFileSystem.isSlash(C)Z @ 9 c2
Event: 0.963 Thread 0x000001f883c04be0 DEOPT PACKING pc=0x000001f88edac564 sp=0x000000197c7fe8c0
Event: 0.963 Thread 0x000001f883c04be0 DEOPT UNPACKING pc=0x000001f88e84a1a3 sp=0x000000197c7fe848 mode 2
Event: 0.990 Thread 0x000001f883c04be0 DEOPT PACKING pc=0x000001f8872eaae5 sp=0x000000197c7f9530
Event: 0.990 Thread 0x000001f883c04be0 DEOPT UNPACKING pc=0x000001f88e84ace3 sp=0x000000197c7f8980 mode 0
Event: 0.998 Thread 0x000001f883c04be0 DEOPT PACKING pc=0x000001f8873505e8 sp=0x000000197c7fce20
Event: 0.998 Thread 0x000001f883c04be0 DEOPT UNPACKING pc=0x000001f88e84ace3 sp=0x000000197c7fc2b0 mode 0
Event: 1.002 Thread 0x000001f883c04be0 DEOPT PACKING pc=0x000001f88735bcac sp=0x000000197c7fac40
Event: 1.002 Thread 0x000001f883c04be0 DEOPT UNPACKING pc=0x000001f88e84ace3 sp=0x000000197c7fa0f0 mode 0

Classes unloaded (0 events):
No events

Classes redefined (0 events):
No events

Internal exceptions (0 events):
No events

VM Operations (4 events):
Event: 0.686 Executing VM operation: HandshakeAllThreads
Event: 0.686 Executing VM operation: HandshakeAllThreads done
Event: 0.963 Executing VM operation: HandshakeAllThreads
Event: 0.963 Executing VM operation: HandshakeAllThreads done

Events (20 events):
Event: 0.989 loading class java/lang/NoSuchFieldError
Event: 0.989 loading class java/lang/NoSuchFieldError done
Event: 0.993 loading class java/util/concurrent/LinkedBlockingQueue
Event: 0.993 loading class java/util/AbstractQueue
Event: 0.993 loading class java/util/AbstractQueue done
Event: 0.993 loading class java/util/concurrent/LinkedBlockingQueue done
Event: 0.993 loading class java/util/concurrent/locks/ReentrantLock$NonfairSync
Event: 0.993 loading class java/util/concurrent/locks/ReentrantLock$Sync
Event: 0.994 loading class java/util/concurrent/locks/AbstractQueuedSynchronizer
Event: 0.995 loading class java/util/concurrent/locks/AbstractQueuedSynchronizer done
Event: 0.995 loading class java/util/concurrent/locks/ReentrantLock$Sync done
Event: 0.995 loading class java/util/concurrent/locks/ReentrantLock$NonfairSync done
Event: 0.995 loading class java/util/concurrent/locks/AbstractQueuedSynchronizer$ConditionObject
Event: 0.995 loading class java/util/concurrent/locks/Condition
Event: 0.995 loading class java/util/concurrent/locks/Condition done
Event: 0.995 loading class java/util/concurrent/locks/AbstractQueuedSynchronizer$ConditionObject done
Event: 0.995 loading class java/util/concurrent/LinkedBlockingQueue$Node
Event: 0.995 loading class java/util/concurrent/LinkedBlockingQueue$Node done
Event: 1.004 loading class java/util/concurrent/locks/ReadWriteLock
Event: 1.004 loading class java/util/concurrent/locks/ReadWriteLock done


Dynamic libraries:
0x00007ff6a4f90000 - 0x00007ff6a4f9e000 	C:\Users\M ROKESH KUMAR\.p2\pool\plugins\org.eclipse.justj.openjdk.hotspot.jre.full.win32.x86_64_17.0.7.v20230425-1502\jre\bin\javaw.exe
0x00007fff86f00000 - 0x00007fff87109000 	C:\Windows\SYSTEM32\ntdll.dll
0x00007fff863a0000 - 0x00007fff8645e000 	C:\Windows\System32\KERNEL32.DLL
0x00007fff843d0000 - 0x00007fff8474b000 	C:\Windows\System32\KERNELBASE.dll
0x00007fff847f0000 - 0x00007fff84901000 	C:\Windows\System32\ucrtbase.dll
0x00007fff7a410000 - 0x00007fff7a427000 	C:\Users\M ROKESH KUMAR\.p2\pool\plugins\org.eclipse.justj.openjdk.hotspot.jre.full.win32.x86_64_17.0.7.v20230425-1502\jre\bin\jli.dll
0x00007fff86af0000 - 0x00007fff86c9d000 	C:\Windows\System32\USER32.dll
0x00007fff84d50000 - 0x00007fff84d76000 	C:\Windows\System32\win32u.dll
0x00007fff85b40000 - 0x00007fff85b69000 	C:\Windows\System32\GDI32.dll
0x00007fff84a50000 - 0x00007fff84b68000 	C:\Windows\System32\gdi32full.dll
0x00007fff84750000 - 0x00007fff847ed000 	C:\Windows\System32\msvcp_win.dll
0x00007fff77930000 - 0x00007fff77949000 	C:\Users\M ROKESH KUMAR\.p2\pool\plugins\org.eclipse.justj.openjdk.hotspot.jre.full.win32.x86_64_17.0.7.v20230425-1502\jre\bin\VCRUNTIME140.dll
0x00007fff69470000 - 0x00007fff69715000 	C:\Windows\WinSxS\amd64_microsoft.windows.common-controls_6595b64144ccf1df_6.0.22000.120_none_9d947278b86cc467\COMCTL32.dll
0x00007fff84fd0000 - 0x00007fff85073000 	C:\Windows\System32\msvcrt.dll
0x00007fff86140000 - 0x00007fff86172000 	C:\Windows\System32\IMM32.DLL
0x00007fff7ffb0000 - 0x00007fff7ffbc000 	C:\Users\M ROKESH KUMAR\.p2\pool\plugins\org.eclipse.justj.openjdk.hotspot.jre.full.win32.x86_64_17.0.7.v20230425-1502\jre\bin\vcruntime140_1.dll
0x00007fff64370000 - 0x00007fff64401000 	C:\Users\M ROKESH KUMAR\.p2\pool\plugins\org.eclipse.justj.openjdk.hotspot.jre.full.win32.x86_64_17.0.7.v20230425-1502\jre\bin\msvcp140.dll
0x00007fff2b120000 - 0x00007fff2bd68000 	C:\Users\M ROKESH KUMAR\.p2\pool\plugins\org.eclipse.justj.openjdk.hotspot.jre.full.win32.x86_64_17.0.7.v20230425-1502\jre\bin\server\jvm.dll
0x00007fff84d80000 - 0x00007fff84e2e000 	C:\Windows\System32\ADVAPI32.dll
0x00007fff85240000 - 0x00007fff852de000 	C:\Windows\System32\sechost.dll
0x00007fff85b70000 - 0x00007fff85c90000 	C:\Windows\System32\RPCRT4.dll
0x00007fff6cdb0000 - 0x00007fff6cdb9000 	C:\Windows\SYSTEM32\WSOCK32.dll
0x00007fff86270000 - 0x00007fff862df000 	C:\Windows\System32\WS2_32.dll
0x00007fff81e50000 - 0x00007fff81e83000 	C:\Windows\SYSTEM32\WINMM.dll
0x00007fff7ba60000 - 0x00007fff7ba6a000 	C:\Windows\SYSTEM32\VERSION.dll
0x00007fff83540000 - 0x00007fff83558000 	C:\Windows\SYSTEM32\kernel.appcore.dll
0x00007fff811a0000 - 0x00007fff811aa000 	C:\Users\M ROKESH KUMAR\.p2\pool\plugins\org.eclipse.justj.openjdk.hotspot.jre.full.win32.x86_64_17.0.7.v20230425-1502\jre\bin\jimage.dll
0x00007fff81bb0000 - 0x00007fff81dd1000 	C:\Windows\SYSTEM32\DBGHELP.DLL
0x00007fff81e10000 - 0x00007fff81e41000 	C:\Windows\SYSTEM32\dbgcore.DLL
0x00007fff84910000 - 0x00007fff8498f000 	C:\Windows\System32\bcryptPrimitives.dll
0x00007fff7be40000 - 0x00007fff7be65000 	C:\Users\M ROKESH KUMAR\.p2\pool\plugins\org.eclipse.justj.openjdk.hotspot.jre.full.win32.x86_64_17.0.7.v20230425-1502\jre\bin\java.dll
0x00007fff7fde0000 - 0x00007fff7fdf8000 	C:\Users\M ROKESH KUMAR\.p2\pool\plugins\org.eclipse.justj.openjdk.hotspot.jre.full.win32.x86_64_17.0.7.v20230425-1502\jre\bin\zip.dll
0x00007fff85360000 - 0x00007fff85b17000 	C:\Windows\System32\SHELL32.dll
0x00007fff824c0000 - 0x00007fff82d25000 	C:\Windows\SYSTEM32\windows.storage.dll
0x00007fff85d20000 - 0x00007fff86098000 	C:\Windows\System32\combase.dll
0x00007fff82350000 - 0x00007fff824b6000 	C:\Windows\SYSTEM32\wintypes.dll
0x00007fff86d60000 - 0x00007fff86e4a000 	C:\Windows\System32\SHCORE.dll
0x00007fff85300000 - 0x00007fff8535d000 	C:\Windows\System32\shlwapi.dll
0x00007fff84300000 - 0x00007fff84321000 	C:\Windows\SYSTEM32\profapi.dll
0x00007fff7f5f0000 - 0x00007fff7f609000 	C:\Users\M ROKESH KUMAR\.p2\pool\plugins\org.eclipse.justj.openjdk.hotspot.jre.full.win32.x86_64_17.0.7.v20230425-1502\jre\bin\net.dll
0x00007fff7cb30000 - 0x00007fff7cc44000 	C:\Windows\SYSTEM32\WINHTTP.dll
0x00007fff839e0000 - 0x00007fff83a47000 	C:\Windows\system32\mswsock.dll
0x00007fff77910000 - 0x00007fff77925000 	C:\Users\M ROKESH KUMAR\.p2\pool\plugins\org.eclipse.justj.openjdk.hotspot.jre.full.win32.x86_64_17.0.7.v20230425-1502\jre\bin\nio.dll
0x00007fff80450000 - 0x00007fff80460000 	C:\Users\M ROKESH KUMAR\.p2\pool\plugins\org.eclipse.justj.openjdk.hotspot.jre.full.win32.x86_64_17.0.7.v20230425-1502\jre\bin\verify.dll

dbghelp: loaded successfully - version: 4.0.5 - missing functions: none
symbol engine: initialized successfully - sym options: 0x614 - pdb path: .;C:\Users\M ROKESH KUMAR\.p2\pool\plugins\org.eclipse.justj.openjdk.hotspot.jre.full.win32.x86_64_17.0.7.v20230425-1502\jre\bin;C:\Windows\SYSTEM32;C:\Windows\WinSxS\amd64_microsoft.windows.common-controls_6595b64144ccf1df_6.0.22000.120_none_9d947278b86cc467;C:\Users\M ROKESH KUMAR\.p2\pool\plugins\org.eclipse.justj.openjdk.hotspot.jre.full.win32.x86_64_17.0.7.v20230425-1502\jre\bin\server

VM Arguments:
jvm_args: -ea -Dfile.encoding=UTF-8 -XX:+ShowCodeDetailsInExceptionMessages 
java_command: org.testng.remote.RemoteTestNG -serport 59163 -protocol json -d C:\eclipse workspace\WebDriver\test-output C:\Users\MROKES~1\AppData\Local\Temp\testng-eclipse--1694063707\testng-customsuite.xml
java_class_path (initial): C:\Users\M ROKESH KUMAR\eclipse\java-2023-06\eclipse\configuration\org.eclipse.osgi\514\0\.cp\lib\testng-remote.jar;C:\eclipse workspace\WebDriver\target\test-classes;C:\eclipse workspace\WebDriver\target\classes;C:\Users\M ROKESH KUMAR\.p2\pool\plugins\org.testng_7.8.0.r202306071539.jar;C:\Users\M ROKESH KUMAR\.p2\pool\plugins\com.beust.jcommander_1.82.0.jar;C:\Users\M ROKESH KUMAR\.p2\pool\plugins\org.apache-extras.beanshell.bsh_2.0.0.b6.jar;C:\Users\M ROKESH KUMAR\.p2\pool\plugins\org.yaml.snakeyaml_1.27.0.v20221112-0806.jar;C:\Users\M ROKESH KUMAR\.p2\pool\plugins\org.webjars.jquery_3.6.1.jar;C:\Users\M ROKESH KUMAR\.m2\repository\junit\junit\4.5\junit-4.5.jar;C:\Users\M ROKESH KUMAR\.m2\repository\org\testng\testng\7.4.0\testng-7.4.0.jar;C:\Users\M ROKESH KUMAR\.m2\repository\com\beust\jcommander\1.78\jcommander-1.78.jar;C:\Users\M ROKESH KUMAR\.m2\repository\org\webjars\jquery\3.5.1\jquery-3.5.1.jar;C:\Users\M ROKESH KUMAR\.m2\repository\org\apache\logging\log4j\log4j-slf4j-impl\2.20.0\log4j-slf4j-impl-2.20.0.jar;C:\Users\M ROKESH KUMAR\.m2\repository\org\apache\logging\log4j\log4j-api\2.20.0\log4j-api-2.20.0.jar;C:\Users\M ROKESH KUMAR\.m2\repository\org\slf4j\slf4j-api\1.7.25\slf4j-api-1.7.25.jar;C:\Users\M ROKESH KUMAR\.m2\repository\org\apache\logging\log4j\log4j-core\2.20.0\log4j-core-2.20.0.jar;C:\Users\M ROKESH KUMAR\.m2\repository\io\github\bonigarcia\webdrivermanager\5.3.1\webdrivermanager-5.3.1.jar;C:\Users\M ROKESH KUMAR\.m2\repository\com\google\code\gson\gson\2.10\gson-2.10.jar;C:\Users\M ROKESH KUMAR\.m2\repository\com\github\docker-java\docker-java\3.2.13\docker-java-3.2.13.jar;C:\Users\M ROKESH KUMAR\.m2\repository\com\github\docker-java\docker-java-core\3.2.13\docker-java-core-3.2.13.jar;C:\Users\M ROKESH KUMAR\.m2\repository\com\github\docker-java\docker-java-api\3.2.13\docker-java-api-3.2.13.jar;C:\Users\M ROKESH KUMAR\.m2\repository\com\fasterxml\jackson\core\jackson-annotations\2.10.3\jackson-annotations-2.10.3
Launcher Type: SUN_STANDARD

[Global flags]
     intx CICompilerCount                          = 3                                         {product} {ergonomic}
     uint ConcGCThreads                            = 1                                         {product} {ergonomic}
     uint G1ConcRefinementThreads                  = 4                                         {product} {ergonomic}
   size_t G1HeapRegionSize                         = 1048576                                   {product} {ergonomic}
    uintx GCDrainStackTargetSize                   = 64                                        {product} {ergonomic}
   size_t InitialHeapSize                          = 132120576                                 {product} {ergonomic}
   size_t MarkStackSize                            = 4194304                                   {product} {ergonomic}
   size_t MaxHeapSize                              = 2095054848                                {product} {ergonomic}
   size_t MaxNewSize                               = 1256194048                                {product} {ergonomic}
   size_t MinHeapDeltaBytes                        = 1048576                                   {product} {ergonomic}
   size_t MinHeapSize                              = 8388608                                   {product} {ergonomic}
    uintx NonNMethodCodeHeapSize                   = 5832780                                {pd product} {ergonomic}
    uintx NonProfiledCodeHeapSize                  = 122912730                              {pd product} {ergonomic}
    uintx ProfiledCodeHeapSize                     = 122912730                              {pd product} {ergonomic}
    uintx ReservedCodeCacheSize                    = 251658240                              {pd product} {ergonomic}
     bool SegmentedCodeCache                       = true                                      {product} {ergonomic}
     bool ShowCodeDetailsInExceptionMessages       = true                                   {manageable} {command line}
   size_t SoftMaxHeapSize                          = 2095054848                             {manageable} {ergonomic}
     bool UseCompressedClassPointers               = true                           {product lp64_product} {ergonomic}
     bool UseCompressedOops                        = true                           {product lp64_product} {ergonomic}
     bool UseG1GC                                  = true                                      {product} {ergonomic}
     bool UseLargePagesIndividualAllocation        = false                                  {pd product} {ergonomic}

Logging:
Log output configuration:
 #0: stdout all=warning uptime,level,tags
 #1: stderr all=off uptime,level,tags

Environment Variables:
JAVA_HOME=C:\Users\HariHara\jdk
PATH=C:/Users/M ROKESH KUMAR/.p2/pool/plugins/org.eclipse.justj.openjdk.hotspot.jre.full.win32.x86_64_17.0.7.v20230425-1502/jre/bin/server;C:/Users/M ROKESH KUMAR/.p2/pool/plugins/org.eclipse.justj.openjdk.hotspot.jre.full.win32.x86_64_17.0.7.v20230425-1502/jre/bin;C:\Program Files\Common Files\Oracle\Java\javapath;C:\sql\Install\app\oracle\product\11.2.0\server\bin;C:\Program Files (x86)\Common Files\Oracle\Java\javapath;C:\Windows\system32;C:\Windows;C:\Windows\System32\Wbem;C:\Windows\System32\WindowsPowerShell\v1.0\;C:\Windows\System32\OpenSSH\;C:\Users\HariHara\jdk\bin;C:\Users\M ROKESH KUMAR\AppData\Local\Microsoft\WindowsApps;;C:\Users\M ROKESH KUMAR\Desktop;
USERNAME=M ROKESH KUMAR
OS=Windows_NT
PROCESSOR_IDENTIFIER=Intel64 Family 6 Model 140 Stepping 1, GenuineIntel
TMP=C:\Users\MROKES~1\AppData\Local\Temp
TEMP=C:\Users\MROKES~1\AppData\Local\Temp



---------------  S Y S T E M  ---------------

OS:
 Windows 11 , 64 bit Build 22000 (10.0.22000.1335)
OS uptime: 50 days 1:56 hours

CPU: total 4 (initial active 4) (2 cores per cpu, 2 threads per core) family 6 model 140 stepping 1 microcode 0x8a, cx8, cmov, fxsr, ht, mmx, 3dnowpref, sse, sse2, sse3, ssse3, sse4.1, sse4.2, popcnt, lzcnt, tsc, tscinvbit, avx, avx2, aes, erms, clmul, bmi1, bmi2, adx, avx512f, avx512dq, avx512cd, avx512bw, avx512vl, sha, fma, vzeroupper, avx512_vpopcntdq, avx512_vpclmulqdq, avx512_vaes, avx512_vnni, clflush, clflushopt, clwb, avx512_vbmi2, avx512_vbmi

Memory: 4k page, system-wide physical 7991M (55M free)
TotalPageFile size 32567M (AvailPageFile size 2M)
current process WorkingSet (physical memory assigned to process): 50M, peak: 50M
current process commit charge ("private bytes"): 203M, peak: 203M

vm_info: OpenJDK 64-Bit Server VM (17.0.7+7) for windows-amd64 JRE (17.0.7+7), built on Apr 18 2023 22:10:42 by "temurin" with MS VC++ 16.7 (VS2019)

END.
