#
# There is insufficient memory for the Java Runtime Environment to continue.
# Native memory allocation (mmap) failed to map 132120576 bytes for G1 virtual space
# Possible reasons:
#   The system is out of physical RAM or swap space
#   The process is running with CompressedOops enabled, and the Java Heap may be blocking the growth of the native heap
# Possible solutions:
#   Reduce memory load on the system
#   Increase physical memory or swap space
#   Check if swap backing store is full
#   Decrease Java heap size (-Xmx/-Xms)
#   Decrease number of Java threads
#   Decrease Java thread stack sizes (-Xss)
#   Set larger code cache with -XX:ReservedCodeCacheSize=
#   JVM is running with Unscaled Compressed Oops mode in which the Java heap is
#     placed in the first 4GB address space. The Java Heap base address is the
#     maximum limit for the native heap growth. Please use -XX:HeapBaseMinAddress
#     to set the Java Heap base and to place the Java Heap above 4GB virtual address.
# This output file may be truncated or incomplete.
#
#  Out of Memory Error (os_windows.cpp:3559), pid=185196, tid=6444
#
# JRE version:  (17.0.7+7) (build )
# Java VM: OpenJDK 64-Bit Server VM (17.0.7+7, mixed mode, sharing, tiered, compressed oops, compressed class ptrs, g1 gc, windows-amd64)
# No core dump will be written. Minidumps are not enabled by default on client versions of Windows
#

---------------  S U M M A R Y ------------

Command Line: -ea -Dfile.encoding=UTF-8 -XX:+ShowCodeDetailsInExceptionMessages org.testng.remote.RemoteTestNG -serport 52418 -protocol json -d C:\eclipse workspace\WebDriver\test-output C:\Users\MROKES~1\AppData\Local\Temp\testng-eclipse-1801170445\testng-customsuite.xml

Host: 11th Gen Intel(R) Core(TM) i3-1115G4 @ 3.00GHz, 4 cores, 7G,  Windows 11 , 64 bit Build 22000 (10.0.22000.1335)
Time: Thu Jul  6 16:12:35 2023 India Standard Time elapsed time: 0.009421 seconds (0d 0h 0m 0s)

---------------  T H R E A D  ---------------

Current thread (0x000002263dc76a40):  JavaThread "Unknown thread" [_thread_in_vm, id=6444, stack(0x0000009577f00000,0x0000009578000000)]

Stack: [0x0000009577f00000,0x0000009578000000]
Native frames: (J=compiled Java code, j=interpreted, Vv=VM code, C=native code)
V  [jvm.dll+0x67754a]
V  [jvm.dll+0x834304]
V  [jvm.dll+0x835aae]
V  [jvm.dll+0x836113]
V  [jvm.dll+0x24696f]
V  [jvm.dll+0x6743f9]
V  [jvm.dll+0x668c8a]
V  [jvm.dll+0x3061bb]
V  [jvm.dll+0x30d6a6]
V  [jvm.dll+0x35cece]
V  [jvm.dll+0x35d0ff]
V  [jvm.dll+0x2dd048]
V  [jvm.dll+0x2ddfb4]
V  [jvm.dll+0x8066d1]
V  [jvm.dll+0x36ac91]
V  [jvm.dll+0x7e5cec]
V  [jvm.dll+0x3ed56f]
V  [jvm.dll+0x3ef0a1]
C  [jli.dll+0x528b]
C  [ucrtbase.dll+0x26c0c]
C  [KERNEL32.DLL+0x155a0]
C  [ntdll.dll+0x485b]


---------------  P R O C E S S  ---------------

Threads class SMR info:
_java_thread_list=0x00007fff28577018, length=0, elements={
}

Java Threads: ( => current thread )

Other Threads:
  0x000002263dcd0cb0 GCTaskThread "GC Thread#0" [stack: 0x0000009578000000,0x0000009578100000] [id=180520]
  0x000002263dce1eb0 ConcurrentGCThread "G1 Main Marker" [stack: 0x0000009578100000,0x0000009578200000] [id=149128]
  0x000002263dce38d0 ConcurrentGCThread "G1 Conc#0" [stack: 0x0000009578200000,0x0000009578300000] [id=193088]

[error occurred during error reporting (printing all threads), id 0xc0000005, EXCEPTION_ACCESS_VIOLATION (0xc0000005) at pc=0x00007fff27d4daf7]

VM state: not at safepoint (not fully initialized)

VM Mutex/Monitor currently owned by a thread:  ([mutex/lock_event])
[0x000002263dc76640] Heap_lock - owner thread: 0x000002263dc76a40

Heap address: 0x0000000083200000, size: 1998 MB, Compressed Oops mode: 32-bit

CDS archive(s) mapped at: [0x0000000000000000-0x0000000000000000-0x0000000000000000), size 0, SharedBaseAddress: 0x0000000800000000, ArchiveRelocationMode: 0.
Narrow klass base: 0x0000000000000000, Narrow klass shift: 0, Narrow klass range: 0x0

GC Precious Log:
<Empty>

Heap:
 garbage-first heap   total 0K, used 0K [0x0000000083200000, 0x0000000100000000)
  region size 1024K, 0 young (0K), 0 survivors (0K)

[error occurred during error reporting (printing heap information), id 0xc0000005, EXCEPTION_ACCESS_VIOLATION (0xc0000005) at pc=0x00007fff28130db9]

GC Heap History (0 events):
No events

Dll operation events (1 events):
Event: 0.005 Loaded shared library C:\Users\M ROKESH KUMAR\.p2\pool\plugins\org.eclipse.justj.openjdk.hotspot.jre.full.win32.x86_64_17.0.7.v20230425-1502\jre\bin\java.dll

Deoptimization events (0 events):
No events

Classes unloaded (0 events):
No events

Classes redefined (0 events):
No events

Internal exceptions (0 events):
No events

VM Operations (0 events):
No events

Events (0 events):
No events


Dynamic libraries:
0x00007ff7809b0000 - 0x00007ff7809be000 	C:\Users\M ROKESH KUMAR\.p2\pool\plugins\org.eclipse.justj.openjdk.hotspot.jre.full.win32.x86_64_17.0.7.v20230425-1502\jre\bin\javaw.exe
0x00007fff86f00000 - 0x00007fff87109000 	C:\Windows\SYSTEM32\ntdll.dll
0x00007fff863a0000 - 0x00007fff8645e000 	C:\Windows\System32\KERNEL32.DLL
0x00007fff843d0000 - 0x00007fff8474b000 	C:\Windows\System32\KERNELBASE.dll
0x00007fff847f0000 - 0x00007fff84901000 	C:\Windows\System32\ucrtbase.dll
0x00007fff800e0000 - 0x00007fff800f9000 	C:\Users\M ROKESH KUMAR\.p2\pool\plugins\org.eclipse.justj.openjdk.hotspot.jre.full.win32.x86_64_17.0.7.v20230425-1502\jre\bin\VCRUNTIME140.dll
0x00007fff800c0000 - 0x00007fff800d7000 	C:\Users\M ROKESH KUMAR\.p2\pool\plugins\org.eclipse.justj.openjdk.hotspot.jre.full.win32.x86_64_17.0.7.v20230425-1502\jre\bin\jli.dll
0x00007fff86af0000 - 0x00007fff86c9d000 	C:\Windows\System32\USER32.dll
0x00007fff84d50000 - 0x00007fff84d76000 	C:\Windows\System32\win32u.dll
0x00007fff69470000 - 0x00007fff69715000 	C:\Windows\WinSxS\amd64_microsoft.windows.common-controls_6595b64144ccf1df_6.0.22000.120_none_9d947278b86cc467\COMCTL32.dll
0x00007fff85b40000 - 0x00007fff85b69000 	C:\Windows\System32\GDI32.dll
0x00007fff84fd0000 - 0x00007fff85073000 	C:\Windows\System32\msvcrt.dll
0x00007fff84a50000 - 0x00007fff84b68000 	C:\Windows\System32\gdi32full.dll
0x00007fff84750000 - 0x00007fff847ed000 	C:\Windows\System32\msvcp_win.dll
0x00007fff86140000 - 0x00007fff86172000 	C:\Windows\System32\IMM32.DLL
0x00007fff811a0000 - 0x00007fff811ac000 	C:\Users\M ROKESH KUMAR\.p2\pool\plugins\org.eclipse.justj.openjdk.hotspot.jre.full.win32.x86_64_17.0.7.v20230425-1502\jre\bin\vcruntime140_1.dll
0x00007fff64a20000 - 0x00007fff64ab1000 	C:\Users\M ROKESH KUMAR\.p2\pool\plugins\org.eclipse.justj.openjdk.hotspot.jre.full.win32.x86_64_17.0.7.v20230425-1502\jre\bin\msvcp140.dll
0x00007fff27a60000 - 0x00007fff286a8000 	C:\Users\M ROKESH KUMAR\.p2\pool\plugins\org.eclipse.justj.openjdk.hotspot.jre.full.win32.x86_64_17.0.7.v20230425-1502\jre\bin\server\jvm.dll
0x00007fff84d80000 - 0x00007fff84e2e000 	C:\Windows\System32\ADVAPI32.dll
0x00007fff85240000 - 0x00007fff852de000 	C:\Windows\System32\sechost.dll
0x00007fff85b70000 - 0x00007fff85c90000 	C:\Windows\System32\RPCRT4.dll
0x00007fff6cdb0000 - 0x00007fff6cdb9000 	C:\Windows\SYSTEM32\WSOCK32.dll
0x00007fff7ba60000 - 0x00007fff7ba6a000 	C:\Windows\SYSTEM32\VERSION.dll
0x00007fff81e50000 - 0x00007fff81e83000 	C:\Windows\SYSTEM32\WINMM.dll
0x00007fff86270000 - 0x00007fff862df000 	C:\Windows\System32\WS2_32.dll
0x00007fff83540000 - 0x00007fff83558000 	C:\Windows\SYSTEM32\kernel.appcore.dll
0x00007fff7ffb0000 - 0x00007fff7ffba000 	C:\Users\M ROKESH KUMAR\.p2\pool\plugins\org.eclipse.justj.openjdk.hotspot.jre.full.win32.x86_64_17.0.7.v20230425-1502\jre\bin\jimage.dll
0x00007fff81bb0000 - 0x00007fff81dd1000 	C:\Windows\SYSTEM32\DBGHELP.DLL
0x00007fff81e10000 - 0x00007fff81e41000 	C:\Windows\SYSTEM32\dbgcore.DLL
0x00007fff84910000 - 0x00007fff8498f000 	C:\Windows\System32\bcryptPrimitives.dll
0x00007fff7be40000 - 0x00007fff7be65000 	C:\Users\M ROKESH KUMAR\.p2\pool\plugins\org.eclipse.justj.openjdk.hotspot.jre.full.win32.x86_64_17.0.7.v20230425-1502\jre\bin\java.dll

dbghelp: loaded successfully - version: 4.0.5 - missing functions: none
symbol engine: initialized successfully - sym options: 0x614 - pdb path: .;C:\Users\M ROKESH KUMAR\.p2\pool\plugins\org.eclipse.justj.openjdk.hotspot.jre.full.win32.x86_64_17.0.7.v20230425-1502\jre\bin;C:\Windows\SYSTEM32;C:\Windows\WinSxS\amd64_microsoft.windows.common-controls_6595b64144ccf1df_6.0.22000.120_none_9d947278b86cc467;C:\Users\M ROKESH KUMAR\.p2\pool\plugins\org.eclipse.justj.openjdk.hotspot.jre.full.win32.x86_64_17.0.7.v20230425-1502\jre\bin\server

VM Arguments:
jvm_args: -ea -Dfile.encoding=UTF-8 -XX:+ShowCodeDetailsInExceptionMessages 
java_command: org.testng.remote.RemoteTestNG -serport 52418 -protocol json -d C:\eclipse workspace\WebDriver\test-output C:\Users\MROKES~1\AppData\Local\Temp\testng-eclipse-1801170445\testng-customsuite.xml
java_class_path (initial): C:\Users\M ROKESH KUMAR\eclipse\java-2023-06\eclipse\configuration\org.eclipse.osgi\514\0\.cp\lib\testng-remote.jar;C:\eclipse workspace\WebDriver\target\test-classes;C:\eclipse workspace\WebDriver\target\classes;C:\Users\M ROKESH KUMAR\.p2\pool\plugins\org.testng_7.8.0.r202306071539.jar;C:\Users\M ROKESH KUMAR\.p2\pool\plugins\com.beust.jcommander_1.82.0.jar;C:\Users\M ROKESH KUMAR\.p2\pool\plugins\org.apache-extras.beanshell.bsh_2.0.0.b6.jar;C:\Users\M ROKESH KUMAR\.p2\pool\plugins\org.yaml.snakeyaml_1.27.0.v20221112-0806.jar;C:\Users\M ROKESH KUMAR\.p2\pool\plugins\org.webjars.jquery_3.6.1.jar;C:\Users\M ROKESH KUMAR\.m2\repository\junit\junit\4.5\junit-4.5.jar;C:\Users\M ROKESH KUMAR\.m2\repository\org\testng\testng\7.4.0\testng-7.4.0.jar;C:\Users\M ROKESH KUMAR\.m2\repository\com\beust\jcommander\1.78\jcommander-1.78.jar;C:\Users\M ROKESH KUMAR\.m2\repository\org\webjars\jquery\3.5.1\jquery-3.5.1.jar;C:\Users\M ROKESH KUMAR\.m2\repository\org\apache\logging\log4j\log4j-slf4j-impl\2.20.0\log4j-slf4j-impl-2.20.0.jar;C:\Users\M ROKESH KUMAR\.m2\repository\org\apache\logging\log4j\log4j-api\2.20.0\log4j-api-2.20.0.jar;C:\Users\M ROKESH KUMAR\.m2\repository\org\slf4j\slf4j-api\1.7.25\slf4j-api-1.7.25.jar;C:\Users\M ROKESH KUMAR\.m2\repository\org\apache\logging\log4j\log4j-core\2.20.0\log4j-core-2.20.0.jar;C:\Users\M ROKESH KUMAR\.m2\repository\io\github\bonigarcia\webdrivermanager\5.3.1\webdrivermanager-5.3.1.jar;C:\Users\M ROKESH KUMAR\.m2\repository\com\google\code\gson\gson\2.10\gson-2.10.jar;C:\Users\M ROKESH KUMAR\.m2\repository\com\github\docker-java\docker-java\3.2.13\docker-java-3.2.13.jar;C:\Users\M ROKESH KUMAR\.m2\repository\com\github\docker-java\docker-java-core\3.2.13\docker-java-core-3.2.13.jar;C:\Users\M ROKESH KUMAR\.m2\repository\com\github\docker-java\docker-java-api\3.2.13\docker-java-api-3.2.13.jar;C:\Users\M ROKESH KUMAR\.m2\repository\com\fasterxml\jackson\core\jackson-annotations\2.10.3\jackson-annotations-2.10.3
Launcher Type: SUN_STANDARD

[Global flags]
     intx CICompilerCount                          = 3                                         {product} {ergonomic}
     uint ConcGCThreads                            = 1                                         {product} {ergonomic}
     uint G1ConcRefinementThreads                  = 4                                         {product} {ergonomic}
   size_t G1HeapRegionSize                         = 1048576                                   {product} {ergonomic}
    uintx GCDrainStackTargetSize                   = 64                                        {product} {ergonomic}
   size_t InitialHeapSize                          = 132120576                                 {product} {ergonomic}
   size_t MarkStackSize                            = 4194304                                   {product} {ergonomic}
   size_t MaxHeapSize                              = 2095054848                                {product} {ergonomic}
   size_t MinHeapDeltaBytes                        = 1048576                                   {product} {ergonomic}
   size_t MinHeapSize                              = 8388608                                   {product} {ergonomic}
    uintx NonNMethodCodeHeapSize                   = 5832780                                {pd product} {ergonomic}
    uintx NonProfiledCodeHeapSize                  = 122912730                              {pd product} {ergonomic}
    uintx ProfiledCodeHeapSize                     = 122912730                              {pd product} {ergonomic}
    uintx ReservedCodeCacheSize                    = 251658240                              {pd product} {ergonomic}
     bool SegmentedCodeCache                       = true                                      {product} {ergonomic}
     bool ShowCodeDetailsInExceptionMessages       = true                                   {manageable} {command line}
   size_t SoftMaxHeapSize                          = 2095054848                             {manageable} {ergonomic}
     bool UseCompressedClassPointers               = true                           {product lp64_product} {ergonomic}
     bool UseCompressedOops                        = true                           {product lp64_product} {ergonomic}
     bool UseG1GC                                  = true                                      {product} {ergonomic}
     bool UseLargePagesIndividualAllocation        = false                                  {pd product} {ergonomic}

Logging:
Log output configuration:
 #0: stdout all=warning uptime,level,tags
 #1: stderr all=off uptime,level,tags

Environment Variables:
JAVA_HOME=C:\Users\HariHara\jdk
PATH=C:/Users/M ROKESH KUMAR/.p2/pool/plugins/org.eclipse.justj.openjdk.hotspot.jre.full.win32.x86_64_17.0.7.v20230425-1502/jre/bin/server;C:/Users/M ROKESH KUMAR/.p2/pool/plugins/org.eclipse.justj.openjdk.hotspot.jre.full.win32.x86_64_17.0.7.v20230425-1502/jre/bin;C:\Program Files\Common Files\Oracle\Java\javapath;C:\sql\Install\app\oracle\product\11.2.0\server\bin;C:\Program Files (x86)\Common Files\Oracle\Java\javapath;C:\Windows\system32;C:\Windows;C:\Windows\System32\Wbem;C:\Windows\System32\WindowsPowerShell\v1.0\;C:\Windows\System32\OpenSSH\;C:\Users\HariHara\jdk\bin;C:\Users\M ROKESH KUMAR\AppData\Local\Microsoft\WindowsApps;;C:\Users\M ROKESH KUMAR\Desktop;
USERNAME=M ROKESH KUMAR
OS=Windows_NT
PROCESSOR_IDENTIFIER=Intel64 Family 6 Model 140 Stepping 1, GenuineIntel
TMP=C:\Users\MROKES~1\AppData\Local\Temp
TEMP=C:\Users\MROKES~1\AppData\Local\Temp



---------------  S Y S T E M  ---------------

OS:
 Windows 11 , 64 bit Build 22000 (10.0.22000.1335)
OS uptime: 50 days 1:04 hours

CPU: total 4 (initial active 4) (2 cores per cpu, 2 threads per core) family 6 model 140 stepping 1 microcode 0x8a, cx8, cmov, fxsr, ht, mmx, 3dnowpref, sse, sse2, sse3, ssse3, sse4.1, sse4.2, popcnt, lzcnt, tsc, tscinvbit, avx, avx2, aes, erms, clmul, bmi1, bmi2, adx, avx512f, avx512dq, avx512cd, avx512bw, avx512vl, sha, fma, vzeroupper, avx512_vpopcntdq, avx512_vpclmulqdq, avx512_vaes, avx512_vnni, clflush, clflushopt, clwb, avx512_vbmi2, avx512_vbmi

Memory: 4k page, system-wide physical 7991M (139M free)
TotalPageFile size 32567M (AvailPageFile size 120M)
current process WorkingSet (physical memory assigned to process): 10M, peak: 10M
current process commit charge ("private bytes"): 51M, peak: 177M

vm_info: OpenJDK 64-Bit Server VM (17.0.7+7) for windows-amd64 JRE (17.0.7+7), built on Apr 18 2023 22:10:42 by "temurin" with MS VC++ 16.7 (VS2019)

END.
